<?xml version="1.0" encoding="UTF-8"?>
<testsuites>
  <testsuite name="/home/vitex/Projects/Multi/php-vitexsoftware-multiflexi-core/phpunit.xml" tests="334" assertions="157" errors="226" failures="36" skipped="19" time="1.641613">
    <testsuite name="default" tests="334" assertions="157" errors="226" failures="36" skipped="19" time="1.641613">
      <testsuite name="Test\MultiFlexi\ActionConfigTest" file="/home/vitex/Projects/Multi/php-vitexsoftware-multiflexi-core/tests/src/MultiFlexi/ActionConfigTest.php" tests="5" assertions="0" errors="5" failures="0" skipped="0" time="0.000000">
        <testcase name="testgetRuntemplateConfig" file="/home/vitex/Projects/Multi/php-vitexsoftware-multiflexi-core/tests/src/MultiFlexi/ActionConfigTest.php" line="127" class="Test\MultiFlexi\ActionConfigTest" classname="Test.MultiFlexi.ActionConfigTest" assertions="0" time="0.000000">
          <error type="PDOException">Test\MultiFlexi\ActionConfigTest::testgetRuntemplateConfig
PDOException: SQLSTATE[HY000] [1698] Access denied for user 'root'@'localhost'

/home/vitex/Projects/Multi/php-vitexsoftware-multiflexi-core/tests/src/MultiFlexi/ActionConfigTest.php:35</error>
        </testcase>
        <testcase name="testsaveModeConfigs" file="/home/vitex/Projects/Multi/php-vitexsoftware-multiflexi-core/tests/src/MultiFlexi/ActionConfigTest.php" line="51" class="Test\MultiFlexi\ActionConfigTest" classname="Test.MultiFlexi.ActionConfigTest" assertions="0" time="0.000000">
          <error type="PDOException">Test\MultiFlexi\ActionConfigTest::testsaveModeConfigs
PDOException: SQLSTATE[HY000] [1698] Access denied for user 'root'@'localhost'

/home/vitex/Projects/Multi/php-vitexsoftware-multiflexi-core/tests/src/MultiFlexi/ActionConfigTest.php:35</error>
        </testcase>
        <testcase name="testsaveActionFields" file="/home/vitex/Projects/Multi/php-vitexsoftware-multiflexi-core/tests/src/MultiFlexi/ActionConfigTest.php" line="74" class="Test\MultiFlexi\ActionConfigTest" classname="Test.MultiFlexi.ActionConfigTest" assertions="0" time="0.000000">
          <error type="PDOException">Test\MultiFlexi\ActionConfigTest::testsaveActionFields
PDOException: SQLSTATE[HY000] [1698] Access denied for user 'root'@'localhost'

/home/vitex/Projects/Multi/php-vitexsoftware-multiflexi-core/tests/src/MultiFlexi/ActionConfigTest.php:35</error>
        </testcase>
        <testcase name="testsaveActionConfig" file="/home/vitex/Projects/Multi/php-vitexsoftware-multiflexi-core/tests/src/MultiFlexi/ActionConfigTest.php" line="93" class="Test\MultiFlexi\ActionConfigTest" classname="Test.MultiFlexi.ActionConfigTest" assertions="0" time="0.000000">
          <error type="PDOException">Test\MultiFlexi\ActionConfigTest::testsaveActionConfig
PDOException: SQLSTATE[HY000] [1698] Access denied for user 'root'@'localhost'

/home/vitex/Projects/Multi/php-vitexsoftware-multiflexi-core/tests/src/MultiFlexi/ActionConfigTest.php:35</error>
        </testcase>
        <testcase name="testgetModuleConfig" file="/home/vitex/Projects/Multi/php-vitexsoftware-multiflexi-core/tests/src/MultiFlexi/ActionConfigTest.php" line="110" class="Test\MultiFlexi\ActionConfigTest" classname="Test.MultiFlexi.ActionConfigTest" assertions="0" time="0.000000">
          <error type="PDOException">Test\MultiFlexi\ActionConfigTest::testgetModuleConfig
PDOException: SQLSTATE[HY000] [1698] Access denied for user 'root'@'localhost'

/home/vitex/Projects/Multi/php-vitexsoftware-multiflexi-core/tests/src/MultiFlexi/ActionConfigTest.php:35</error>
        </testcase>
      </testsuite>
      <testsuite name="Test\MultiFlexi\ArtifactTest" file="/home/vitex/Projects/Multi/php-vitexsoftware-multiflexi-core/tests/src/MultiFlexi/ArtifactTest.php" tests="4" assertions="0" errors="4" failures="0" skipped="0" time="0.026536">
        <testcase name="testgetArtifactById" file="/home/vitex/Projects/Multi/php-vitexsoftware-multiflexi-core/tests/src/MultiFlexi/ArtifactTest.php" line="50" class="Test\MultiFlexi\ArtifactTest" classname="Test.MultiFlexi.ArtifactTest" assertions="0" time="0.008721">
          <error type="TypeError">Test\MultiFlexi\ArtifactTest::testgetArtifactById
TypeError: MultiFlexi\Artifact::createArtifact(): Argument #1 ($jobId) must be of type int, array given, called in /home/vitex/Projects/Multi/php-vitexsoftware-multiflexi-core/tests/src/MultiFlexi/ArtifactTest.php on line 53

/home/vitex/Projects/Multi/php-vitexsoftware-multiflexi-core/src/MultiFlexi/Artifact.php:49
/home/vitex/Projects/Multi/php-vitexsoftware-multiflexi-core/tests/src/MultiFlexi/ArtifactTest.php:53</error>
        </testcase>
        <testcase name="testupdateArtifact" file="/home/vitex/Projects/Multi/php-vitexsoftware-multiflexi-core/tests/src/MultiFlexi/ArtifactTest.php" line="66" class="Test\MultiFlexi\ArtifactTest" classname="Test.MultiFlexi.ArtifactTest" assertions="0" time="0.005928">
          <error type="TypeError">Test\MultiFlexi\ArtifactTest::testupdateArtifact
TypeError: MultiFlexi\Artifact::createArtifact(): Argument #1 ($jobId) must be of type int, array given, called in /home/vitex/Projects/Multi/php-vitexsoftware-multiflexi-core/tests/src/MultiFlexi/ArtifactTest.php on line 69

/home/vitex/Projects/Multi/php-vitexsoftware-multiflexi-core/src/MultiFlexi/Artifact.php:49
/home/vitex/Projects/Multi/php-vitexsoftware-multiflexi-core/tests/src/MultiFlexi/ArtifactTest.php:69</error>
        </testcase>
        <testcase name="testdeleteArtifact" file="/home/vitex/Projects/Multi/php-vitexsoftware-multiflexi-core/tests/src/MultiFlexi/ArtifactTest.php" line="84" class="Test\MultiFlexi\ArtifactTest" classname="Test.MultiFlexi.ArtifactTest" assertions="0" time="0.005320">
          <error type="TypeError">Test\MultiFlexi\ArtifactTest::testdeleteArtifact
TypeError: MultiFlexi\Artifact::createArtifact(): Argument #1 ($jobId) must be of type int, array given, called in /home/vitex/Projects/Multi/php-vitexsoftware-multiflexi-core/tests/src/MultiFlexi/ArtifactTest.php on line 87

/home/vitex/Projects/Multi/php-vitexsoftware-multiflexi-core/src/MultiFlexi/Artifact.php:49
/home/vitex/Projects/Multi/php-vitexsoftware-multiflexi-core/tests/src/MultiFlexi/ArtifactTest.php:87</error>
        </testcase>
        <testcase name="testcreateArtifact" file="/home/vitex/Projects/Multi/php-vitexsoftware-multiflexi-core/tests/src/MultiFlexi/ArtifactTest.php" line="38" class="Test\MultiFlexi\ArtifactTest" classname="Test.MultiFlexi.ArtifactTest" assertions="0" time="0.006568">
          <error type="TypeError">Test\MultiFlexi\ArtifactTest::testcreateArtifact
TypeError: MultiFlexi\Artifact::createArtifact(): Argument #1 ($jobId) must be of type int, array given, called in /home/vitex/Projects/Multi/php-vitexsoftware-multiflexi-core/tests/src/MultiFlexi/ArtifactTest.php on line 41

/home/vitex/Projects/Multi/php-vitexsoftware-multiflexi-core/src/MultiFlexi/Artifact.php:49
/home/vitex/Projects/Multi/php-vitexsoftware-multiflexi-core/tests/src/MultiFlexi/ArtifactTest.php:41</error>
        </testcase>
      </testsuite>
      <testsuite name="Test\MultiFlexi\CommonActionTest" file="/home/vitex/Projects/Multi/php-vitexsoftware-multiflexi-core/tests/src/MultiFlexi/CommonActionTest.php" tests="13" assertions="0" errors="13" failures="0" skipped="0" time="0.000000">
        <testcase name="testloadOptions" file="/home/vitex/Projects/Multi/php-vitexsoftware-multiflexi-core/tests/src/MultiFlexi/CommonActionTest.php" line="49" class="Test\MultiFlexi\CommonActionTest" classname="Test.MultiFlexi.CommonActionTest" assertions="0" time="0.000000">
          <error type="Error">Test\MultiFlexi\CommonActionTest::testloadOptions
Error: Cannot instantiate abstract class MultiFlexi\CommonAction

/home/vitex/Projects/Multi/php-vitexsoftware-multiflexi-core/tests/src/MultiFlexi/CommonActionTest.php:33</error>
        </testcase>
        <testcase name="testaddOutput" file="/home/vitex/Projects/Multi/php-vitexsoftware-multiflexi-core/tests/src/MultiFlexi/CommonActionTest.php" line="61" class="Test\MultiFlexi\CommonActionTest" classname="Test.MultiFlexi.CommonActionTest" assertions="0" time="0.000000">
          <error type="Error">Test\MultiFlexi\CommonActionTest::testaddOutput
Error: Cannot instantiate abstract class MultiFlexi\CommonAction

/home/vitex/Projects/Multi/php-vitexsoftware-multiflexi-core/tests/src/MultiFlexi/CommonActionTest.php:33</error>
        </testcase>
        <testcase name="testgetOutputCachePlaintext" file="/home/vitex/Projects/Multi/php-vitexsoftware-multiflexi-core/tests/src/MultiFlexi/CommonActionTest.php" line="73" class="Test\MultiFlexi\CommonActionTest" classname="Test.MultiFlexi.CommonActionTest" assertions="0" time="0.000000">
          <error type="Error">Test\MultiFlexi\CommonActionTest::testgetOutputCachePlaintext
Error: Cannot instantiate abstract class MultiFlexi\CommonAction

/home/vitex/Projects/Multi/php-vitexsoftware-multiflexi-core/tests/src/MultiFlexi/CommonActionTest.php:33</error>
        </testcase>
        <testcase name="testinputs" file="/home/vitex/Projects/Multi/php-vitexsoftware-multiflexi-core/tests/src/MultiFlexi/CommonActionTest.php" line="85" class="Test\MultiFlexi\CommonActionTest" classname="Test.MultiFlexi.CommonActionTest" assertions="0" time="0.000000">
          <error type="Error">Test\MultiFlexi\CommonActionTest::testinputs
Error: Cannot instantiate abstract class MultiFlexi\CommonAction

/home/vitex/Projects/Multi/php-vitexsoftware-multiflexi-core/tests/src/MultiFlexi/CommonActionTest.php:33</error>
        </testcase>
        <testcase name="testconfigForm" file="/home/vitex/Projects/Multi/php-vitexsoftware-multiflexi-core/tests/src/MultiFlexi/CommonActionTest.php" line="97" class="Test\MultiFlexi\CommonActionTest" classname="Test.MultiFlexi.CommonActionTest" assertions="0" time="0.000000">
          <error type="Error">Test\MultiFlexi\CommonActionTest::testconfigForm
Error: Cannot instantiate abstract class MultiFlexi\CommonAction

/home/vitex/Projects/Multi/php-vitexsoftware-multiflexi-core/tests/src/MultiFlexi/CommonActionTest.php:33</error>
        </testcase>
        <testcase name="testperform" file="/home/vitex/Projects/Multi/php-vitexsoftware-multiflexi-core/tests/src/MultiFlexi/CommonActionTest.php" line="109" class="Test\MultiFlexi\CommonActionTest" classname="Test.MultiFlexi.CommonActionTest" assertions="0" time="0.000000">
          <error type="Error">Test\MultiFlexi\CommonActionTest::testperform
Error: Cannot instantiate abstract class MultiFlexi\CommonAction

/home/vitex/Projects/Multi/php-vitexsoftware-multiflexi-core/tests/src/MultiFlexi/CommonActionTest.php:33</error>
        </testcase>
        <testcase name="testusableForApp" file="/home/vitex/Projects/Multi/php-vitexsoftware-multiflexi-core/tests/src/MultiFlexi/CommonActionTest.php" line="121" class="Test\MultiFlexi\CommonActionTest" classname="Test.MultiFlexi.CommonActionTest" assertions="0" time="0.000000">
          <error type="Error">Test\MultiFlexi\CommonActionTest::testusableForApp
Error: Cannot instantiate abstract class MultiFlexi\CommonAction

/home/vitex/Projects/Multi/php-vitexsoftware-multiflexi-core/tests/src/MultiFlexi/CommonActionTest.php:33</error>
        </testcase>
        <testcase name="testinitialData" file="/home/vitex/Projects/Multi/php-vitexsoftware-multiflexi-core/tests/src/MultiFlexi/CommonActionTest.php" line="133" class="Test\MultiFlexi\CommonActionTest" classname="Test.MultiFlexi.CommonActionTest" assertions="0" time="0.000000">
          <error type="Error">Test\MultiFlexi\CommonActionTest::testinitialData
Error: Cannot instantiate abstract class MultiFlexi\CommonAction

/home/vitex/Projects/Multi/php-vitexsoftware-multiflexi-core/tests/src/MultiFlexi/CommonActionTest.php:33</error>
        </testcase>
        <testcase name="testaddStatusMessage" file="/home/vitex/Projects/Multi/php-vitexsoftware-multiflexi-core/tests/src/MultiFlexi/CommonActionTest.php" line="145" class="Test\MultiFlexi\CommonActionTest" classname="Test.MultiFlexi.CommonActionTest" assertions="0" time="0.000000">
          <error type="Error">Test\MultiFlexi\CommonActionTest::testaddStatusMessage
Error: Cannot instantiate abstract class MultiFlexi\CommonAction

/home/vitex/Projects/Multi/php-vitexsoftware-multiflexi-core/tests/src/MultiFlexi/CommonActionTest.php:33</error>
        </testcase>
        <testcase name="testgetStatusMessages" file="/home/vitex/Projects/Multi/php-vitexsoftware-multiflexi-core/tests/src/MultiFlexi/CommonActionTest.php" line="157" class="Test\MultiFlexi\CommonActionTest" classname="Test.MultiFlexi.CommonActionTest" assertions="0" time="0.000000">
          <error type="Error">Test\MultiFlexi\CommonActionTest::testgetStatusMessages
Error: Cannot instantiate abstract class MultiFlexi\CommonAction

/home/vitex/Projects/Multi/php-vitexsoftware-multiflexi-core/tests/src/MultiFlexi/CommonActionTest.php:33</error>
        </testcase>
        <testcase name="testcleanSatatusMessages" file="/home/vitex/Projects/Multi/php-vitexsoftware-multiflexi-core/tests/src/MultiFlexi/CommonActionTest.php" line="169" class="Test\MultiFlexi\CommonActionTest" classname="Test.MultiFlexi.CommonActionTest" assertions="0" time="0.000000">
          <error type="Error">Test\MultiFlexi\CommonActionTest::testcleanSatatusMessages
Error: Cannot instantiate abstract class MultiFlexi\CommonAction

/home/vitex/Projects/Multi/php-vitexsoftware-multiflexi-core/tests/src/MultiFlexi/CommonActionTest.php:33</error>
        </testcase>
        <testcase name="testgetLogger" file="/home/vitex/Projects/Multi/php-vitexsoftware-multiflexi-core/tests/src/MultiFlexi/CommonActionTest.php" line="181" class="Test\MultiFlexi\CommonActionTest" classname="Test.MultiFlexi.CommonActionTest" assertions="0" time="0.000000">
          <error type="Error">Test\MultiFlexi\CommonActionTest::testgetLogger
Error: Cannot instantiate abstract class MultiFlexi\CommonAction

/home/vitex/Projects/Multi/php-vitexsoftware-multiflexi-core/tests/src/MultiFlexi/CommonActionTest.php:33</error>
        </testcase>
        <testcase name="testlogBanner" file="/home/vitex/Projects/Multi/php-vitexsoftware-multiflexi-core/tests/src/MultiFlexi/CommonActionTest.php" line="193" class="Test\MultiFlexi\CommonActionTest" classname="Test.MultiFlexi.CommonActionTest" assertions="0" time="0.000000">
          <error type="Error">Test\MultiFlexi\CommonActionTest::testlogBanner
Error: Cannot instantiate abstract class MultiFlexi\CommonAction

/home/vitex/Projects/Multi/php-vitexsoftware-multiflexi-core/tests/src/MultiFlexi/CommonActionTest.php:33</error>
        </testcase>
      </testsuite>
      <testsuite name="Test\MultiFlexi\CommonExecutorTest" file="/home/vitex/Projects/Multi/php-vitexsoftware-multiflexi-core/tests/src/MultiFlexi/CommonExecutorTest.php" tests="7" assertions="0" errors="7" failures="0" skipped="0" time="0.000000">
        <testcase name="testaddOutput" file="/home/vitex/Projects/Multi/php-vitexsoftware-multiflexi-core/tests/src/MultiFlexi/CommonExecutorTest.php" line="49" class="Test\MultiFlexi\CommonExecutorTest" classname="Test.MultiFlexi.CommonExecutorTest" assertions="0" time="0.000000">
          <error type="Error">Test\MultiFlexi\CommonExecutorTest::testaddOutput
Error: Cannot instantiate abstract class MultiFlexi\CommonExecutor

/home/vitex/Projects/Multi/php-vitexsoftware-multiflexi-core/tests/src/MultiFlexi/CommonExecutorTest.php:33</error>
        </testcase>
        <testcase name="testgetOutputCachePlaintext" file="/home/vitex/Projects/Multi/php-vitexsoftware-multiflexi-core/tests/src/MultiFlexi/CommonExecutorTest.php" line="61" class="Test\MultiFlexi\CommonExecutorTest" classname="Test.MultiFlexi.CommonExecutorTest" assertions="0" time="0.000000">
          <error type="Error">Test\MultiFlexi\CommonExecutorTest::testgetOutputCachePlaintext
Error: Cannot instantiate abstract class MultiFlexi\CommonExecutor

/home/vitex/Projects/Multi/php-vitexsoftware-multiflexi-core/tests/src/MultiFlexi/CommonExecutorTest.php:33</error>
        </testcase>
        <testcase name="testaddStatusMessage" file="/home/vitex/Projects/Multi/php-vitexsoftware-multiflexi-core/tests/src/MultiFlexi/CommonExecutorTest.php" line="73" class="Test\MultiFlexi\CommonExecutorTest" classname="Test.MultiFlexi.CommonExecutorTest" assertions="0" time="0.000000">
          <error type="Error">Test\MultiFlexi\CommonExecutorTest::testaddStatusMessage
Error: Cannot instantiate abstract class MultiFlexi\CommonExecutor

/home/vitex/Projects/Multi/php-vitexsoftware-multiflexi-core/tests/src/MultiFlexi/CommonExecutorTest.php:33</error>
        </testcase>
        <testcase name="testgetStatusMessages" file="/home/vitex/Projects/Multi/php-vitexsoftware-multiflexi-core/tests/src/MultiFlexi/CommonExecutorTest.php" line="85" class="Test\MultiFlexi\CommonExecutorTest" classname="Test.MultiFlexi.CommonExecutorTest" assertions="0" time="0.000000">
          <error type="Error">Test\MultiFlexi\CommonExecutorTest::testgetStatusMessages
Error: Cannot instantiate abstract class MultiFlexi\CommonExecutor

/home/vitex/Projects/Multi/php-vitexsoftware-multiflexi-core/tests/src/MultiFlexi/CommonExecutorTest.php:33</error>
        </testcase>
        <testcase name="testcleanSatatusMessages" file="/home/vitex/Projects/Multi/php-vitexsoftware-multiflexi-core/tests/src/MultiFlexi/CommonExecutorTest.php" line="97" class="Test\MultiFlexi\CommonExecutorTest" classname="Test.MultiFlexi.CommonExecutorTest" assertions="0" time="0.000000">
          <error type="Error">Test\MultiFlexi\CommonExecutorTest::testcleanSatatusMessages
Error: Cannot instantiate abstract class MultiFlexi\CommonExecutor

/home/vitex/Projects/Multi/php-vitexsoftware-multiflexi-core/tests/src/MultiFlexi/CommonExecutorTest.php:33</error>
        </testcase>
        <testcase name="testgetLogger" file="/home/vitex/Projects/Multi/php-vitexsoftware-multiflexi-core/tests/src/MultiFlexi/CommonExecutorTest.php" line="109" class="Test\MultiFlexi\CommonExecutorTest" classname="Test.MultiFlexi.CommonExecutorTest" assertions="0" time="0.000000">
          <error type="Error">Test\MultiFlexi\CommonExecutorTest::testgetLogger
Error: Cannot instantiate abstract class MultiFlexi\CommonExecutor

/home/vitex/Projects/Multi/php-vitexsoftware-multiflexi-core/tests/src/MultiFlexi/CommonExecutorTest.php:33</error>
        </testcase>
        <testcase name="testlogBanner" file="/home/vitex/Projects/Multi/php-vitexsoftware-multiflexi-core/tests/src/MultiFlexi/CommonExecutorTest.php" line="121" class="Test\MultiFlexi\CommonExecutorTest" classname="Test.MultiFlexi.CommonExecutorTest" assertions="0" time="0.000000">
          <error type="Error">Test\MultiFlexi\CommonExecutorTest::testlogBanner
Error: Cannot instantiate abstract class MultiFlexi\CommonExecutor

/home/vitex/Projects/Multi/php-vitexsoftware-multiflexi-core/tests/src/MultiFlexi/CommonExecutorTest.php:33</error>
        </testcase>
      </testsuite>
      <testsuite name="Test\MultiFlexi\CompanyAppTest" file="/home/vitex/Projects/Multi/php-vitexsoftware-multiflexi-core/tests/src/MultiFlexi/CompanyAppTest.php" tests="3" assertions="1" errors="2" failures="1" skipped="0" time="0.047083">
        <testcase name="testassignApps" file="/home/vitex/Projects/Multi/php-vitexsoftware-multiflexi-core/tests/src/MultiFlexi/CompanyAppTest.php" line="73" class="Test\MultiFlexi\CompanyAppTest" classname="Test.MultiFlexi.CompanyAppTest" assertions="0" time="0.009213">
          <error type="ArgumentCountError">Test\MultiFlexi\CompanyAppTest::testassignApps
ArgumentCountError: Too few arguments to function MultiFlexi\CompanyApp::assignApps(), 0 passed in /home/vitex/Projects/Multi/php-vitexsoftware-multiflexi-core/tests/src/MultiFlexi/CompanyAppTest.php on line 75 and exactly 1 expected

/home/vitex/Projects/Multi/php-vitexsoftware-multiflexi-core/src/MultiFlexi/CompanyApp.php:60
/home/vitex/Projects/Multi/php-vitexsoftware-multiflexi-core/tests/src/MultiFlexi/CompanyAppTest.php:75</error>
        </testcase>
        <testcase name="testgetAssigned" file="/home/vitex/Projects/Multi/php-vitexsoftware-multiflexi-core/tests/src/MultiFlexi/CompanyAppTest.php" line="49" class="Test\MultiFlexi\CompanyAppTest" classname="Test.MultiFlexi.CompanyAppTest" assertions="0" time="0.019240">
          <error type="Error">Test\MultiFlexi\CompanyAppTest::testgetAssigned
Error: Call to a member function getMyKey() on null

/home/vitex/Projects/Multi/php-vitexsoftware-multiflexi-core/src/MultiFlexi/CompanyApp.php:47
/home/vitex/Projects/Multi/php-vitexsoftware-multiflexi-core/tests/src/MultiFlexi/CompanyAppTest.php:51</error>
        </testcase>
        <testcase name="testgetAll" file="/home/vitex/Projects/Multi/php-vitexsoftware-multiflexi-core/tests/src/MultiFlexi/CompanyAppTest.php" line="61" class="Test\MultiFlexi\CompanyAppTest" classname="Test.MultiFlexi.CompanyAppTest" assertions="1" time="0.018631">
          <failure type="PHPUnit\Framework\ExpectationFailedException">Test\MultiFlexi\CompanyAppTest::testgetAll
Failed asserting that Envms\FluentPDO\Queries\Select Object #3923 (
    'totalTime' =&gt; null,
    'executionTime' =&gt; null,
    'object' =&gt; false,
    'fluent' =&gt; Envms\FluentPDO\Query Object #3800 (
        'pdo' =&gt; PDO Object #3932 (),
        'structure' =&gt; Envms\FluentPDO\Structure Object #3913 (
            'primaryKey' =&gt; 'id',
            'foreignKey' =&gt; '%s_id',
        ),
        'debug' =&gt; false,
        'convertRead' =&gt; true,
        'convertWrite' =&gt; false,
        'exceptionOnError' =&gt; true,
        'table' =&gt; 'companyapp',
        'prefix' =&gt; '',
        'separator' =&gt; '',
    ),
    'result' =&gt; null,
    'clauses' =&gt; Array &amp;0 [
        'SELECT' =&gt; ', ',
        'FROM' =&gt; null,
        'JOIN' =&gt; Array &amp;1 [
            0 =&gt; Envms\FluentPDO\Queries\Select Object #3923,
            1 =&gt; 'getClauseJoin',
        ],
        'WHERE' =&gt; Array &amp;2 [
            0 =&gt; Envms\FluentPDO\Queries\Select Object #3923,
            1 =&gt; 'getClauseWhere',
        ],
        'GROUP BY' =&gt; ',',
        'HAVING' =&gt; ' AND ',
        'ORDER BY' =&gt; ', ',
        'LIMIT' =&gt; null,
        'OFFSET' =&gt; null,
        '\n
--' =&gt; '\n
--',
    ],
    'statements' =&gt; Array &amp;3 [
        'SELECT' =&gt; Array &amp;4 [
            0 =&gt; 'app_id',
        ],
        'FROM' =&gt; 'companyapp',
        'JOIN' =&gt; Array &amp;5 [],
        'WHERE' =&gt; Array &amp;6 [],
        'GROUP BY' =&gt; Array &amp;7 [],
        'HAVING' =&gt; Array &amp;8 [],
        'ORDER BY' =&gt; Array &amp;9 [],
        'LIMIT' =&gt; null,
        'OFFSET' =&gt; null,
        '\n
--' =&gt; Array &amp;10 [],
    ],
    'parameters' =&gt; Array &amp;11 [
        'SELECT' =&gt; Array &amp;12 [],
        'FROM' =&gt; null,
        'JOIN' =&gt; Array &amp;13 [],
        'WHERE' =&gt; Array &amp;14 [],
        'GROUP BY' =&gt; Array &amp;15 [],
        'HAVING' =&gt; Array &amp;16 [],
        'ORDER BY' =&gt; Array &amp;17 [],
        'LIMIT' =&gt; null,
        'OFFSET' =&gt; null,
        '\n
--' =&gt; Array &amp;18 [],
    ],
    'regex' =&gt; Envms\FluentPDO\Regex Object #2857 (),
    'message' =&gt; '',
    'currentFetchMode' =&gt; 0,
    'validMethods' =&gt; Array &amp;19 [
        0 =&gt; 'comment',
        1 =&gt; 'from',
        2 =&gt; 'fullJoin',
        3 =&gt; 'group',
        4 =&gt; 'groupBy',
        5 =&gt; 'having',
        6 =&gt; 'innerJoin',
        7 =&gt; 'join',
        8 =&gt; 'leftJoin',
        9 =&gt; 'limit',
        10 =&gt; 'offset',
        11 =&gt; 'order',
        12 =&gt; 'orderBy',
        13 =&gt; 'outerJoin',
        14 =&gt; 'rightJoin',
    ],
    'joins' =&gt; Array &amp;20 [
        0 =&gt; 'companyapp',
    ],
    'isSmartJoinEnabled' =&gt; true,
    'fromTable' =&gt; 'companyapp',
    'fromAlias' =&gt; 'companyapp',
) matches expected ''.

/home/vitex/Projects/Multi/php-vitexsoftware-multiflexi-core/tests/src/MultiFlexi/CompanyAppTest.php:63</failure>
        </testcase>
      </testsuite>
      <testsuite name="Test\MultiFlexi\CompanyJobTest" file="/home/vitex/Projects/Multi/php-vitexsoftware-multiflexi-core/tests/src/MultiFlexi/CompanyJobTest.php" tests="7" assertions="2" errors="5" failures="2" skipped="0" time="0.045095">
        <testcase name="testcompleteDataRow" file="/home/vitex/Projects/Multi/php-vitexsoftware-multiflexi-core/tests/src/MultiFlexi/CompanyJobTest.php" line="85" class="Test\MultiFlexi\CompanyJobTest" classname="Test.MultiFlexi.CompanyJobTest" assertions="0" time="0.010910">
          <error type="ArgumentCountError">Test\MultiFlexi\CompanyJobTest::testcompleteDataRow
ArgumentCountError: Too few arguments to function MultiFlexi\CompanyJob::completeDataRow(), 0 passed in /home/vitex/Projects/Multi/php-vitexsoftware-multiflexi-core/tests/src/MultiFlexi/CompanyJobTest.php on line 87 and exactly 1 expected

/home/vitex/Projects/Multi/php-vitexsoftware-multiflexi-core/src/MultiFlexi/CompanyJob.php:114
/home/vitex/Projects/Multi/php-vitexsoftware-multiflexi-core/tests/src/MultiFlexi/CompanyJobTest.php:87</error>
        </testcase>
        <testcase name="testtableCode" file="/home/vitex/Projects/Multi/php-vitexsoftware-multiflexi-core/tests/src/MultiFlexi/CompanyJobTest.php" line="97" class="Test\MultiFlexi\CompanyJobTest" classname="Test.MultiFlexi.CompanyJobTest" assertions="0" time="0.005861">
          <error type="ArgumentCountError">Test\MultiFlexi\CompanyJobTest::testtableCode
ArgumentCountError: Too few arguments to function MultiFlexi\CompanyJob::tableCode(), 0 passed in /home/vitex/Projects/Multi/php-vitexsoftware-multiflexi-core/tests/src/MultiFlexi/CompanyJobTest.php on line 99 and exactly 1 expected

/home/vitex/Projects/Multi/php-vitexsoftware-multiflexi-core/src/MultiFlexi/CompanyJob.php:150
/home/vitex/Projects/Multi/php-vitexsoftware-multiflexi-core/tests/src/MultiFlexi/CompanyJobTest.php:99</error>
        </testcase>
        <testcase name="testsetCompany" file="/home/vitex/Projects/Multi/php-vitexsoftware-multiflexi-core/tests/src/MultiFlexi/CompanyJobTest.php" line="109" class="Test\MultiFlexi\CompanyJobTest" classname="Test.MultiFlexi.CompanyJobTest" assertions="0" time="0.005882">
          <error type="ArgumentCountError">Test\MultiFlexi\CompanyJobTest::testsetCompany
ArgumentCountError: Too few arguments to function MultiFlexi\CompanyJob::setCompany(), 0 passed in /home/vitex/Projects/Multi/php-vitexsoftware-multiflexi-core/tests/src/MultiFlexi/CompanyJobTest.php on line 111 and exactly 1 expected

/home/vitex/Projects/Multi/php-vitexsoftware-multiflexi-core/src/MultiFlexi/CompanyJob.php:159
/home/vitex/Projects/Multi/php-vitexsoftware-multiflexi-core/tests/src/MultiFlexi/CompanyJobTest.php:111</error>
        </testcase>
        <testcase name="testsetApp" file="/home/vitex/Projects/Multi/php-vitexsoftware-multiflexi-core/tests/src/MultiFlexi/CompanyJobTest.php" line="121" class="Test\MultiFlexi\CompanyJobTest" classname="Test.MultiFlexi.CompanyJobTest" assertions="0" time="0.006018">
          <error type="ArgumentCountError">Test\MultiFlexi\CompanyJobTest::testsetApp
ArgumentCountError: Too few arguments to function MultiFlexi\CompanyJob::setApp(), 0 passed in /home/vitex/Projects/Multi/php-vitexsoftware-multiflexi-core/tests/src/MultiFlexi/CompanyJobTest.php on line 123 and exactly 1 expected

/home/vitex/Projects/Multi/php-vitexsoftware-multiflexi-core/src/MultiFlexi/CompanyJob.php:165
/home/vitex/Projects/Multi/php-vitexsoftware-multiflexi-core/tests/src/MultiFlexi/CompanyJobTest.php:123</error>
        </testcase>
        <testcase name="testaddSelectizeValues" file="/home/vitex/Projects/Multi/php-vitexsoftware-multiflexi-core/tests/src/MultiFlexi/CompanyJobTest.php" line="73" class="Test\MultiFlexi\CompanyJobTest" classname="Test.MultiFlexi.CompanyJobTest" assertions="0" time="0.006114">
          <error type="ArgumentCountError">Test\MultiFlexi\CompanyJobTest::testaddSelectizeValues
ArgumentCountError: Too few arguments to function MultiFlexi\CompanyJob::addSelectizeValues(), 0 passed in /home/vitex/Projects/Multi/php-vitexsoftware-multiflexi-core/tests/src/MultiFlexi/CompanyJobTest.php on line 75 and exactly 1 expected

/home/vitex/Projects/Multi/php-vitexsoftware-multiflexi-core/src/MultiFlexi/CompanyJob.php:105
/home/vitex/Projects/Multi/php-vitexsoftware-multiflexi-core/tests/src/MultiFlexi/CompanyJobTest.php:75</error>
        </testcase>
        <testcase name="testgetColumns" file="/home/vitex/Projects/Multi/php-vitexsoftware-multiflexi-core/tests/src/MultiFlexi/CompanyJobTest.php" line="49" class="Test\MultiFlexi\CompanyJobTest" classname="Test.MultiFlexi.CompanyJobTest" assertions="1" time="0.005276">
          <failure type="PHPUnit\Framework\ExpectationFailedException">Test\MultiFlexi\CompanyJobTest::testgetColumns
[...] does not match expected type "string".

/home/vitex/Projects/Multi/php-vitexsoftware-multiflexi-core/tests/src/MultiFlexi/CompanyJobTest.php:51</failure>
        </testcase>
        <testcase name="testcolumns" file="/home/vitex/Projects/Multi/php-vitexsoftware-multiflexi-core/tests/src/MultiFlexi/CompanyJobTest.php" line="61" class="Test\MultiFlexi\CompanyJobTest" classname="Test.MultiFlexi.CompanyJobTest" assertions="1" time="0.005034">
          <failure type="PHPUnit\Framework\ExpectationFailedException">Test\MultiFlexi\CompanyJobTest::testcolumns
[...] does not match expected type "string".

/home/vitex/Projects/Multi/php-vitexsoftware-multiflexi-core/tests/src/MultiFlexi/CompanyJobTest.php:63</failure>
        </testcase>
      </testsuite>
      <testsuite name="Test\MultiFlexi\CompanyTest" file="/home/vitex/Projects/Multi/php-vitexsoftware-multiflexi-core/tests/src/MultiFlexi/CompanyTest.php" tests="25" assertions="14" errors="11" failures="10" skipped="4" time="0.187829">
        <testcase name="testsaveToSQL" file="/home/vitex/Projects/Multi/php-vitexsoftware-multiflexi-core/tests/src/MultiFlexi/CompanyTest.php" line="133" class="Test\MultiFlexi\CompanyTest" classname="Test.MultiFlexi.CompanyTest" assertions="0" time="0.009686">
          <error type="TypeError">Test\MultiFlexi\CompanyTest::testsaveToSQL
TypeError: array_key_exists(): Argument #2 ($array) must be of type array, null given

/home/vitex/Projects/Multi/php-vitexsoftware-multiflexi-core/vendor/vitexsoftware/ease-fluentpdo/src/Ease/SQL/Orm.php:417
/home/vitex/Projects/Multi/php-vitexsoftware-multiflexi-core/tests/src/MultiFlexi/CompanyTest.php:135</error>
        </testcase>
        <testcase name="testgetColumnsFromSQL" file="/home/vitex/Projects/Multi/php-vitexsoftware-multiflexi-core/tests/src/MultiFlexi/CompanyTest.php" line="241" class="Test\MultiFlexi\CompanyTest" classname="Test.MultiFlexi.CompanyTest" assertions="0" time="0.006938">
          <error type="ArgumentCountError">Test\MultiFlexi\CompanyTest::testgetColumnsFromSQL
ArgumentCountError: Too few arguments to function MultiFlexi\Company::getColumnsFromSQL(), 0 passed in /home/vitex/Projects/Multi/php-vitexsoftware-multiflexi-core/tests/src/MultiFlexi/CompanyTest.php on line 243 and at least 1 expected

/home/vitex/Projects/Multi/php-vitexsoftware-multiflexi-core/vendor/vitexsoftware/ease-fluentpdo/src/Ease/SQL/Orm.php:269
/home/vitex/Projects/Multi/php-vitexsoftware-multiflexi-core/tests/src/MultiFlexi/CompanyTest.php:243</error>
        </testcase>
        <testcase name="testobtainLogo" file="/home/vitex/Projects/Multi/php-vitexsoftware-multiflexi-core/tests/src/MultiFlexi/CompanyTest.php" line="61" class="Test\MultiFlexi\CompanyTest" classname="Test.MultiFlexi.CompanyTest" assertions="0" time="0.005099">
          <error type="Error">Test\MultiFlexi\CompanyTest::testobtainLogo
Error: Call to undefined method MultiFlexi\Company::obtainLogo()

/home/vitex/Projects/Multi/php-vitexsoftware-multiflexi-core/tests/src/MultiFlexi/CompanyTest.php:63</error>
        </testcase>
        <testcase name="testdbsync" file="/home/vitex/Projects/Multi/php-vitexsoftware-multiflexi-core/tests/src/MultiFlexi/CompanyTest.php" line="289" class="Test\MultiFlexi\CompanyTest" classname="Test.MultiFlexi.CompanyTest" assertions="0" time="0.005985">
          <error type="TypeError">Test\MultiFlexi\CompanyTest::testdbsync
TypeError: array_key_exists(): Argument #2 ($array) must be of type array, null given

/home/vitex/Projects/Multi/php-vitexsoftware-multiflexi-core/vendor/vitexsoftware/ease-fluentpdo/src/Ease/SQL/Orm.php:417
/home/vitex/Projects/Multi/php-vitexsoftware-multiflexi-core/vendor/vitexsoftware/ease-fluentpdo/src/Ease/SQL/Orm.php:363
/home/vitex/Projects/Multi/php-vitexsoftware-multiflexi-core/tests/src/MultiFlexi/CompanyTest.php:291</error>
        </testcase>
        <testcase name="testgetRecordName" file="/home/vitex/Projects/Multi/php-vitexsoftware-multiflexi-core/tests/src/MultiFlexi/CompanyTest.php" line="73" class="Test\MultiFlexi\CompanyTest" classname="Test.MultiFlexi.CompanyTest" assertions="1" time="0.004897">
          <skipped/>
        </testcase>
        <testcase name="testtakeToData" file="/home/vitex/Projects/Multi/php-vitexsoftware-multiflexi-core/tests/src/MultiFlexi/CompanyTest.php" line="337" class="Test\MultiFlexi\CompanyTest" classname="Test.MultiFlexi.CompanyTest" assertions="0" time="0.006467">
          <error type="ArgumentCountError">Test\MultiFlexi\CompanyTest::testtakeToData
ArgumentCountError: Too few arguments to function MultiFlexi\Company::takeToData(), 0 passed in /home/vitex/Projects/Multi/php-vitexsoftware-multiflexi-core/tests/src/MultiFlexi/CompanyTest.php on line 339 and at least 2 expected

/home/vitex/Projects/Multi/php-vitexsoftware-multiflexi-core/vendor/vitexsoftware/ease-fluentpdo/src/Ease/SQL/Orm.php:497
/home/vitex/Projects/Multi/php-vitexsoftware-multiflexi-core/tests/src/MultiFlexi/CompanyTest.php:339</error>
        </testcase>
        <testcase name="testtakeData" file="/home/vitex/Projects/Multi/php-vitexsoftware-multiflexi-core/tests/src/MultiFlexi/CompanyTest.php" line="49" class="Test\MultiFlexi\CompanyTest" classname="Test.MultiFlexi.CompanyTest" assertions="0" time="0.006130">
          <error type="ArgumentCountError">Test\MultiFlexi\CompanyTest::testtakeData
ArgumentCountError: Too few arguments to function MultiFlexi\Company::takeData(), 0 passed in /home/vitex/Projects/Multi/php-vitexsoftware-multiflexi-core/tests/src/MultiFlexi/CompanyTest.php on line 51 and exactly 1 expected

/home/vitex/Projects/Multi/php-vitexsoftware-multiflexi-core/src/MultiFlexi/Company.php:56
/home/vitex/Projects/Multi/php-vitexsoftware-multiflexi-core/tests/src/MultiFlexi/CompanyTest.php:51</error>
        </testcase>
        <testcase name="testsetUp" file="/home/vitex/Projects/Multi/php-vitexsoftware-multiflexi-core/tests/src/MultiFlexi/CompanyTest.php" line="181" class="Test\MultiFlexi\CompanyTest" classname="Test.MultiFlexi.CompanyTest" assertions="1" time="0.006346">
          <failure type="PHPUnit\Framework\ExpectationFailedException">Test\MultiFlexi\CompanyTest::testsetUp
Failed asserting that true matches expected ''.

/home/vitex/Projects/Multi/php-vitexsoftware-multiflexi-core/tests/src/MultiFlexi/CompanyTest.php:183</failure>
        </testcase>
        <testcase name="testsetUpDb" file="/home/vitex/Projects/Multi/php-vitexsoftware-multiflexi-core/tests/src/MultiFlexi/CompanyTest.php" line="169" class="Test\MultiFlexi\CompanyTest" classname="Test.MultiFlexi.CompanyTest" assertions="1" time="0.005170">
          <skipped/>
        </testcase>
        <testcase name="testsetMyTable" file="/home/vitex/Projects/Multi/php-vitexsoftware-multiflexi-core/tests/src/MultiFlexi/CompanyTest.php" line="157" class="Test\MultiFlexi\CompanyTest" classname="Test.MultiFlexi.CompanyTest" assertions="0" time="0.005927">
          <error type="ArgumentCountError">Test\MultiFlexi\CompanyTest::testsetMyTable
ArgumentCountError: Too few arguments to function MultiFlexi\Company::setMyTable(), 0 passed in /home/vitex/Projects/Multi/php-vitexsoftware-multiflexi-core/tests/src/MultiFlexi/CompanyTest.php on line 159 and exactly 1 expected

/home/vitex/Projects/Multi/php-vitexsoftware-multiflexi-core/vendor/vitexsoftware/ease-fluentpdo/src/Ease/SQL/Orm.php:535
/home/vitex/Projects/Multi/php-vitexsoftware-multiflexi-core/tests/src/MultiFlexi/CompanyTest.php:159</error>
        </testcase>
        <testcase name="testgetLink" file="/home/vitex/Projects/Multi/php-vitexsoftware-multiflexi-core/tests/src/MultiFlexi/CompanyTest.php" line="85" class="Test\MultiFlexi\CompanyTest" classname="Test.MultiFlexi.CompanyTest" assertions="1" time="0.006873">
          <failure type="PHPUnit\Framework\ExpectationFailedException">Test\MultiFlexi\CompanyTest::testgetLink
Failed asserting that two strings are equal.
--- Expected
+++ Actual
@@ @@
-''
+'company.php?id='

/home/vitex/Projects/Multi/php-vitexsoftware-multiflexi-core/tests/src/MultiFlexi/CompanyTest.php:87</failure>
        </testcase>
        <testcase name="testSleep" file="/home/vitex/Projects/Multi/php-vitexsoftware-multiflexi-core/tests/src/MultiFlexi/CompanyTest.php" line="109" class="Test\MultiFlexi\CompanyTest" classname="Test.MultiFlexi.CompanyTest" assertions="1" time="0.006527">
          <failure type="PHPUnit\Framework\ExpectationFailedException">Test\MultiFlexi\CompanyTest::testSleep
[...] does not match expected type "string".

/home/vitex/Projects/Multi/php-vitexsoftware-multiflexi-core/tests/src/MultiFlexi/CompanyTest.php:111</failure>
        </testcase>
        <testcase name="testDestruct" file="/home/vitex/Projects/Multi/php-vitexsoftware-multiflexi-core/tests/src/MultiFlexi/CompanyTest.php" line="97" class="Test\MultiFlexi\CompanyTest" classname="Test.MultiFlexi.CompanyTest" assertions="1" time="0.004210">
          <skipped/>
        </testcase>
        <testcase name="testgetEnvironment" file="/home/vitex/Projects/Multi/php-vitexsoftware-multiflexi-core/tests/src/MultiFlexi/CompanyTest.php" line="121" class="Test\MultiFlexi\CompanyTest" classname="Test.MultiFlexi.CompanyTest" assertions="1" time="0.008858">
          <failure type="PHPUnit\Framework\ExpectationFailedException">Test\MultiFlexi\CompanyTest::testgetEnvironment
MultiFlexi\ConfigFields Object (...) does not match expected type "string".

/home/vitex/Projects/Multi/php-vitexsoftware-multiflexi-core/tests/src/MultiFlexi/CompanyTest.php:123</failure>
        </testcase>
        <testcase name="testloadFromSQL" file="/home/vitex/Projects/Multi/php-vitexsoftware-multiflexi-core/tests/src/MultiFlexi/CompanyTest.php" line="265" class="Test\MultiFlexi\CompanyTest" classname="Test.MultiFlexi.CompanyTest" assertions="0" time="0.005526">
          <error type="ArgumentCountError">Test\MultiFlexi\CompanyTest::testloadFromSQL
ArgumentCountError: Too few arguments to function MultiFlexi\Company::loadFromSQL(), 0 passed in /home/vitex/Projects/Multi/php-vitexsoftware-multiflexi-core/tests/src/MultiFlexi/CompanyTest.php on line 267 and exactly 1 expected

/home/vitex/Projects/Multi/php-vitexsoftware-multiflexi-core/vendor/vitexsoftware/ease-fluentpdo/src/Ease/SQL/Orm.php:316
/home/vitex/Projects/Multi/php-vitexsoftware-multiflexi-core/tests/src/MultiFlexi/CompanyTest.php:267</error>
        </testcase>
        <testcase name="testpdoConnect" file="/home/vitex/Projects/Multi/php-vitexsoftware-multiflexi-core/tests/src/MultiFlexi/CompanyTest.php" line="193" class="Test\MultiFlexi\CompanyTest" classname="Test.MultiFlexi.CompanyTest" assertions="1" time="0.007105">
          <failure type="PHPUnit\Framework\ExpectationFailedException">Test\MultiFlexi\CompanyTest::testpdoConnect
PDO Object () does not match expected type "string".

/home/vitex/Projects/Multi/php-vitexsoftware-multiflexi-core/tests/src/MultiFlexi/CompanyTest.php:195</failure>
        </testcase>
        <testcase name="testupdateToSQL" file="/home/vitex/Projects/Multi/php-vitexsoftware-multiflexi-core/tests/src/MultiFlexi/CompanyTest.php" line="301" class="Test\MultiFlexi\CompanyTest" classname="Test.MultiFlexi.CompanyTest" assertions="0" time="0.005488">
          <error type="Envms\FluentPDO\Exception">Test\MultiFlexi\CompanyTest::testupdateToSQL
Envms\FluentPDO\Exception: Update queries must contain a WHERE clause to prevent unwanted data loss

/home/vitex/Projects/Multi/php-vitexsoftware-multiflexi-core/vendor/fpdo/fluentpdo/src/Queries/Update.php:86
/home/vitex/Projects/Multi/php-vitexsoftware-multiflexi-core/vendor/vitexsoftware/ease-fluentpdo/src/Ease/SQL/Orm.php:393
/home/vitex/Projects/Multi/php-vitexsoftware-multiflexi-core/tests/src/MultiFlexi/CompanyTest.php:303</error>
        </testcase>
        <testcase name="testinsertToSQL" file="/home/vitex/Projects/Multi/php-vitexsoftware-multiflexi-core/tests/src/MultiFlexi/CompanyTest.php" line="313" class="Test\MultiFlexi\CompanyTest" classname="Test.MultiFlexi.CompanyTest" assertions="0" time="0.008483">
          <error type="PDOException">Test\MultiFlexi\CompanyTest::testinsertToSQL
PDOException: SQLSTATE[HY000]: General error: 1364 Field 'company' doesn't have a default value

/home/vitex/Projects/Multi/php-vitexsoftware-multiflexi-core/vendor/fpdo/fluentpdo/src/Queries/Base.php:508
/home/vitex/Projects/Multi/php-vitexsoftware-multiflexi-core/vendor/fpdo/fluentpdo/src/Queries/Base.php:203
/home/vitex/Projects/Multi/php-vitexsoftware-multiflexi-core/vendor/fpdo/fluentpdo/src/Queries/Insert.php:123
/home/vitex/Projects/Multi/php-vitexsoftware-multiflexi-core/vendor/vitexsoftware/ease-fluentpdo/src/Ease/SQL/Orm.php:444
/home/vitex/Projects/Multi/php-vitexsoftware-multiflexi-core/tests/src/MultiFlexi/CompanyTest.php:315</error>
        </testcase>
        <testcase name="testdeleteFromSQL" file="/home/vitex/Projects/Multi/php-vitexsoftware-multiflexi-core/tests/src/MultiFlexi/CompanyTest.php" line="325" class="Test\MultiFlexi\CompanyTest" classname="Test.MultiFlexi.CompanyTest" assertions="0" time="0.019538">
          <error type="Error">Test\MultiFlexi\CompanyTest::testdeleteFromSQL
Error: Interface "MultiFlexi\Ui\columns" not found

/home/vitex/Projects/Multi/php-vitexsoftware-multiflexi-core/src/MultiFlexi/User.php:26
/home/vitex/Projects/Multi/php-vitexsoftware-multiflexi-core/src/MultiFlexi/LogToSQL.php:37
/home/vitex/Projects/Multi/php-vitexsoftware-multiflexi-core/src/MultiFlexi/LogToSQL.php:52
/home/vitex/Projects/Multi/php-vitexsoftware-multiflexi-core/vendor/vitexsoftware/ease-core/src/Ease/Logger/Regent.php:105
/home/vitex/Projects/Multi/php-vitexsoftware-multiflexi-core/vendor/vitexsoftware/ease-core/src/Ease/Logger/Regent.php:178
/home/vitex/Projects/Multi/php-vitexsoftware-multiflexi-core/vendor/vitexsoftware/ease-core/src/Ease/Logger/Logging.php:83
/home/vitex/Projects/Multi/php-vitexsoftware-multiflexi-core/vendor/vitexsoftware/ease-core/src/Ease/Logger/Logging.php:50
/home/vitex/Projects/Multi/php-vitexsoftware-multiflexi-core/vendor/vitexsoftware/ease-fluentpdo/src/Ease/SQL/Orm.php:479
/home/vitex/Projects/Multi/php-vitexsoftware-multiflexi-core/tests/src/MultiFlexi/CompanyTest.php:327</error>
        </testcase>
        <testcase name="testgetDataFromSQL" file="/home/vitex/Projects/Multi/php-vitexsoftware-multiflexi-core/tests/src/MultiFlexi/CompanyTest.php" line="253" class="Test\MultiFlexi\CompanyTest" classname="Test.MultiFlexi.CompanyTest" assertions="1" time="0.007746">
          <failure type="PHPUnit\Framework\ExpectationFailedException">Test\MultiFlexi\CompanyTest::testgetDataFromSQL
[] does not match expected type "string".

/home/vitex/Projects/Multi/php-vitexsoftware-multiflexi-core/tests/src/MultiFlexi/CompanyTest.php:255</failure>
        </testcase>
        <testcase name="testdbreload" file="/home/vitex/Projects/Multi/php-vitexsoftware-multiflexi-core/tests/src/MultiFlexi/CompanyTest.php" line="277" class="Test\MultiFlexi\CompanyTest" classname="Test.MultiFlexi.CompanyTest" assertions="1" time="0.005813">
          <skipped/>
        </testcase>
        <testcase name="testgetMyTable" file="/home/vitex/Projects/Multi/php-vitexsoftware-multiflexi-core/tests/src/MultiFlexi/CompanyTest.php" line="145" class="Test\MultiFlexi\CompanyTest" classname="Test.MultiFlexi.CompanyTest" assertions="1" time="0.005689">
          <failure type="PHPUnit\Framework\ExpectationFailedException">Test\MultiFlexi\CompanyTest::testgetMyTable
Failed asserting that two strings are equal.
--- Expected
+++ Actual
@@ @@
-''
+'company'

/home/vitex/Projects/Multi/php-vitexsoftware-multiflexi-core/tests/src/MultiFlexi/CompanyTest.php:147</failure>
        </testcase>
        <testcase name="testgetFluentPDO" file="/home/vitex/Projects/Multi/php-vitexsoftware-multiflexi-core/tests/src/MultiFlexi/CompanyTest.php" line="217" class="Test\MultiFlexi\CompanyTest" classname="Test.MultiFlexi.CompanyTest" assertions="1" time="0.014095">
          <failure type="PHPUnit\Framework\ExpectationFailedException">Test\MultiFlexi\CompanyTest::testgetFluentPDO
Envms\FluentPDO\Query Object (...) does not match expected type "string".

/home/vitex/Projects/Multi/php-vitexsoftware-multiflexi-core/tests/src/MultiFlexi/CompanyTest.php:219</failure>
        </testcase>
        <testcase name="testgetPdo" file="/home/vitex/Projects/Multi/php-vitexsoftware-multiflexi-core/tests/src/MultiFlexi/CompanyTest.php" line="205" class="Test\MultiFlexi\CompanyTest" classname="Test.MultiFlexi.CompanyTest" assertions="1" time="0.009240">
          <failure type="PHPUnit\Framework\ExpectationFailedException">Test\MultiFlexi\CompanyTest::testgetPdo
PDO Object () does not match expected type "string".

/home/vitex/Projects/Multi/php-vitexsoftware-multiflexi-core/tests/src/MultiFlexi/CompanyTest.php:207</failure>
        </testcase>
        <testcase name="testlistingQuery" file="/home/vitex/Projects/Multi/php-vitexsoftware-multiflexi-core/tests/src/MultiFlexi/CompanyTest.php" line="229" class="Test\MultiFlexi\CompanyTest" classname="Test.MultiFlexi.CompanyTest" assertions="1" time="0.009990">
          <failure type="PHPUnit\Framework\ExpectationFailedException">Test\MultiFlexi\CompanyTest::testlistingQuery
Failed asserting that Envms\FluentPDO\Queries\Select Object #3309 (
    'totalTime' =&gt; null,
    'executionTime' =&gt; null,
    'object' =&gt; false,
    'fluent' =&gt; Envms\FluentPDO\Query Object #346 (
        'pdo' =&gt; PDO Object #2818 (),
        'structure' =&gt; Envms\FluentPDO\Structure Object #3340 (
            'primaryKey' =&gt; 'id',
            'foreignKey' =&gt; '%s_id',
        ),
        'debug' =&gt; false,
        'convertRead' =&gt; true,
        'convertWrite' =&gt; false,
        'exceptionOnError' =&gt; true,
        'table' =&gt; 'company',
        'prefix' =&gt; '',
        'separator' =&gt; '',
    ),
    'result' =&gt; null,
    'clauses' =&gt; Array &amp;0 [
        'SELECT' =&gt; ', ',
        'FROM' =&gt; null,
        'JOIN' =&gt; Array &amp;1 [
            0 =&gt; Envms\FluentPDO\Queries\Select Object #3309,
            1 =&gt; 'getClauseJoin',
        ],
        'WHERE' =&gt; Array &amp;2 [
            0 =&gt; Envms\FluentPDO\Queries\Select Object #3309,
            1 =&gt; 'getClauseWhere',
        ],
        'GROUP BY' =&gt; ',',
        'HAVING' =&gt; ' AND ',
        'ORDER BY' =&gt; ', ',
        'LIMIT' =&gt; null,
        'OFFSET' =&gt; null,
        '\n
--' =&gt; '\n
--',
    ],
    'statements' =&gt; Array &amp;3 [
        'SELECT' =&gt; Array &amp;4 [
            0 =&gt; 'company.*',
        ],
        'FROM' =&gt; 'company',
        'JOIN' =&gt; Array &amp;5 [],
        'WHERE' =&gt; Array &amp;6 [],
        'GROUP BY' =&gt; Array &amp;7 [],
        'HAVING' =&gt; Array &amp;8 [],
        'ORDER BY' =&gt; Array &amp;9 [],
        'LIMIT' =&gt; null,
        'OFFSET' =&gt; null,
        '\n
--' =&gt; Array &amp;10 [],
    ],
    'parameters' =&gt; Array &amp;11 [
        'SELECT' =&gt; Array &amp;12 [],
        'FROM' =&gt; null,
        'JOIN' =&gt; Array &amp;13 [],
        'WHERE' =&gt; Array &amp;14 [],
        'GROUP BY' =&gt; Array &amp;15 [],
        'HAVING' =&gt; Array &amp;16 [],
        'ORDER BY' =&gt; Array &amp;17 [],
        'LIMIT' =&gt; null,
        'OFFSET' =&gt; null,
        '\n
--' =&gt; Array &amp;18 [],
    ],
    'regex' =&gt; Envms\FluentPDO\Regex Object #2823 (),
    'message' =&gt; '',
    'currentFetchMode' =&gt; 0,
    'validMethods' =&gt; Array &amp;19 [
        0 =&gt; 'comment',
        1 =&gt; 'from',
        2 =&gt; 'fullJoin',
        3 =&gt; 'group',
        4 =&gt; 'groupBy',
        5 =&gt; 'having',
        6 =&gt; 'innerJoin',
        7 =&gt; 'join',
        8 =&gt; 'leftJoin',
        9 =&gt; 'limit',
        10 =&gt; 'offset',
        11 =&gt; 'order',
        12 =&gt; 'orderBy',
        13 =&gt; 'outerJoin',
        14 =&gt; 'rightJoin',
    ],
    'joins' =&gt; Array &amp;20 [
        0 =&gt; 'company',
    ],
    'isSmartJoinEnabled' =&gt; true,
    'fromTable' =&gt; 'company',
    'fromAlias' =&gt; 'company',
) matches expected ''.

/home/vitex/Projects/Multi/php-vitexsoftware-multiflexi-core/tests/src/MultiFlexi/CompanyTest.php:231</failure>
        </testcase>
      </testsuite>
      <testsuite name="Test\MultiFlexi\ApplicationTest" file="/home/vitex/Projects/Multi/php-vitexsoftware-multiflexi-core/tests/src/MultiFlexi/ApplicationTest.php" tests="8" assertions="8" errors="0" failures="1" skipped="0" time="0.126297">
        <testcase name="testgetAppJson" file="/home/vitex/Projects/Multi/php-vitexsoftware-multiflexi-core/tests/src/MultiFlexi/ApplicationTest.php" line="95" class="Test\MultiFlexi\ApplicationTest" classname="Test.MultiFlexi.ApplicationTest" assertions="1" time="0.006401"/>
        <testcase name="testtakeData" file="/home/vitex/Projects/Multi/php-vitexsoftware-multiflexi-core/tests/src/MultiFlexi/ApplicationTest.php" line="55" class="Test\MultiFlexi\ApplicationTest" classname="Test.MultiFlexi.ApplicationTest" assertions="1" time="0.009603">
          <failure type="PHPUnit\Framework\ExpectationFailedException">Test\MultiFlexi\ApplicationTest::testtakeData
Failed asserting that 2 matches expected 3.

/home/vitex/Projects/Multi/php-vitexsoftware-multiflexi-core/tests/src/MultiFlexi/ApplicationTest.php:57</failure>
        </testcase>
        <testcase name="testgetCompany" file="/home/vitex/Projects/Multi/php-vitexsoftware-multiflexi-core/tests/src/MultiFlexi/ApplicationTest.php" line="47" class="Test\MultiFlexi\ApplicationTest" classname="Test.MultiFlexi.ApplicationTest" assertions="1" time="0.002475"/>
        <testcase name="testfindBinaryInPath" file="/home/vitex/Projects/Multi/php-vitexsoftware-multiflexi-core/tests/src/MultiFlexi/ApplicationTest.php" line="63" class="Test\MultiFlexi\ApplicationTest" classname="Test.MultiFlexi.ApplicationTest" assertions="1" time="0.002772"/>
        <testcase name="testdoesBinaryExist" file="/home/vitex/Projects/Multi/php-vitexsoftware-multiflexi-core/tests/src/MultiFlexi/ApplicationTest.php" line="71" class="Test\MultiFlexi\ApplicationTest" classname="Test.MultiFlexi.ApplicationTest" assertions="1" time="0.002758"/>
        <testcase name="testisBinaryInPath" file="/home/vitex/Projects/Multi/php-vitexsoftware-multiflexi-core/tests/src/MultiFlexi/ApplicationTest.php" line="79" class="Test\MultiFlexi\ApplicationTest" classname="Test.MultiFlexi.ApplicationTest" assertions="1" time="0.003584"/>
        <testcase name="testgetPlatformApps" file="/home/vitex/Projects/Multi/php-vitexsoftware-multiflexi-core/tests/src/MultiFlexi/ApplicationTest.php" line="87" class="Test\MultiFlexi\ApplicationTest" classname="Test.MultiFlexi.ApplicationTest" assertions="1" time="0.097043"/>
        <testcase name="testjsonFileName" file="/home/vitex/Projects/Multi/php-vitexsoftware-multiflexi-core/tests/src/MultiFlexi/ApplicationTest.php" line="108" class="Test\MultiFlexi\ApplicationTest" classname="Test.MultiFlexi.ApplicationTest" assertions="1" time="0.001661"/>
      </testsuite>
      <testsuite name="Test\MultiFlexi\CompanyEnvTest" file="/home/vitex/Projects/Multi/php-vitexsoftware-multiflexi-core/tests/src/MultiFlexi/CompanyEnvTest.php" tests="5" assertions="5" errors="0" failures="1" skipped="0" time="0.049331">
        <testcase name="testgetEnvFields" file="/home/vitex/Projects/Multi/php-vitexsoftware-multiflexi-core/tests/src/MultiFlexi/CompanyEnvTest.php" line="80" class="Test\MultiFlexi\CompanyEnvTest" classname="Test.MultiFlexi.CompanyEnvTest" assertions="1" time="0.013506">
          <failure type="PHPUnit\Framework\ExpectationFailedException">Test\MultiFlexi\CompanyEnvTest::testgetEnvFields
Failed asserting that two arrays are equal.
--- Expected
+++ Actual
@@ @@
 Array (
+    0 =&gt; [...]
+    1 =&gt; [...]
+    2 =&gt; [...]
+    3 =&gt; [...]
+    4 =&gt; [...]
+    5 =&gt; [...]
+    6 =&gt; [...]
+    7 =&gt; [...]
+    8 =&gt; [...]
+    9 =&gt; [...]
+    10 =&gt; [...]
+    11 =&gt; [...]
+    12 =&gt; [...]
+    13 =&gt; [...]
 )

/home/vitex/Projects/Multi/php-vitexsoftware-multiflexi-core/tests/src/MultiFlexi/CompanyEnvTest.php:82</failure>
        </testcase>
        <testcase name="testaddEnv" file="/home/vitex/Projects/Multi/php-vitexsoftware-multiflexi-core/tests/src/MultiFlexi/CompanyEnvTest.php" line="47" class="Test\MultiFlexi\CompanyEnvTest" classname="Test.MultiFlexi.CompanyEnvTest" assertions="1" time="0.006840"/>
        <testcase name="testupdateEnv" file="/home/vitex/Projects/Multi/php-vitexsoftware-multiflexi-core/tests/src/MultiFlexi/CompanyEnvTest.php" line="56" class="Test\MultiFlexi\CompanyEnvTest" classname="Test.MultiFlexi.CompanyEnvTest" assertions="1" time="0.007918"/>
        <testcase name="testremoveEnv" file="/home/vitex/Projects/Multi/php-vitexsoftware-multiflexi-core/tests/src/MultiFlexi/CompanyEnvTest.php" line="64" class="Test\MultiFlexi\CompanyEnvTest" classname="Test.MultiFlexi.CompanyEnvTest" assertions="1" time="0.006891"/>
        <testcase name="testloadEnv" file="/home/vitex/Projects/Multi/php-vitexsoftware-multiflexi-core/tests/src/MultiFlexi/CompanyEnvTest.php" line="72" class="Test\MultiFlexi\CompanyEnvTest" classname="Test.MultiFlexi.CompanyEnvTest" assertions="1" time="0.014176"/>
      </testsuite>
      <testsuite name="Test\MultiFlexi\ConffieldTest" file="/home/vitex/Projects/Multi/php-vitexsoftware-multiflexi-core/tests/src/MultiFlexi/ConffieldTest.php" tests="3" assertions="1" errors="2" failures="1" skipped="0" time="0.033316">
        <testcase name="testtakeData" file="/home/vitex/Projects/Multi/php-vitexsoftware-multiflexi-core/tests/src/MultiFlexi/ConffieldTest.php" line="49" class="Test\MultiFlexi\ConffieldTest" classname="Test.MultiFlexi.ConffieldTest" assertions="0" time="0.013932">
          <error type="ArgumentCountError">Test\MultiFlexi\ConffieldTest::testtakeData
ArgumentCountError: Too few arguments to function MultiFlexi\Conffield::takeData(), 0 passed in /home/vitex/Projects/Multi/php-vitexsoftware-multiflexi-core/tests/src/MultiFlexi/ConffieldTest.php on line 51 and exactly 1 expected

/home/vitex/Projects/Multi/php-vitexsoftware-multiflexi-core/src/MultiFlexi/Conffield.php:32
/home/vitex/Projects/Multi/php-vitexsoftware-multiflexi-core/tests/src/MultiFlexi/ConffieldTest.php:51</error>
        </testcase>
        <testcase name="testappConfigs" file="/home/vitex/Projects/Multi/php-vitexsoftware-multiflexi-core/tests/src/MultiFlexi/ConffieldTest.php" line="61" class="Test\MultiFlexi\ConffieldTest" classname="Test.MultiFlexi.ConffieldTest" assertions="0" time="0.008799">
          <error type="ArgumentCountError">Test\MultiFlexi\ConffieldTest::testappConfigs
ArgumentCountError: Too few arguments to function MultiFlexi\Conffield::appConfigs(), 0 passed in /home/vitex/Projects/Multi/php-vitexsoftware-multiflexi-core/tests/src/MultiFlexi/ConffieldTest.php on line 63 and exactly 1 expected

/home/vitex/Projects/Multi/php-vitexsoftware-multiflexi-core/src/MultiFlexi/Conffield.php:56
/home/vitex/Projects/Multi/php-vitexsoftware-multiflexi-core/tests/src/MultiFlexi/ConffieldTest.php:63</error>
        </testcase>
        <testcase name="testgetAppConfigs" file="/home/vitex/Projects/Multi/php-vitexsoftware-multiflexi-core/tests/src/MultiFlexi/ConffieldTest.php" line="73" class="Test\MultiFlexi\ConffieldTest" classname="Test.MultiFlexi.ConffieldTest" assertions="1" time="0.010585">
          <failure type="PHPUnit\Framework\ExpectationFailedException">Test\MultiFlexi\ConffieldTest::testgetAppConfigs
MultiFlexi\ConfigFields Object (...) does not match expected type "string".

/home/vitex/Projects/Multi/php-vitexsoftware-multiflexi-core/tests/src/MultiFlexi/ConffieldTest.php:75</failure>
        </testcase>
      </testsuite>
      <testsuite name="Tests\MultiFlexi\ConfigFieldsTest" file="/home/vitex/Projects/Multi/php-vitexsoftware-multiflexi-core/tests/src/MultiFlexi/ConfigFieldsTest.php" tests="15" assertions="23" errors="7" failures="0" skipped="0" time="0.070594">
        <testcase name="testArrayToValues" file="/home/vitex/Projects/Multi/php-vitexsoftware-multiflexi-core/tests/src/MultiFlexi/ConfigFieldsTest.php" line="200" class="Tests\MultiFlexi\ConfigFieldsTest" classname="Tests.MultiFlexi.ConfigFieldsTest" assertions="0" time="0.006604">
          <error type="InvalidArgumentException">Tests\MultiFlexi\ConfigFieldsTest::testArrayToValues
InvalidArgumentException: Invalid type: number. Allowed types are: string, file-path, email, url, integer, float, bool, password, set, text

/home/vitex/Projects/Multi/php-vitexsoftware-multiflexi-core/src/MultiFlexi/ConfigField.php:166
/home/vitex/Projects/Multi/php-vitexsoftware-multiflexi-core/src/MultiFlexi/ConfigField.php:54
/home/vitex/Projects/Multi/php-vitexsoftware-multiflexi-core/tests/src/MultiFlexi/ConfigFieldsTest.php:205</error>
        </testcase>
        <testcase name="testGetEnvArray" file="/home/vitex/Projects/Multi/php-vitexsoftware-multiflexi-core/tests/src/MultiFlexi/ConfigFieldsTest.php" line="92" class="Tests\MultiFlexi\ConfigFieldsTest" classname="Tests.MultiFlexi.ConfigFieldsTest" assertions="0" time="0.005398">
          <error type="InvalidArgumentException">Tests\MultiFlexi\ConfigFieldsTest::testGetEnvArray
InvalidArgumentException: Invalid type: number. Allowed types are: string, file-path, email, url, integer, float, bool, password, set, text

/home/vitex/Projects/Multi/php-vitexsoftware-multiflexi-core/src/MultiFlexi/ConfigField.php:166
/home/vitex/Projects/Multi/php-vitexsoftware-multiflexi-core/src/MultiFlexi/ConfigField.php:54
/home/vitex/Projects/Multi/php-vitexsoftware-multiflexi-core/tests/src/MultiFlexi/ConfigFieldsTest.php:99</error>
        </testcase>
        <testcase name="testIterator" file="/home/vitex/Projects/Multi/php-vitexsoftware-multiflexi-core/tests/src/MultiFlexi/ConfigFieldsTest.php" line="115" class="Tests\MultiFlexi\ConfigFieldsTest" classname="Tests.MultiFlexi.ConfigFieldsTest" assertions="0" time="0.005001">
          <error type="InvalidArgumentException">Tests\MultiFlexi\ConfigFieldsTest::testIterator
InvalidArgumentException: Invalid type: number. Allowed types are: string, file-path, email, url, integer, float, bool, password, set, text

/home/vitex/Projects/Multi/php-vitexsoftware-multiflexi-core/src/MultiFlexi/ConfigField.php:166
/home/vitex/Projects/Multi/php-vitexsoftware-multiflexi-core/src/MultiFlexi/ConfigField.php:54
/home/vitex/Projects/Multi/php-vitexsoftware-multiflexi-core/tests/src/MultiFlexi/ConfigFieldsTest.php:120</error>
        </testcase>
        <testcase name="testAddFields" file="/home/vitex/Projects/Multi/php-vitexsoftware-multiflexi-core/tests/src/MultiFlexi/ConfigFieldsTest.php" line="147" class="Tests\MultiFlexi\ConfigFieldsTest" classname="Tests.MultiFlexi.ConfigFieldsTest" assertions="0" time="0.005656">
          <error type="InvalidArgumentException">Tests\MultiFlexi\ConfigFieldsTest::testAddFields
InvalidArgumentException: Invalid type: number. Allowed types are: string, file-path, email, url, integer, float, bool, password, set, text

/home/vitex/Projects/Multi/php-vitexsoftware-multiflexi-core/src/MultiFlexi/ConfigField.php:166
/home/vitex/Projects/Multi/php-vitexsoftware-multiflexi-core/src/MultiFlexi/ConfigField.php:54
/home/vitex/Projects/Multi/php-vitexsoftware-multiflexi-core/tests/src/MultiFlexi/ConfigFieldsTest.php:153</error>
        </testcase>
        <testcase name="testAddFieldsMergesFields" file="/home/vitex/Projects/Multi/php-vitexsoftware-multiflexi-core/tests/src/MultiFlexi/ConfigFieldsTest.php" line="278" class="Tests\MultiFlexi\ConfigFieldsTest" classname="Tests.MultiFlexi.ConfigFieldsTest" assertions="0" time="0.004662">
          <error type="InvalidArgumentException">Tests\MultiFlexi\ConfigFieldsTest::testAddFieldsMergesFields
InvalidArgumentException: Invalid type: number. Allowed types are: string, file-path, email, url, integer, float, bool, password, set, text

/home/vitex/Projects/Multi/php-vitexsoftware-multiflexi-core/src/MultiFlexi/ConfigField.php:166
/home/vitex/Projects/Multi/php-vitexsoftware-multiflexi-core/src/MultiFlexi/ConfigField.php:54
/home/vitex/Projects/Multi/php-vitexsoftware-multiflexi-core/tests/src/MultiFlexi/ConfigFieldsTest.php:284</error>
        </testcase>
        <testcase name="testFieldRetrieval" file="/home/vitex/Projects/Multi/php-vitexsoftware-multiflexi-core/tests/src/MultiFlexi/ConfigFieldsTest.php" line="57" class="Tests\MultiFlexi\ConfigFieldsTest" classname="Tests.MultiFlexi.ConfigFieldsTest" assertions="0" time="0.009653">
          <error type="InvalidArgumentException">Tests\MultiFlexi\ConfigFieldsTest::testFieldRetrieval
InvalidArgumentException: Invalid type: number. Allowed types are: string, file-path, email, url, integer, float, bool, password, set, text

/home/vitex/Projects/Multi/php-vitexsoftware-multiflexi-core/src/MultiFlexi/ConfigField.php:166
/home/vitex/Projects/Multi/php-vitexsoftware-multiflexi-core/src/MultiFlexi/ConfigField.php:54
/home/vitex/Projects/Multi/php-vitexsoftware-multiflexi-core/tests/src/MultiFlexi/ConfigFieldsTest.php:62</error>
        </testcase>
        <testcase name="testGetFieldNames" file="/home/vitex/Projects/Multi/php-vitexsoftware-multiflexi-core/tests/src/MultiFlexi/ConfigFieldsTest.php" line="168" class="Tests\MultiFlexi\ConfigFieldsTest" classname="Tests.MultiFlexi.ConfigFieldsTest" assertions="0" time="0.010054">
          <error type="InvalidArgumentException">Tests\MultiFlexi\ConfigFieldsTest::testGetFieldNames
InvalidArgumentException: Invalid type: number. Allowed types are: string, file-path, email, url, integer, float, bool, password, set, text

/home/vitex/Projects/Multi/php-vitexsoftware-multiflexi-core/src/MultiFlexi/ConfigField.php:166
/home/vitex/Projects/Multi/php-vitexsoftware-multiflexi-core/src/MultiFlexi/ConfigField.php:54
/home/vitex/Projects/Multi/php-vitexsoftware-multiflexi-core/tests/src/MultiFlexi/ConfigFieldsTest.php:173</error>
        </testcase>
        <testcase name="testConstructor" file="/home/vitex/Projects/Multi/php-vitexsoftware-multiflexi-core/tests/src/MultiFlexi/ConfigFieldsTest.php" line="30" class="Tests\MultiFlexi\ConfigFieldsTest" classname="Tests.MultiFlexi.ConfigFieldsTest" assertions="4" time="0.007041"/>
        <testcase name="testAddField" file="/home/vitex/Projects/Multi/php-vitexsoftware-multiflexi-core/tests/src/MultiFlexi/ConfigFieldsTest.php" line="44" class="Tests\MultiFlexi\ConfigFieldsTest" classname="Tests.MultiFlexi.ConfigFieldsTest" assertions="2" time="0.003596"/>
        <testcase name="testNameAccessors" file="/home/vitex/Projects/Multi/php-vitexsoftware-multiflexi-core/tests/src/MultiFlexi/ConfigFieldsTest.php" line="189" class="Tests\MultiFlexi\ConfigFieldsTest" classname="Tests.MultiFlexi.ConfigFieldsTest" assertions="2" time="0.001718"/>
        <testcase name="testAddFieldSortsFields" file="/home/vitex/Projects/Multi/php-vitexsoftware-multiflexi-core/tests/src/MultiFlexi/ConfigFieldsTest.php" line="230" class="Tests\MultiFlexi\ConfigFieldsTest" classname="Tests.MultiFlexi.ConfigFieldsTest" assertions="1" time="0.003383"/>
        <testcase name="testGetFieldByCodeReferenceAndSource" file="/home/vitex/Projects/Multi/php-vitexsoftware-multiflexi-core/tests/src/MultiFlexi/ConfigFieldsTest.php" line="249" class="Tests\MultiFlexi\ConfigFieldsTest" classname="Tests.MultiFlexi.ConfigFieldsTest" assertions="3" time="0.001956"/>
        <testcase name="testSetNameReturnsSelfAndUpdatesName" file="/home/vitex/Projects/Multi/php-vitexsoftware-multiflexi-core/tests/src/MultiFlexi/ConfigFieldsTest.php" line="267" class="Tests\MultiFlexi\ConfigFieldsTest" classname="Tests.MultiFlexi.ConfigFieldsTest" assertions="2" time="0.001931"/>
        <testcase name="testGetFieldNamesReturnsCodes" file="/home/vitex/Projects/Multi/php-vitexsoftware-multiflexi-core/tests/src/MultiFlexi/ConfigFieldsTest.php" line="298" class="Tests\MultiFlexi\ConfigFieldsTest" classname="Tests.MultiFlexi.ConfigFieldsTest" assertions="1" time="0.002455"/>
        <testcase name="testIteratorMethods" file="/home/vitex/Projects/Multi/php-vitexsoftware-multiflexi-core/tests/src/MultiFlexi/ConfigFieldsTest.php" line="314" class="Tests\MultiFlexi\ConfigFieldsTest" classname="Tests.MultiFlexi.ConfigFieldsTest" assertions="8" time="0.001487"/>
      </testsuite>
      <testsuite name="Test\MultiFlexi\ConfigurationTest" file="/home/vitex/Projects/Multi/php-vitexsoftware-multiflexi-core/tests/src/MultiFlexi/ConfigurationTest.php" tests="5" assertions="0" errors="5" failures="0" skipped="0" time="0.042469">
        <testcase name="testgetName" file="/home/vitex/Projects/Multi/php-vitexsoftware-multiflexi-core/tests/src/MultiFlexi/ConfigurationTest.php" line="49" class="Test\MultiFlexi\ConfigurationTest" classname="Test.MultiFlexi.ConfigurationTest" assertions="0" time="0.007734">
          <error type="Error">Test\MultiFlexi\ConfigurationTest::testgetName
Error: Call to undefined method MultiFlexi\Configuration::getName()

/home/vitex/Projects/Multi/php-vitexsoftware-multiflexi-core/tests/src/MultiFlexi/ConfigurationTest.php:51</error>
        </testcase>
        <testcase name="testtakeData" file="/home/vitex/Projects/Multi/php-vitexsoftware-multiflexi-core/tests/src/MultiFlexi/ConfigurationTest.php" line="73" class="Test\MultiFlexi\ConfigurationTest" classname="Test.MultiFlexi.ConfigurationTest" assertions="0" time="0.008557">
          <error type="ArgumentCountError">Test\MultiFlexi\ConfigurationTest::testtakeData
ArgumentCountError: Too few arguments to function MultiFlexi\Configuration::takeData(), 0 passed in /home/vitex/Projects/Multi/php-vitexsoftware-multiflexi-core/tests/src/MultiFlexi/ConfigurationTest.php on line 75 and exactly 1 expected

/home/vitex/Projects/Multi/php-vitexsoftware-multiflexi-core/src/MultiFlexi/Configuration.php:77
/home/vitex/Projects/Multi/php-vitexsoftware-multiflexi-core/tests/src/MultiFlexi/ConfigurationTest.php:75</error>
        </testcase>
        <testcase name="testsetEnvironment" file="/home/vitex/Projects/Multi/php-vitexsoftware-multiflexi-core/tests/src/MultiFlexi/ConfigurationTest.php" line="85" class="Test\MultiFlexi\ConfigurationTest" classname="Test.MultiFlexi.ConfigurationTest" assertions="0" time="0.006670">
          <error type="ArgumentCountError">Test\MultiFlexi\ConfigurationTest::testsetEnvironment
ArgumentCountError: Too few arguments to function MultiFlexi\Configuration::setEnvironment(), 0 passed in /home/vitex/Projects/Multi/php-vitexsoftware-multiflexi-core/tests/src/MultiFlexi/ConfigurationTest.php on line 87 and exactly 2 expected

/home/vitex/Projects/Multi/php-vitexsoftware-multiflexi-core/src/MultiFlexi/Configuration.php:96
/home/vitex/Projects/Multi/php-vitexsoftware-multiflexi-core/tests/src/MultiFlexi/ConfigurationTest.php:87</error>
        </testcase>
        <testcase name="testgetAppConfig" file="/home/vitex/Projects/Multi/php-vitexsoftware-multiflexi-core/tests/src/MultiFlexi/ConfigurationTest.php" line="97" class="Test\MultiFlexi\ConfigurationTest" classname="Test.MultiFlexi.ConfigurationTest" assertions="0" time="0.006538">
          <error type="ArgumentCountError">Test\MultiFlexi\ConfigurationTest::testgetAppConfig
ArgumentCountError: Too few arguments to function MultiFlexi\Configuration::getAppConfig(), 0 passed in /home/vitex/Projects/Multi/php-vitexsoftware-multiflexi-core/tests/src/MultiFlexi/ConfigurationTest.php on line 99 and exactly 2 expected

/home/vitex/Projects/Multi/php-vitexsoftware-multiflexi-core/src/MultiFlexi/Configuration.php:107
/home/vitex/Projects/Multi/php-vitexsoftware-multiflexi-core/tests/src/MultiFlexi/ConfigurationTest.php:99</error>
        </testcase>
        <testcase name="testsaveToSQL" file="/home/vitex/Projects/Multi/php-vitexsoftware-multiflexi-core/tests/src/MultiFlexi/ConfigurationTest.php" line="61" class="Test\MultiFlexi\ConfigurationTest" classname="Test.MultiFlexi.ConfigurationTest" assertions="0" time="0.012970">
          <error type="Error">Test\MultiFlexi\ConfigurationTest::testsaveToSQL
Error: Interface "MultiFlexi\Ui\columns" not found

/home/vitex/Projects/Multi/php-vitexsoftware-multiflexi-core/src/MultiFlexi/User.php:26
/home/vitex/Projects/Multi/php-vitexsoftware-multiflexi-core/src/MultiFlexi/LogToSQL.php:37
/home/vitex/Projects/Multi/php-vitexsoftware-multiflexi-core/src/MultiFlexi/LogToSQL.php:52
/home/vitex/Projects/Multi/php-vitexsoftware-multiflexi-core/vendor/vitexsoftware/ease-core/src/Ease/Logger/Regent.php:105
/home/vitex/Projects/Multi/php-vitexsoftware-multiflexi-core/vendor/vitexsoftware/ease-core/src/Ease/Logger/Regent.php:178
/home/vitex/Projects/Multi/php-vitexsoftware-multiflexi-core/vendor/vitexsoftware/ease-core/src/Ease/Logger/Logging.php:83
/home/vitex/Projects/Multi/php-vitexsoftware-multiflexi-core/vendor/vitexsoftware/ease-core/src/Ease/Logger/Logging.php:50
/home/vitex/Projects/Multi/php-vitexsoftware-multiflexi-core/vendor/vitexsoftware/ease-fluentpdo/src/Ease/SQL/Orm.php:479
/home/vitex/Projects/Multi/php-vitexsoftware-multiflexi-core/src/MultiFlexi/Configuration.php:63
/home/vitex/Projects/Multi/php-vitexsoftware-multiflexi-core/tests/src/MultiFlexi/ConfigurationTest.php:63</error>
        </testcase>
      </testsuite>
      <testsuite name="Tests\MultiFlexi\CredataTest" file="/home/vitex/Projects/Multi/php-vitexsoftware-multiflexi-core/tests/src/MultiFlexi/CredataTest.php" tests="9" assertions="0" errors="9" failures="0" skipped="0" time="0.000000">
        <testcase name="testInitialization" file="/home/vitex/Projects/Multi/php-vitexsoftware-multiflexi-core/tests/src/MultiFlexi/CredataTest.php" line="45" class="Tests\MultiFlexi\CredataTest" classname="Tests.MultiFlexi.CredataTest" assertions="0" time="0.000000">
          <error type="Error">Tests\MultiFlexi\CredataTest::testInitialization
Error: Call to undefined method PHPUnit\Framework\MockObject\MockBuilder::setMethods()

/home/vitex/Projects/Multi/php-vitexsoftware-multiflexi-core/tests/src/MultiFlexi/CredataTest.php:38</error>
        </testcase>
        <testcase name="testInsertToSQL" file="/home/vitex/Projects/Multi/php-vitexsoftware-multiflexi-core/tests/src/MultiFlexi/CredataTest.php" line="60" class="Tests\MultiFlexi\CredataTest" classname="Tests.MultiFlexi.CredataTest" assertions="0" time="0.000000">
          <error type="Error">Tests\MultiFlexi\CredataTest::testInsertToSQL
Error: Call to undefined method PHPUnit\Framework\MockObject\MockBuilder::setMethods()

/home/vitex/Projects/Multi/php-vitexsoftware-multiflexi-core/tests/src/MultiFlexi/CredataTest.php:38</error>
        </testcase>
        <testcase name="testUpdateToSQL" file="/home/vitex/Projects/Multi/php-vitexsoftware-multiflexi-core/tests/src/MultiFlexi/CredataTest.php" line="86" class="Tests\MultiFlexi\CredataTest" classname="Tests.MultiFlexi.CredataTest" assertions="0" time="0.000000">
          <error type="Error">Tests\MultiFlexi\CredataTest::testUpdateToSQL
Error: Call to undefined method PHPUnit\Framework\MockObject\MockBuilder::setMethods()

/home/vitex/Projects/Multi/php-vitexsoftware-multiflexi-core/tests/src/MultiFlexi/CredataTest.php:38</error>
        </testcase>
        <testcase name="testDeleteFromSQL" file="/home/vitex/Projects/Multi/php-vitexsoftware-multiflexi-core/tests/src/MultiFlexi/CredataTest.php" line="117" class="Tests\MultiFlexi\CredataTest" classname="Tests.MultiFlexi.CredataTest" assertions="0" time="0.000000">
          <error type="Error">Tests\MultiFlexi\CredataTest::testDeleteFromSQL
Error: Call to undefined method PHPUnit\Framework\MockObject\MockBuilder::setMethods()

/home/vitex/Projects/Multi/php-vitexsoftware-multiflexi-core/tests/src/MultiFlexi/CredataTest.php:38</error>
        </testcase>
        <testcase name="testCredentialIntegration" file="/home/vitex/Projects/Multi/php-vitexsoftware-multiflexi-core/tests/src/MultiFlexi/CredataTest.php" line="138" class="Tests\MultiFlexi\CredataTest" classname="Tests.MultiFlexi.CredataTest" assertions="0" time="0.000000">
          <error type="Error">Tests\MultiFlexi\CredataTest::testCredentialIntegration
Error: Call to undefined method PHPUnit\Framework\MockObject\MockBuilder::setMethods()

/home/vitex/Projects/Multi/php-vitexsoftware-multiflexi-core/tests/src/MultiFlexi/CredataTest.php:38</error>
        </testcase>
        <testcase name="testErrorHandlingOnInsert" file="/home/vitex/Projects/Multi/php-vitexsoftware-multiflexi-core/tests/src/MultiFlexi/CredataTest.php" line="194" class="Tests\MultiFlexi\CredataTest" classname="Tests.MultiFlexi.CredataTest" assertions="0" time="0.000000">
          <error type="Error">Tests\MultiFlexi\CredataTest::testErrorHandlingOnInsert
Error: Call to undefined method PHPUnit\Framework\MockObject\MockBuilder::setMethods()

/home/vitex/Projects/Multi/php-vitexsoftware-multiflexi-core/tests/src/MultiFlexi/CredataTest.php:38</error>
        </testcase>
        <testcase name="testErrorHandlingOnUpdate" file="/home/vitex/Projects/Multi/php-vitexsoftware-multiflexi-core/tests/src/MultiFlexi/CredataTest.php" line="213" class="Tests\MultiFlexi\CredataTest" classname="Tests.MultiFlexi.CredataTest" assertions="0" time="0.000000">
          <error type="Error">Tests\MultiFlexi\CredataTest::testErrorHandlingOnUpdate
Error: Call to undefined method PHPUnit\Framework\MockObject\MockBuilder::setMethods()

/home/vitex/Projects/Multi/php-vitexsoftware-multiflexi-core/tests/src/MultiFlexi/CredataTest.php:38</error>
        </testcase>
        <testcase name="testHandlingDifferentFieldTypes" file="/home/vitex/Projects/Multi/php-vitexsoftware-multiflexi-core/tests/src/MultiFlexi/CredataTest.php" line="235" class="Tests\MultiFlexi\CredataTest" classname="Tests.MultiFlexi.CredataTest" assertions="0" time="0.000000">
          <error type="Error">Tests\MultiFlexi\CredataTest::testHandlingDifferentFieldTypes
Error: Call to undefined method PHPUnit\Framework\MockObject\MockBuilder::setMethods()

/home/vitex/Projects/Multi/php-vitexsoftware-multiflexi-core/tests/src/MultiFlexi/CredataTest.php:38</error>
        </testcase>
        <testcase name="testHandlingMultipleCredentialValues" file="/home/vitex/Projects/Multi/php-vitexsoftware-multiflexi-core/tests/src/MultiFlexi/CredataTest.php" line="285" class="Tests\MultiFlexi\CredataTest" classname="Tests.MultiFlexi.CredataTest" assertions="0" time="0.000000">
          <error type="Error">Tests\MultiFlexi\CredataTest::testHandlingMultipleCredentialValues
Error: Call to undefined method PHPUnit\Framework\MockObject\MockBuilder::setMethods()

/home/vitex/Projects/Multi/php-vitexsoftware-multiflexi-core/tests/src/MultiFlexi/CredataTest.php:38</error>
        </testcase>
      </testsuite>
      <testsuite name="Tests\MultiFlexi\CredentialConfigFieldsTest" file="/home/vitex/Projects/Multi/php-vitexsoftware-multiflexi-core/tests/src/MultiFlexi/CredentialConfigFieldsTest.php" tests="11" assertions="0" errors="11" failures="0" skipped="0" time="0.000000">
        <testcase name="testConstructWithCredential" file="/home/vitex/Projects/Multi/php-vitexsoftware-multiflexi-core/tests/src/MultiFlexi/CredentialConfigFieldsTest.php" line="57" class="Tests\MultiFlexi\CredentialConfigFieldsTest" classname="Tests.MultiFlexi.CredentialConfigFieldsTest" assertions="0" time="0.000000">
          <error type="PHPUnit\Framework\MockObject\MethodCannotBeConfiguredException">Tests\MultiFlexi\CredentialConfigFieldsTest::testConstructWithCredential
PHPUnit\Framework\MockObject\MethodCannotBeConfiguredException: Trying to configure method "getId" which cannot be configured because it does not exist, has not been specified, is final, or is static

/home/vitex/Projects/Multi/php-vitexsoftware-multiflexi-core/tests/src/MultiFlexi/CredentialConfigFieldsTest.php:46</error>
        </testcase>
        <testcase name="testConstructWithoutCredential" file="/home/vitex/Projects/Multi/php-vitexsoftware-multiflexi-core/tests/src/MultiFlexi/CredentialConfigFieldsTest.php" line="71" class="Tests\MultiFlexi\CredentialConfigFieldsTest" classname="Tests.MultiFlexi.CredentialConfigFieldsTest" assertions="0" time="0.000000">
          <error type="PHPUnit\Framework\MockObject\MethodCannotBeConfiguredException">Tests\MultiFlexi\CredentialConfigFieldsTest::testConstructWithoutCredential
PHPUnit\Framework\MockObject\MethodCannotBeConfiguredException: Trying to configure method "getId" which cannot be configured because it does not exist, has not been specified, is final, or is static

/home/vitex/Projects/Multi/php-vitexsoftware-multiflexi-core/tests/src/MultiFlexi/CredentialConfigFieldsTest.php:46</error>
        </testcase>
        <testcase name="testGetCredential" file="/home/vitex/Projects/Multi/php-vitexsoftware-multiflexi-core/tests/src/MultiFlexi/CredentialConfigFieldsTest.php" line="85" class="Tests\MultiFlexi\CredentialConfigFieldsTest" classname="Tests.MultiFlexi.CredentialConfigFieldsTest" assertions="0" time="0.000000">
          <error type="PHPUnit\Framework\MockObject\MethodCannotBeConfiguredException">Tests\MultiFlexi\CredentialConfigFieldsTest::testGetCredential
PHPUnit\Framework\MockObject\MethodCannotBeConfiguredException: Trying to configure method "getId" which cannot be configured because it does not exist, has not been specified, is final, or is static

/home/vitex/Projects/Multi/php-vitexsoftware-multiflexi-core/tests/src/MultiFlexi/CredentialConfigFieldsTest.php:46</error>
        </testcase>
        <testcase name="testSetCredential" file="/home/vitex/Projects/Multi/php-vitexsoftware-multiflexi-core/tests/src/MultiFlexi/CredentialConfigFieldsTest.php" line="95" class="Tests\MultiFlexi\CredentialConfigFieldsTest" classname="Tests.MultiFlexi.CredentialConfigFieldsTest" assertions="0" time="0.000000">
          <error type="PHPUnit\Framework\MockObject\MethodCannotBeConfiguredException">Tests\MultiFlexi\CredentialConfigFieldsTest::testSetCredential
PHPUnit\Framework\MockObject\MethodCannotBeConfiguredException: Trying to configure method "getId" which cannot be configured because it does not exist, has not been specified, is final, or is static

/home/vitex/Projects/Multi/php-vitexsoftware-multiflexi-core/tests/src/MultiFlexi/CredentialConfigFieldsTest.php:46</error>
        </testcase>
        <testcase name="testAddFieldsFromCredential" file="/home/vitex/Projects/Multi/php-vitexsoftware-multiflexi-core/tests/src/MultiFlexi/CredentialConfigFieldsTest.php" line="118" class="Tests\MultiFlexi\CredentialConfigFieldsTest" classname="Tests.MultiFlexi.CredentialConfigFieldsTest" assertions="0" time="0.000000">
          <error type="PHPUnit\Framework\MockObject\MethodCannotBeConfiguredException">Tests\MultiFlexi\CredentialConfigFieldsTest::testAddFieldsFromCredential
PHPUnit\Framework\MockObject\MethodCannotBeConfiguredException: Trying to configure method "getId" which cannot be configured because it does not exist, has not been specified, is final, or is static

/home/vitex/Projects/Multi/php-vitexsoftware-multiflexi-core/tests/src/MultiFlexi/CredentialConfigFieldsTest.php:46</error>
        </testcase>
        <testcase name="testAddFieldsFromCredentialEmpty" file="/home/vitex/Projects/Multi/php-vitexsoftware-multiflexi-core/tests/src/MultiFlexi/CredentialConfigFieldsTest.php" line="156" class="Tests\MultiFlexi\CredentialConfigFieldsTest" classname="Tests.MultiFlexi.CredentialConfigFieldsTest" assertions="0" time="0.000000">
          <error type="PHPUnit\Framework\MockObject\MethodCannotBeConfiguredException">Tests\MultiFlexi\CredentialConfigFieldsTest::testAddFieldsFromCredentialEmpty
PHPUnit\Framework\MockObject\MethodCannotBeConfiguredException: Trying to configure method "getId" which cannot be configured because it does not exist, has not been specified, is final, or is static

/home/vitex/Projects/Multi/php-vitexsoftware-multiflexi-core/tests/src/MultiFlexi/CredentialConfigFieldsTest.php:46</error>
        </testcase>
        <testcase name="testLoadFromArray" file="/home/vitex/Projects/Multi/php-vitexsoftware-multiflexi-core/tests/src/MultiFlexi/CredentialConfigFieldsTest.php" line="175" class="Tests\MultiFlexi\CredentialConfigFieldsTest" classname="Tests.MultiFlexi.CredentialConfigFieldsTest" assertions="0" time="0.000000">
          <error type="PHPUnit\Framework\MockObject\MethodCannotBeConfiguredException">Tests\MultiFlexi\CredentialConfigFieldsTest::testLoadFromArray
PHPUnit\Framework\MockObject\MethodCannotBeConfiguredException: Trying to configure method "getId" which cannot be configured because it does not exist, has not been specified, is final, or is static

/home/vitex/Projects/Multi/php-vitexsoftware-multiflexi-core/tests/src/MultiFlexi/CredentialConfigFieldsTest.php:46</error>
        </testcase>
        <testcase name="testLoadFromJson" file="/home/vitex/Projects/Multi/php-vitexsoftware-multiflexi-core/tests/src/MultiFlexi/CredentialConfigFieldsTest.php" line="208" class="Tests\MultiFlexi\CredentialConfigFieldsTest" classname="Tests.MultiFlexi.CredentialConfigFieldsTest" assertions="0" time="0.000000">
          <error type="PHPUnit\Framework\MockObject\MethodCannotBeConfiguredException">Tests\MultiFlexi\CredentialConfigFieldsTest::testLoadFromJson
PHPUnit\Framework\MockObject\MethodCannotBeConfiguredException: Trying to configure method "getId" which cannot be configured because it does not exist, has not been specified, is final, or is static

/home/vitex/Projects/Multi/php-vitexsoftware-multiflexi-core/tests/src/MultiFlexi/CredentialConfigFieldsTest.php:46</error>
        </testcase>
        <testcase name="testSetLogo" file="/home/vitex/Projects/Multi/php-vitexsoftware-multiflexi-core/tests/src/MultiFlexi/CredentialConfigFieldsTest.php" line="239" class="Tests\MultiFlexi\CredentialConfigFieldsTest" classname="Tests.MultiFlexi.CredentialConfigFieldsTest" assertions="0" time="0.000000">
          <error type="PHPUnit\Framework\MockObject\MethodCannotBeConfiguredException">Tests\MultiFlexi\CredentialConfigFieldsTest::testSetLogo
PHPUnit\Framework\MockObject\MethodCannotBeConfiguredException: Trying to configure method "getId" which cannot be configured because it does not exist, has not been specified, is final, or is static

/home/vitex/Projects/Multi/php-vitexsoftware-multiflexi-core/tests/src/MultiFlexi/CredentialConfigFieldsTest.php:46</error>
        </testcase>
        <testcase name="testSetLogoNoCredential" file="/home/vitex/Projects/Multi/php-vitexsoftware-multiflexi-core/tests/src/MultiFlexi/CredentialConfigFieldsTest.php" line="265" class="Tests\MultiFlexi\CredentialConfigFieldsTest" classname="Tests.MultiFlexi.CredentialConfigFieldsTest" assertions="0" time="0.000000">
          <error type="PHPUnit\Framework\MockObject\MethodCannotBeConfiguredException">Tests\MultiFlexi\CredentialConfigFieldsTest::testSetLogoNoCredential
PHPUnit\Framework\MockObject\MethodCannotBeConfiguredException: Trying to configure method "getId" which cannot be configured because it does not exist, has not been specified, is final, or is static

/home/vitex/Projects/Multi/php-vitexsoftware-multiflexi-core/tests/src/MultiFlexi/CredentialConfigFieldsTest.php:46</error>
        </testcase>
        <testcase name="testInheritedMethods" file="/home/vitex/Projects/Multi/php-vitexsoftware-multiflexi-core/tests/src/MultiFlexi/CredentialConfigFieldsTest.php" line="284" class="Tests\MultiFlexi\CredentialConfigFieldsTest" classname="Tests.MultiFlexi.CredentialConfigFieldsTest" assertions="0" time="0.000000">
          <error type="PHPUnit\Framework\MockObject\MethodCannotBeConfiguredException">Tests\MultiFlexi\CredentialConfigFieldsTest::testInheritedMethods
PHPUnit\Framework\MockObject\MethodCannotBeConfiguredException: Trying to configure method "getId" which cannot be configured because it does not exist, has not been specified, is final, or is static

/home/vitex/Projects/Multi/php-vitexsoftware-multiflexi-core/tests/src/MultiFlexi/CredentialConfigFieldsTest.php:46</error>
        </testcase>
      </testsuite>
      <testsuite name="CredentialTest" file="/home/vitex/Projects/Multi/php-vitexsoftware-multiflexi-core/tests/src/MultiFlexi/CredentialTest.php" tests="9" assertions="0" errors="9" failures="0" skipped="0" time="0.000000">
        <testcase name="testConstruct" file="/home/vitex/Projects/Multi/php-vitexsoftware-multiflexi-core/tests/src/MultiFlexi/CredentialTest.php" line="46" class="CredentialTest" classname="CredentialTest" assertions="0" time="0.000000">
          <error type="Error">CredentialTest::testConstruct
Error: Call to undefined method Ease\Shared::setDbLink()

/home/vitex/Projects/Multi/php-vitexsoftware-multiflexi-core/tests/src/MultiFlexi/CredentialTest.php:37</error>
        </testcase>
        <testcase name="testCredentialTypeAccessors" file="/home/vitex/Projects/Multi/php-vitexsoftware-multiflexi-core/tests/src/MultiFlexi/CredentialTest.php" line="63" class="CredentialTest" classname="CredentialTest" assertions="0" time="0.000000">
          <error type="Error">CredentialTest::testCredentialTypeAccessors
Error: Call to undefined method Ease\Shared::setDbLink()

/home/vitex/Projects/Multi/php-vitexsoftware-multiflexi-core/tests/src/MultiFlexi/CredentialTest.php:37</error>
        </testcase>
        <testcase name="testTakeData" file="/home/vitex/Projects/Multi/php-vitexsoftware-multiflexi-core/tests/src/MultiFlexi/CredentialTest.php" line="78" class="CredentialTest" classname="CredentialTest" assertions="0" time="0.000000">
          <error type="Error">CredentialTest::testTakeData
Error: Call to undefined method Ease\Shared::setDbLink()

/home/vitex/Projects/Multi/php-vitexsoftware-multiflexi-core/tests/src/MultiFlexi/CredentialTest.php:37</error>
        </testcase>
        <testcase name="testInsertToSQL" file="/home/vitex/Projects/Multi/php-vitexsoftware-multiflexi-core/tests/src/MultiFlexi/CredentialTest.php" line="107" class="CredentialTest" classname="CredentialTest" assertions="0" time="0.000000">
          <error type="Error">CredentialTest::testInsertToSQL
Error: Call to undefined method Ease\Shared::setDbLink()

/home/vitex/Projects/Multi/php-vitexsoftware-multiflexi-core/tests/src/MultiFlexi/CredentialTest.php:37</error>
        </testcase>
        <testcase name="testLoadFromSQL" file="/home/vitex/Projects/Multi/php-vitexsoftware-multiflexi-core/tests/src/MultiFlexi/CredentialTest.php" line="175" class="CredentialTest" classname="CredentialTest" assertions="0" time="0.000000">
          <error type="Error">CredentialTest::testLoadFromSQL
Error: Call to undefined method Ease\Shared::setDbLink()

/home/vitex/Projects/Multi/php-vitexsoftware-multiflexi-core/tests/src/MultiFlexi/CredentialTest.php:37</error>
        </testcase>
        <testcase name="testUpdateToSQL" file="/home/vitex/Projects/Multi/php-vitexsoftware-multiflexi-core/tests/src/MultiFlexi/CredentialTest.php" line="221" class="CredentialTest" classname="CredentialTest" assertions="0" time="0.000000">
          <error type="Error">CredentialTest::testUpdateToSQL
Error: Call to undefined method Ease\Shared::setDbLink()

/home/vitex/Projects/Multi/php-vitexsoftware-multiflexi-core/tests/src/MultiFlexi/CredentialTest.php:37</error>
        </testcase>
        <testcase name="testDeleteFromSQL" file="/home/vitex/Projects/Multi/php-vitexsoftware-multiflexi-core/tests/src/MultiFlexi/CredentialTest.php" line="292" class="CredentialTest" classname="CredentialTest" assertions="0" time="0.000000">
          <error type="Error">CredentialTest::testDeleteFromSQL
Error: Call to undefined method Ease\Shared::setDbLink()

/home/vitex/Projects/Multi/php-vitexsoftware-multiflexi-core/tests/src/MultiFlexi/CredentialTest.php:37</error>
        </testcase>
        <testcase name="testQuery" file="/home/vitex/Projects/Multi/php-vitexsoftware-multiflexi-core/tests/src/MultiFlexi/CredentialTest.php" line="328" class="CredentialTest" classname="CredentialTest" assertions="0" time="0.000000">
          <error type="Error">CredentialTest::testQuery
Error: Call to undefined method Ease\Shared::setDbLink()

/home/vitex/Projects/Multi/php-vitexsoftware-multiflexi-core/tests/src/MultiFlexi/CredentialTest.php:37</error>
        </testcase>
        <testcase name="testGetCompanyCredentials" file="/home/vitex/Projects/Multi/php-vitexsoftware-multiflexi-core/tests/src/MultiFlexi/CredentialTest.php" line="371" class="CredentialTest" classname="CredentialTest" assertions="0" time="0.000000">
          <error type="Error">CredentialTest::testGetCompanyCredentials
Error: Call to undefined method Ease\Shared::setDbLink()

/home/vitex/Projects/Multi/php-vitexsoftware-multiflexi-core/tests/src/MultiFlexi/CredentialTest.php:37</error>
        </testcase>
      </testsuite>
      <testsuite name="Test\MultiFlexi\ConfigFieldTest" file="/home/vitex/Projects/Multi/php-vitexsoftware-multiflexi-core/tests/src/MultiFlexi/ConfigFieldTest.php" tests="15" assertions="15" errors="0" failures="1" skipped="0" time="0.034091">
        <testcase name="testSetName" file="/home/vitex/Projects/Multi/php-vitexsoftware-multiflexi-core/tests/src/MultiFlexi/ConfigFieldTest.php" line="38" class="Test\MultiFlexi\ConfigFieldTest" classname="Test.MultiFlexi.ConfigFieldTest" assertions="1" time="0.001895"/>
        <testcase name="testGetArray" file="/home/vitex/Projects/Multi/php-vitexsoftware-multiflexi-core/tests/src/MultiFlexi/ConfigFieldTest.php" line="157" class="Test\MultiFlexi\ConfigFieldTest" classname="Test.MultiFlexi.ConfigFieldTest" assertions="1" time="0.007431">
          <failure type="PHPUnit\Framework\ExpectationFailedException">Test\MultiFlexi\ConfigFieldTest::testGetArray
Failed asserting that two arrays are equal.
--- Expected
+++ Actual
@@ @@
     'note' =&gt; ''
     'secret' =&gt; false
     'manual' =&gt; true
+    'multiline' =&gt; false
+    'expiring' =&gt; false
 )

/home/vitex/Projects/Multi/php-vitexsoftware-multiflexi-core/tests/src/MultiFlexi/ConfigFieldTest.php:173</failure>
        </testcase>
        <testcase name="testGetName" file="/home/vitex/Projects/Multi/php-vitexsoftware-multiflexi-core/tests/src/MultiFlexi/ConfigFieldTest.php" line="47" class="Test\MultiFlexi\ConfigFieldTest" classname="Test.MultiFlexi.ConfigFieldTest" assertions="1" time="0.002115"/>
        <testcase name="testSetDescription" file="/home/vitex/Projects/Multi/php-vitexsoftware-multiflexi-core/tests/src/MultiFlexi/ConfigFieldTest.php" line="55" class="Test\MultiFlexi\ConfigFieldTest" classname="Test.MultiFlexi.ConfigFieldTest" assertions="1" time="0.002552"/>
        <testcase name="testGetDescription" file="/home/vitex/Projects/Multi/php-vitexsoftware-multiflexi-core/tests/src/MultiFlexi/ConfigFieldTest.php" line="64" class="Test\MultiFlexi\ConfigFieldTest" classname="Test.MultiFlexi.ConfigFieldTest" assertions="1" time="0.001746"/>
        <testcase name="testSetHint" file="/home/vitex/Projects/Multi/php-vitexsoftware-multiflexi-core/tests/src/MultiFlexi/ConfigFieldTest.php" line="72" class="Test\MultiFlexi\ConfigFieldTest" classname="Test.MultiFlexi.ConfigFieldTest" assertions="1" time="0.001704"/>
        <testcase name="testGetHint" file="/home/vitex/Projects/Multi/php-vitexsoftware-multiflexi-core/tests/src/MultiFlexi/ConfigFieldTest.php" line="81" class="Test\MultiFlexi\ConfigFieldTest" classname="Test.MultiFlexi.ConfigFieldTest" assertions="1" time="0.001700"/>
        <testcase name="testSetValue" file="/home/vitex/Projects/Multi/php-vitexsoftware-multiflexi-core/tests/src/MultiFlexi/ConfigFieldTest.php" line="89" class="Test\MultiFlexi\ConfigFieldTest" classname="Test.MultiFlexi.ConfigFieldTest" assertions="1" time="0.001543"/>
        <testcase name="testGetValue" file="/home/vitex/Projects/Multi/php-vitexsoftware-multiflexi-core/tests/src/MultiFlexi/ConfigFieldTest.php" line="98" class="Test\MultiFlexi\ConfigFieldTest" classname="Test.MultiFlexi.ConfigFieldTest" assertions="1" time="0.002029"/>
        <testcase name="testSetCode" file="/home/vitex/Projects/Multi/php-vitexsoftware-multiflexi-core/tests/src/MultiFlexi/ConfigFieldTest.php" line="106" class="Test\MultiFlexi\ConfigFieldTest" classname="Test.MultiFlexi.ConfigFieldTest" assertions="1" time="0.001699"/>
        <testcase name="testGetCode" file="/home/vitex/Projects/Multi/php-vitexsoftware-multiflexi-core/tests/src/MultiFlexi/ConfigFieldTest.php" line="115" class="Test\MultiFlexi\ConfigFieldTest" classname="Test.MultiFlexi.ConfigFieldTest" assertions="1" time="0.001621"/>
        <testcase name="testSetRequired" file="/home/vitex/Projects/Multi/php-vitexsoftware-multiflexi-core/tests/src/MultiFlexi/ConfigFieldTest.php" line="123" class="Test\MultiFlexi\ConfigFieldTest" classname="Test.MultiFlexi.ConfigFieldTest" assertions="1" time="0.001646"/>
        <testcase name="testIsRequired" file="/home/vitex/Projects/Multi/php-vitexsoftware-multiflexi-core/tests/src/MultiFlexi/ConfigFieldTest.php" line="132" class="Test\MultiFlexi\ConfigFieldTest" classname="Test.MultiFlexi.ConfigFieldTest" assertions="1" time="0.002064"/>
        <testcase name="testSetSecret" file="/home/vitex/Projects/Multi/php-vitexsoftware-multiflexi-core/tests/src/MultiFlexi/ConfigFieldTest.php" line="140" class="Test\MultiFlexi\ConfigFieldTest" classname="Test.MultiFlexi.ConfigFieldTest" assertions="1" time="0.002663"/>
        <testcase name="testIsSecret" file="/home/vitex/Projects/Multi/php-vitexsoftware-multiflexi-core/tests/src/MultiFlexi/ConfigFieldTest.php" line="149" class="Test\MultiFlexi\ConfigFieldTest" classname="Test.MultiFlexi.ConfigFieldTest" assertions="1" time="0.001684"/>
      </testsuite>
      <testsuite name="MultiFlexi\Tests\CrTypeFieldTest" file="/home/vitex/Projects/Multi/php-vitexsoftware-multiflexi-core/tests/src/MultiFlexi/CrTypeFieldTest.php" tests="2" assertions="1" errors="0" failures="0" skipped="0" time="0.004978">
        <testcase name="testSomeFunctionality" file="/home/vitex/Projects/Multi/php-vitexsoftware-multiflexi-core/tests/src/MultiFlexi/CrTypeFieldTest.php" line="29" class="MultiFlexi\Tests\CrTypeFieldTest" classname="MultiFlexi.Tests.CrTypeFieldTest" assertions="0" time="0.002564"/>
        <testcase name="testInitialization" file="/home/vitex/Projects/Multi/php-vitexsoftware-multiflexi-core/tests/src/MultiFlexi/CrTypeFieldTest.php" line="23" class="MultiFlexi\Tests\CrTypeFieldTest" classname="MultiFlexi.Tests.CrTypeFieldTest" assertions="1" time="0.002414"/>
      </testsuite>
      <testsuite name="Tests\MultiFlexi\ConfigFieldWithHelperTest" file="/home/vitex/Projects/Multi/php-vitexsoftware-multiflexi-core/tests/src/MultiFlexi/ConfigFieldWithHelperTest.php" tests="11" assertions="48" errors="0" failures="0" skipped="0" time="0.023366">
        <testcase name="testConstructor" file="/home/vitex/Projects/Multi/php-vitexsoftware-multiflexi-core/tests/src/MultiFlexi/ConfigFieldWithHelperTest.php" line="49" class="Tests\MultiFlexi\ConfigFieldWithHelperTest" classname="Tests.MultiFlexi.ConfigFieldWithHelperTest" assertions="7" time="0.003281"/>
        <testcase name="testHelperMethods" file="/home/vitex/Projects/Multi/php-vitexsoftware-multiflexi-core/tests/src/MultiFlexi/ConfigFieldWithHelperTest.php" line="66" class="Tests\MultiFlexi\ConfigFieldWithHelperTest" classname="Tests.MultiFlexi.ConfigFieldWithHelperTest" assertions="3" time="0.001274"/>
        <testcase name="testGetData" file="/home/vitex/Projects/Multi/php-vitexsoftware-multiflexi-core/tests/src/MultiFlexi/ConfigFieldWithHelperTest.php" line="84" class="Tests\MultiFlexi\ConfigFieldWithHelperTest" classname="Tests.MultiFlexi.ConfigFieldWithHelperTest" assertions="9" time="0.001109"/>
        <testcase name="testDataValueMethods" file="/home/vitex/Projects/Multi/php-vitexsoftware-multiflexi-core/tests/src/MultiFlexi/ConfigFieldWithHelperTest.php" line="109" class="Tests\MultiFlexi\ConfigFieldWithHelperTest" classname="Tests.MultiFlexi.ConfigFieldWithHelperTest" assertions="3" time="0.001002"/>
        <testcase name="testParentClassInteraction" file="/home/vitex/Projects/Multi/php-vitexsoftware-multiflexi-core/tests/src/MultiFlexi/ConfigFieldWithHelperTest.php" line="129" class="Tests\MultiFlexi\ConfigFieldWithHelperTest" classname="Tests.MultiFlexi.ConfigFieldWithHelperTest" assertions="5" time="0.002366"/>
        <testcase name="testWithDifferentFieldTypes" file="/home/vitex/Projects/Multi/php-vitexsoftware-multiflexi-core/tests/src/MultiFlexi/ConfigFieldWithHelperTest.php" line="151" class="Tests\MultiFlexi\ConfigFieldWithHelperTest" classname="Tests.MultiFlexi.ConfigFieldWithHelperTest" assertions="5" time="0.001408"/>
        <testcase name="testRecordKeyTrait" file="/home/vitex/Projects/Multi/php-vitexsoftware-multiflexi-core/tests/src/MultiFlexi/ConfigFieldWithHelperTest.php" line="172" class="Tests\MultiFlexi\ConfigFieldWithHelperTest" classname="Tests.MultiFlexi.ConfigFieldWithHelperTest" assertions="1" time="0.002366"/>
        <testcase name="testInvalidFieldType" file="/home/vitex/Projects/Multi/php-vitexsoftware-multiflexi-core/tests/src/MultiFlexi/ConfigFieldWithHelperTest.php" line="184" class="Tests\MultiFlexi\ConfigFieldWithHelperTest" classname="Tests.MultiFlexi.ConfigFieldWithHelperTest" assertions="1" time="0.003775"/>
        <testcase name="testEdgeCases" file="/home/vitex/Projects/Multi/php-vitexsoftware-multiflexi-core/tests/src/MultiFlexi/ConfigFieldWithHelperTest.php" line="193" class="Tests\MultiFlexi\ConfigFieldWithHelperTest" classname="Tests.MultiFlexi.ConfigFieldWithHelperTest" assertions="6" time="0.001988"/>
        <testcase name="testMultipleDataValues" file="/home/vitex/Projects/Multi/php-vitexsoftware-multiflexi-core/tests/src/MultiFlexi/ConfigFieldWithHelperTest.php" line="214" class="Tests\MultiFlexi\ConfigFieldWithHelperTest" classname="Tests.MultiFlexi.ConfigFieldWithHelperTest" assertions="4" time="0.002925"/>
        <testcase name="testComplexDataValues" file="/home/vitex/Projects/Multi/php-vitexsoftware-multiflexi-core/tests/src/MultiFlexi/ConfigFieldWithHelperTest.php" line="234" class="Tests\MultiFlexi\ConfigFieldWithHelperTest" classname="Tests.MultiFlexi.ConfigFieldWithHelperTest" assertions="4" time="0.001872"/>
      </testsuite>
      <testsuite name="Tests\MultiFlexi\CredentialTypeTest" file="/home/vitex/Projects/Multi/php-vitexsoftware-multiflexi-core/tests/src/MultiFlexi/CredentialTypeTest.php" tests="10" assertions="0" errors="10" failures="0" skipped="0" time="0.000000">
        <testcase name="testInitialization" file="/home/vitex/Projects/Multi/php-vitexsoftware-multiflexi-core/tests/src/MultiFlexi/CredentialTypeTest.php" line="57" class="Tests\MultiFlexi\CredentialTypeTest" classname="Tests.MultiFlexi.CredentialTypeTest" assertions="0" time="0.000000">
          <error type="Error">Tests\MultiFlexi\CredentialTypeTest::testInitialization
Error: Call to undefined method PHPUnit\Framework\MockObject\MockBuilder::setMethods()

/home/vitex/Projects/Multi/php-vitexsoftware-multiflexi-core/tests/src/MultiFlexi/CredentialTypeTest.php:41</error>
        </testcase>
        <testcase name="testTakeDataWithValidData" file="/home/vitex/Projects/Multi/php-vitexsoftware-multiflexi-core/tests/src/MultiFlexi/CredentialTypeTest.php" line="67" class="Tests\MultiFlexi\CredentialTypeTest" classname="Tests.MultiFlexi.CredentialTypeTest" assertions="0" time="0.000000">
          <error type="Error">Tests\MultiFlexi\CredentialTypeTest::testTakeDataWithValidData
Error: Call to undefined method PHPUnit\Framework\MockObject\MockBuilder::setMethods()

/home/vitex/Projects/Multi/php-vitexsoftware-multiflexi-core/tests/src/MultiFlexi/CredentialTypeTest.php:41</error>
        </testcase>
        <testcase name="testTakeDataWithEmptyName" file="/home/vitex/Projects/Multi/php-vitexsoftware-multiflexi-core/tests/src/MultiFlexi/CredentialTypeTest.php" line="83" class="Tests\MultiFlexi\CredentialTypeTest" classname="Tests.MultiFlexi.CredentialTypeTest" assertions="0" time="0.000000">
          <error type="Error">Tests\MultiFlexi\CredentialTypeTest::testTakeDataWithEmptyName
Error: Call to undefined method PHPUnit\Framework\MockObject\MockBuilder::setMethods()

/home/vitex/Projects/Multi/php-vitexsoftware-multiflexi-core/tests/src/MultiFlexi/CredentialTypeTest.php:41</error>
        </testcase>
        <testcase name="testGetHelper" file="/home/vitex/Projects/Multi/php-vitexsoftware-multiflexi-core/tests/src/MultiFlexi/CredentialTypeTest.php" line="154" class="Tests\MultiFlexi\CredentialTypeTest" classname="Tests.MultiFlexi.CredentialTypeTest" assertions="0" time="0.000000">
          <error type="Error">Tests\MultiFlexi\CredentialTypeTest::testGetHelper
Error: Call to undefined method PHPUnit\Framework\MockObject\MockBuilder::setMethods()

/home/vitex/Projects/Multi/php-vitexsoftware-multiflexi-core/tests/src/MultiFlexi/CredentialTypeTest.php:41</error>
        </testcase>
        <testcase name="testColumns" file="/home/vitex/Projects/Multi/php-vitexsoftware-multiflexi-core/tests/src/MultiFlexi/CredentialTypeTest.php" line="182" class="Tests\MultiFlexi\CredentialTypeTest" classname="Tests.MultiFlexi.CredentialTypeTest" assertions="0" time="0.000000">
          <error type="Error">Tests\MultiFlexi\CredentialTypeTest::testColumns
Error: Call to undefined method PHPUnit\Framework\MockObject\MockBuilder::setMethods()

/home/vitex/Projects/Multi/php-vitexsoftware-multiflexi-core/tests/src/MultiFlexi/CredentialTypeTest.php:41</error>
        </testcase>
        <testcase name="testCompleteDataRow" file="/home/vitex/Projects/Multi/php-vitexsoftware-multiflexi-core/tests/src/MultiFlexi/CredentialTypeTest.php" line="201" class="Tests\MultiFlexi\CredentialTypeTest" classname="Tests.MultiFlexi.CredentialTypeTest" assertions="0" time="0.000000">
          <error type="Error">Tests\MultiFlexi\CredentialTypeTest::testCompleteDataRow
Error: Call to undefined method PHPUnit\Framework\MockObject\MockBuilder::setMethods()

/home/vitex/Projects/Multi/php-vitexsoftware-multiflexi-core/tests/src/MultiFlexi/CredentialTypeTest.php:41</error>
        </testcase>
        <testcase name="testGetFields" file="/home/vitex/Projects/Multi/php-vitexsoftware-multiflexi-core/tests/src/MultiFlexi/CredentialTypeTest.php" line="241" class="Tests\MultiFlexi\CredentialTypeTest" classname="Tests.MultiFlexi.CredentialTypeTest" assertions="0" time="0.000000">
          <error type="Error">Tests\MultiFlexi\CredentialTypeTest::testGetFields
Error: Call to undefined method PHPUnit\Framework\MockObject\MockBuilder::setMethods()

/home/vitex/Projects/Multi/php-vitexsoftware-multiflexi-core/tests/src/MultiFlexi/CredentialTypeTest.php:41</error>
        </testcase>
        <testcase name="testQuery" file="/home/vitex/Projects/Multi/php-vitexsoftware-multiflexi-core/tests/src/MultiFlexi/CredentialTypeTest.php" line="360" class="Tests\MultiFlexi\CredentialTypeTest" classname="Tests.MultiFlexi.CredentialTypeTest" assertions="0" time="0.000000">
          <error type="Error">Tests\MultiFlexi\CredentialTypeTest::testQuery
Error: Call to undefined method PHPUnit\Framework\MockObject\MockBuilder::setMethods()

/home/vitex/Projects/Multi/php-vitexsoftware-multiflexi-core/tests/src/MultiFlexi/CredentialTypeTest.php:41</error>
        </testcase>
        <testcase name="testGetLogo" file="/home/vitex/Projects/Multi/php-vitexsoftware-multiflexi-core/tests/src/MultiFlexi/CredentialTypeTest.php" line="416" class="Tests\MultiFlexi\CredentialTypeTest" classname="Tests.MultiFlexi.CredentialTypeTest" assertions="0" time="0.000000">
          <error type="Error">Tests\MultiFlexi\CredentialTypeTest::testGetLogo
Error: Call to undefined method PHPUnit\Framework\MockObject\MockBuilder::setMethods()

/home/vitex/Projects/Multi/php-vitexsoftware-multiflexi-core/tests/src/MultiFlexi/CredentialTypeTest.php:41</error>
        </testcase>
        <testcase name="testLoadFromSQL" file="/home/vitex/Projects/Multi/php-vitexsoftware-multiflexi-core/tests/src/MultiFlexi/CredentialTypeTest.php" line="426" class="Tests\MultiFlexi\CredentialTypeTest" classname="Tests.MultiFlexi.CredentialTypeTest" assertions="0" time="0.000000">
          <error type="Error">Tests\MultiFlexi\CredentialTypeTest::testLoadFromSQL
Error: Call to undefined method PHPUnit\Framework\MockObject\MockBuilder::setMethods()

/home/vitex/Projects/Multi/php-vitexsoftware-multiflexi-core/tests/src/MultiFlexi/CredentialTypeTest.php:41</error>
        </testcase>
      </testsuite>
      <testsuite name="Test\MultiFlexi\DBEngineTest" file="/home/vitex/Projects/Multi/php-vitexsoftware-multiflexi-core/tests/src/MultiFlexi/DBEngineTest.php" tests="61" assertions="17" errors="44" failures="6" skipped="11" time="0.388562">
        <testcase name="testrenderSelectize" file="/home/vitex/Projects/Multi/php-vitexsoftware-multiflexi-core/tests/src/MultiFlexi/DBEngineTest.php" line="565" class="Test\MultiFlexi\DBEngineTest" classname="Test.MultiFlexi.DBEngineTest" assertions="0" time="0.007094">
          <error type="ArgumentCountError">Test\MultiFlexi\DBEngineTest::testrenderSelectize
ArgumentCountError: Too few arguments to function MultiFlexi\DBEngine::renderSelectize(), 0 passed in /home/vitex/Projects/Multi/php-vitexsoftware-multiflexi-core/tests/src/MultiFlexi/DBEngineTest.php on line 567 and exactly 1 expected

/home/vitex/Projects/Multi/php-vitexsoftware-multiflexi-core/src/MultiFlexi/DBEngine.php:1182
/home/vitex/Projects/Multi/php-vitexsoftware-multiflexi-core/tests/src/MultiFlexi/DBEngineTest.php:567</error>
        </testcase>
        <testcase name="testrenderSelectized" file="/home/vitex/Projects/Multi/php-vitexsoftware-multiflexi-core/tests/src/MultiFlexi/DBEngineTest.php" line="577" class="Test\MultiFlexi\DBEngineTest" classname="Test.MultiFlexi.DBEngineTest" assertions="0" time="0.005696">
          <error type="ArgumentCountError">Test\MultiFlexi\DBEngineTest::testrenderSelectized
ArgumentCountError: Too few arguments to function MultiFlexi\DBEngine::renderSelectized(), 0 passed in /home/vitex/Projects/Multi/php-vitexsoftware-multiflexi-core/tests/src/MultiFlexi/DBEngineTest.php on line 579 and exactly 1 expected

/home/vitex/Projects/Multi/php-vitexsoftware-multiflexi-core/src/MultiFlexi/DBEngine.php:1209
/home/vitex/Projects/Multi/php-vitexsoftware-multiflexi-core/tests/src/MultiFlexi/DBEngineTest.php:579</error>
        </testcase>
        <testcase name="testgetColumnInfo" file="/home/vitex/Projects/Multi/php-vitexsoftware-multiflexi-core/tests/src/MultiFlexi/DBEngineTest.php" line="745" class="Test\MultiFlexi\DBEngineTest" classname="Test.MultiFlexi.DBEngineTest" assertions="0" time="0.007709">
          <error type="ArgumentCountError">Test\MultiFlexi\DBEngineTest::testgetColumnInfo
ArgumentCountError: Too few arguments to function MultiFlexi\DBEngine::getColumnInfo(), 0 passed in /home/vitex/Projects/Multi/php-vitexsoftware-multiflexi-core/tests/src/MultiFlexi/DBEngineTest.php on line 747 and exactly 1 expected

/home/vitex/Projects/Multi/php-vitexsoftware-multiflexi-core/src/MultiFlexi/DBEngine.php:1511
/home/vitex/Projects/Multi/php-vitexsoftware-multiflexi-core/tests/src/MultiFlexi/DBEngineTest.php:747</error>
        </testcase>
        <testcase name="testsetDetailPage" file="/home/vitex/Projects/Multi/php-vitexsoftware-multiflexi-core/tests/src/MultiFlexi/DBEngineTest.php" line="73" class="Test\MultiFlexi\DBEngineTest" classname="Test.MultiFlexi.DBEngineTest" assertions="1" time="0.004145">
          <skipped/>
        </testcase>
        <testcase name="testgetNameColumn" file="/home/vitex/Projects/Multi/php-vitexsoftware-multiflexi-core/tests/src/MultiFlexi/DBEngineTest.php" line="85" class="Test\MultiFlexi\DBEngineTest" classname="Test.MultiFlexi.DBEngineTest" assertions="1" time="0.005640">
          <skipped/>
        </testcase>
        <testcase name="testtranslate" file="/home/vitex/Projects/Multi/php-vitexsoftware-multiflexi-core/tests/src/MultiFlexi/DBEngineTest.php" line="97" class="Test\MultiFlexi\DBEngineTest" classname="Test.MultiFlexi.DBEngineTest" assertions="1" time="0.004989">
          <skipped/>
        </testcase>
        <testcase name="testgetRecordName" file="/home/vitex/Projects/Multi/php-vitexsoftware-multiflexi-core/tests/src/MultiFlexi/DBEngineTest.php" line="109" class="Test\MultiFlexi\DBEngineTest" classname="Test.MultiFlexi.DBEngineTest" assertions="1" time="0.006246">
          <skipped/>
        </testcase>
        <testcase name="testgetCustomerID" file="/home/vitex/Projects/Multi/php-vitexsoftware-multiflexi-core/tests/src/MultiFlexi/DBEngineTest.php" line="457" class="Test\MultiFlexi\DBEngineTest" classname="Test.MultiFlexi.DBEngineTest" assertions="1" time="0.005993">
          <skipped/>
        </testcase>
        <testcase name="testgetColumnsOfType" file="/home/vitex/Projects/Multi/php-vitexsoftware-multiflexi-core/tests/src/MultiFlexi/DBEngineTest.php" line="637" class="Test\MultiFlexi\DBEngineTest" classname="Test.MultiFlexi.DBEngineTest" assertions="0" time="0.005755">
          <error type="ArgumentCountError">Test\MultiFlexi\DBEngineTest::testgetColumnsOfType
ArgumentCountError: Too few arguments to function MultiFlexi\DBEngine::getColumnsOfType(), 0 passed in /home/vitex/Projects/Multi/php-vitexsoftware-multiflexi-core/tests/src/MultiFlexi/DBEngineTest.php on line 639 and exactly 1 expected

/home/vitex/Projects/Multi/php-vitexsoftware-multiflexi-core/src/MultiFlexi/DBEngine.php:1358
/home/vitex/Projects/Multi/php-vitexsoftware-multiflexi-core/tests/src/MultiFlexi/DBEngineTest.php:639</error>
        </testcase>
        <testcase name="testtakemyTable" file="/home/vitex/Projects/Multi/php-vitexsoftware-multiflexi-core/tests/src/MultiFlexi/DBEngineTest.php" line="61" class="Test\MultiFlexi\DBEngineTest" classname="Test.MultiFlexi.DBEngineTest" assertions="0" time="0.006177">
          <error type="ArgumentCountError">Test\MultiFlexi\DBEngineTest::testtakemyTable
ArgumentCountError: Too few arguments to function MultiFlexi\DBEngine::takemyTable(), 0 passed in /home/vitex/Projects/Multi/php-vitexsoftware-multiflexi-core/tests/src/MultiFlexi/DBEngineTest.php on line 63 and exactly 1 expected

/home/vitex/Projects/Multi/php-vitexsoftware-multiflexi-core/src/MultiFlexi/DBEngine.php:108
/home/vitex/Projects/Multi/php-vitexsoftware-multiflexi-core/tests/src/MultiFlexi/DBEngineTest.php:63</error>
        </testcase>
        <testcase name="testeditableColumns" file="/home/vitex/Projects/Multi/php-vitexsoftware-multiflexi-core/tests/src/MultiFlexi/DBEngineTest.php" line="133" class="Test\MultiFlexi\DBEngineTest" classname="Test.MultiFlexi.DBEngineTest" assertions="0" time="0.005961">
          <error type="ArgumentCountError">Test\MultiFlexi\DBEngineTest::testeditableColumns
ArgumentCountError: Too few arguments to function MultiFlexi\DBEngine::editableColumns(), 0 passed in /home/vitex/Projects/Multi/php-vitexsoftware-multiflexi-core/tests/src/MultiFlexi/DBEngineTest.php on line 135 and exactly 1 expected

/home/vitex/Projects/Multi/php-vitexsoftware-multiflexi-core/src/MultiFlexi/DBEngine.php:253
/home/vitex/Projects/Multi/php-vitexsoftware-multiflexi-core/tests/src/MultiFlexi/DBEngineTest.php:135</error>
        </testcase>
        <testcase name="testgetColumnType" file="/home/vitex/Projects/Multi/php-vitexsoftware-multiflexi-core/tests/src/MultiFlexi/DBEngineTest.php" line="157" class="Test\MultiFlexi\DBEngineTest" classname="Test.MultiFlexi.DBEngineTest" assertions="0" time="0.006349">
          <error type="ArgumentCountError">Test\MultiFlexi\DBEngineTest::testgetColumnType
ArgumentCountError: Too few arguments to function MultiFlexi\DBEngine::getColumnType(), 0 passed in /home/vitex/Projects/Multi/php-vitexsoftware-multiflexi-core/tests/src/MultiFlexi/DBEngineTest.php on line 159 and exactly 1 expected

/home/vitex/Projects/Multi/php-vitexsoftware-multiflexi-core/src/MultiFlexi/DBEngine.php:300
/home/vitex/Projects/Multi/php-vitexsoftware-multiflexi-core/tests/src/MultiFlexi/DBEngineTest.php:159</error>
        </testcase>
        <testcase name="testaddSelectizeValues" file="/home/vitex/Projects/Multi/php-vitexsoftware-multiflexi-core/tests/src/MultiFlexi/DBEngineTest.php" line="181" class="Test\MultiFlexi\DBEngineTest" classname="Test.MultiFlexi.DBEngineTest" assertions="0" time="0.006262">
          <error type="ArgumentCountError">Test\MultiFlexi\DBEngineTest::testaddSelectizeValues
ArgumentCountError: Too few arguments to function MultiFlexi\DBEngine::addSelectizeValues(), 0 passed in /home/vitex/Projects/Multi/php-vitexsoftware-multiflexi-core/tests/src/MultiFlexi/DBEngineTest.php on line 183 and exactly 1 expected

/home/vitex/Projects/Multi/php-vitexsoftware-multiflexi-core/src/MultiFlexi/DBEngine.php:435
/home/vitex/Projects/Multi/php-vitexsoftware-multiflexi-core/tests/src/MultiFlexi/DBEngineTest.php:183</error>
        </testcase>
        <testcase name="testgetOneRow" file="/home/vitex/Projects/Multi/php-vitexsoftware-multiflexi-core/tests/src/MultiFlexi/DBEngineTest.php" line="205" class="Test\MultiFlexi\DBEngineTest" classname="Test.MultiFlexi.DBEngineTest" assertions="0" time="0.007565">
          <error type="Envms\FluentPDO\Exception">Test\MultiFlexi\DBEngineTest::testgetOneRow
Envms\FluentPDO\Exception: Table name cannot be empty

/home/vitex/Projects/Multi/php-vitexsoftware-multiflexi-core/vendor/fpdo/fluentpdo/src/Query.php:222
/home/vitex/Projects/Multi/php-vitexsoftware-multiflexi-core/vendor/fpdo/fluentpdo/src/Query.php:78
/home/vitex/Projects/Multi/php-vitexsoftware-multiflexi-core/vendor/vitexsoftware/ease-fluentpdo/src/Ease/SQL/Orm.php:255
/home/vitex/Projects/Multi/php-vitexsoftware-multiflexi-core/src/MultiFlexi/DBEngine.php:461
/home/vitex/Projects/Multi/php-vitexsoftware-multiflexi-core/tests/src/MultiFlexi/DBEngineTest.php:207</error>
        </testcase>
        <testcase name="testeditorForm" file="/home/vitex/Projects/Multi/php-vitexsoftware-multiflexi-core/tests/src/MultiFlexi/DBEngineTest.php" line="217" class="Test\MultiFlexi\DBEngineTest" classname="Test.MultiFlexi.DBEngineTest" assertions="0" time="0.005995">
          <error type="Error">Test\MultiFlexi\DBEngineTest::testeditorForm
Error: Class "Ease\Html\DivTag" not found

/home/vitex/Projects/Multi/php-vitexsoftware-multiflexi-core/src/MultiFlexi/DBEngine.php:476
/home/vitex/Projects/Multi/php-vitexsoftware-multiflexi-core/tests/src/MultiFlexi/DBEngineTest.php:219</error>
        </testcase>
        <testcase name="testgetSaverFields" file="/home/vitex/Projects/Multi/php-vitexsoftware-multiflexi-core/tests/src/MultiFlexi/DBEngineTest.php" line="229" class="Test\MultiFlexi\DBEngineTest" classname="Test.MultiFlexi.DBEngineTest" assertions="0" time="0.005977">
          <error type="Error">Test\MultiFlexi\DBEngineTest::testgetSaverFields
Error: Class "MultiFlexi\Field" not found

/home/vitex/Projects/Multi/php-vitexsoftware-multiflexi-core/src/MultiFlexi/DBEngine.php:530
/home/vitex/Projects/Multi/php-vitexsoftware-multiflexi-core/tests/src/MultiFlexi/DBEngineTest.php:231</error>
        </testcase>
        <testcase name="testpreprocessPost" file="/home/vitex/Projects/Multi/php-vitexsoftware-multiflexi-core/tests/src/MultiFlexi/DBEngineTest.php" line="241" class="Test\MultiFlexi\DBEngineTest" classname="Test.MultiFlexi.DBEngineTest" assertions="0" time="0.006154">
          <error type="ArgumentCountError">Test\MultiFlexi\DBEngineTest::testpreprocessPost
ArgumentCountError: Too few arguments to function MultiFlexi\DBEngine::preprocessPost(), 0 passed in /home/vitex/Projects/Multi/php-vitexsoftware-multiflexi-core/tests/src/MultiFlexi/DBEngineTest.php on line 243 and exactly 1 expected

/home/vitex/Projects/Multi/php-vitexsoftware-multiflexi-core/src/MultiFlexi/DBEngine.php:626
/home/vitex/Projects/Multi/php-vitexsoftware-multiflexi-core/tests/src/MultiFlexi/DBEngineTest.php:243</error>
        </testcase>
        <testcase name="testhtmlizeData" file="/home/vitex/Projects/Multi/php-vitexsoftware-multiflexi-core/tests/src/MultiFlexi/DBEngineTest.php" line="253" class="Test\MultiFlexi\DBEngineTest" classname="Test.MultiFlexi.DBEngineTest" assertions="0" time="0.005991">
          <error type="ArgumentCountError">Test\MultiFlexi\DBEngineTest::testhtmlizeData
ArgumentCountError: Too few arguments to function MultiFlexi\DBEngine::htmlizeData(), 0 passed in /home/vitex/Projects/Multi/php-vitexsoftware-multiflexi-core/tests/src/MultiFlexi/DBEngineTest.php on line 255 and exactly 1 expected

/home/vitex/Projects/Multi/php-vitexsoftware-multiflexi-core/src/MultiFlexi/DBEngine.php:655
/home/vitex/Projects/Multi/php-vitexsoftware-multiflexi-core/tests/src/MultiFlexi/DBEngineTest.php:255</error>
        </testcase>
        <testcase name="testeditorSubmitCompleteJS" file="/home/vitex/Projects/Multi/php-vitexsoftware-multiflexi-core/tests/src/MultiFlexi/DBEngineTest.php" line="541" class="Test\MultiFlexi\DBEngineTest" classname="Test.MultiFlexi.DBEngineTest" assertions="1" time="0.004910">
          <skipped/>
        </testcase>
        <testcase name="testeditorPostCreateJS" file="/home/vitex/Projects/Multi/php-vitexsoftware-multiflexi-core/tests/src/MultiFlexi/DBEngineTest.php" line="517" class="Test\MultiFlexi\DBEngineTest" classname="Test.MultiFlexi.DBEngineTest" assertions="1" time="0.005068">
          <skipped/>
        </testcase>
        <testcase name="testhtmlizeRow" file="/home/vitex/Projects/Multi/php-vitexsoftware-multiflexi-core/tests/src/MultiFlexi/DBEngineTest.php" line="265" class="Test\MultiFlexi\DBEngineTest" classname="Test.MultiFlexi.DBEngineTest" assertions="0" time="0.005970">
          <error type="ArgumentCountError">Test\MultiFlexi\DBEngineTest::testhtmlizeRow
ArgumentCountError: Too few arguments to function MultiFlexi\DBEngine::htmlizeRow(), 0 passed in /home/vitex/Projects/Multi/php-vitexsoftware-multiflexi-core/tests/src/MultiFlexi/DBEngineTest.php on line 267 and exactly 1 expected

/home/vitex/Projects/Multi/php-vitexsoftware-multiflexi-core/src/MultiFlexi/DBEngine.php:691
/home/vitex/Projects/Multi/php-vitexsoftware-multiflexi-core/tests/src/MultiFlexi/DBEngineTest.php:267</error>
        </testcase>
        <testcase name="testsaveToSQL" file="/home/vitex/Projects/Multi/php-vitexsoftware-multiflexi-core/tests/src/MultiFlexi/DBEngineTest.php" line="301" class="Test\MultiFlexi\DBEngineTest" classname="Test.MultiFlexi.DBEngineTest" assertions="0" time="0.006220">
          <error type="TypeError">Test\MultiFlexi\DBEngineTest::testsaveToSQL
TypeError: array_key_exists(): Argument #2 ($array) must be of type array, null given

/home/vitex/Projects/Multi/php-vitexsoftware-multiflexi-core/vendor/vitexsoftware/ease-fluentpdo/src/Ease/SQL/Orm.php:417
/home/vitex/Projects/Multi/php-vitexsoftware-multiflexi-core/src/MultiFlexi/DBEngine.php:826
/home/vitex/Projects/Multi/php-vitexsoftware-multiflexi-core/tests/src/MultiFlexi/DBEngineTest.php:303</error>
        </testcase>
        <testcase name="testpreTableCode" file="/home/vitex/Projects/Multi/php-vitexsoftware-multiflexi-core/tests/src/MultiFlexi/DBEngineTest.php" line="361" class="Test\MultiFlexi\DBEngineTest" classname="Test.MultiFlexi.DBEngineTest" assertions="0" time="0.006020">
          <error type="ArgumentCountError">Test\MultiFlexi\DBEngineTest::testpreTableCode
ArgumentCountError: Too few arguments to function MultiFlexi\DBEngine::preTableCode(), 0 passed in /home/vitex/Projects/Multi/php-vitexsoftware-multiflexi-core/tests/src/MultiFlexi/DBEngineTest.php on line 363 and exactly 1 expected

/home/vitex/Projects/Multi/php-vitexsoftware-multiflexi-core/src/MultiFlexi/DBEngine.php:989
/home/vitex/Projects/Multi/php-vitexsoftware-multiflexi-core/tests/src/MultiFlexi/DBEngineTest.php:363</error>
        </testcase>
        <testcase name="testgetSqlColumns" file="/home/vitex/Projects/Multi/php-vitexsoftware-multiflexi-core/tests/src/MultiFlexi/DBEngineTest.php" line="337" class="Test\MultiFlexi\DBEngineTest" classname="Test.MultiFlexi.DBEngineTest" assertions="1" time="0.004184">
          <failure type="PHPUnit\Framework\ExpectationFailedException">Test\MultiFlexi\DBEngineTest::testgetSqlColumns
[...] does not match expected type "string".

/home/vitex/Projects/Multi/php-vitexsoftware-multiflexi-core/tests/src/MultiFlexi/DBEngineTest.php:339</failure>
        </testcase>
        <testcase name="testgetGetDataTableColumns" file="/home/vitex/Projects/Multi/php-vitexsoftware-multiflexi-core/tests/src/MultiFlexi/DBEngineTest.php" line="349" class="Test\MultiFlexi\DBEngineTest" classname="Test.MultiFlexi.DBEngineTest" assertions="1" time="0.005229">
          <failure type="PHPUnit\Framework\ExpectationFailedException">Test\MultiFlexi\DBEngineTest::testgetGetDataTableColumns
[] does not match expected type "string".

/home/vitex/Projects/Multi/php-vitexsoftware-multiflexi-core/tests/src/MultiFlexi/DBEngineTest.php:351</failure>
        </testcase>
        <testcase name="testtableCode" file="/home/vitex/Projects/Multi/php-vitexsoftware-multiflexi-core/tests/src/MultiFlexi/DBEngineTest.php" line="373" class="Test\MultiFlexi\DBEngineTest" classname="Test.MultiFlexi.DBEngineTest" assertions="0" time="0.004996">
          <error type="ArgumentCountError">Test\MultiFlexi\DBEngineTest::testtableCode
ArgumentCountError: Too few arguments to function MultiFlexi\DBEngine::tableCode(), 0 passed in /home/vitex/Projects/Multi/php-vitexsoftware-multiflexi-core/tests/src/MultiFlexi/DBEngineTest.php on line 375 and exactly 1 expected

/home/vitex/Projects/Multi/php-vitexsoftware-multiflexi-core/src/MultiFlexi/DBEngine.php:1001
/home/vitex/Projects/Multi/php-vitexsoftware-multiflexi-core/tests/src/MultiFlexi/DBEngineTest.php:375</error>
        </testcase>
        <testcase name="testvalidation" file="/home/vitex/Projects/Multi/php-vitexsoftware-multiflexi-core/tests/src/MultiFlexi/DBEngineTest.php" line="493" class="Test\MultiFlexi\DBEngineTest" classname="Test.MultiFlexi.DBEngineTest" assertions="0" time="0.006290">
          <error type="ArgumentCountError">Test\MultiFlexi\DBEngineTest::testvalidation
ArgumentCountError: Too few arguments to function MultiFlexi\DBEngine::validation(), 0 passed in /home/vitex/Projects/Multi/php-vitexsoftware-multiflexi-core/tests/src/MultiFlexi/DBEngineTest.php on line 495 and exactly 1 expected

/home/vitex/Projects/Multi/php-vitexsoftware-multiflexi-core/src/MultiFlexi/DBEngine.php:1123
/home/vitex/Projects/Multi/php-vitexsoftware-multiflexi-core/tests/src/MultiFlexi/DBEngineTest.php:495</error>
        </testcase>
        <testcase name="testrenderYesNo" file="/home/vitex/Projects/Multi/php-vitexsoftware-multiflexi-core/tests/src/MultiFlexi/DBEngineTest.php" line="553" class="Test\MultiFlexi\DBEngineTest" classname="Test.MultiFlexi.DBEngineTest" assertions="0" time="0.005678">
          <error type="ArgumentCountError">Test\MultiFlexi\DBEngineTest::testrenderYesNo
ArgumentCountError: Too few arguments to function MultiFlexi\DBEngine::renderYesNo(), 0 passed in /home/vitex/Projects/Multi/php-vitexsoftware-multiflexi-core/tests/src/MultiFlexi/DBEngineTest.php on line 555 and exactly 1 expected

/home/vitex/Projects/Multi/php-vitexsoftware-multiflexi-core/src/MultiFlexi/DBEngine.php:1159
/home/vitex/Projects/Multi/php-vitexsoftware-multiflexi-core/tests/src/MultiFlexi/DBEngineTest.php:555</error>
        </testcase>
        <testcase name="testrenderIdLink" file="/home/vitex/Projects/Multi/php-vitexsoftware-multiflexi-core/tests/src/MultiFlexi/DBEngineTest.php" line="589" class="Test\MultiFlexi\DBEngineTest" classname="Test.MultiFlexi.DBEngineTest" assertions="0" time="0.007814">
          <error type="ArgumentCountError">Test\MultiFlexi\DBEngineTest::testrenderIdLink
ArgumentCountError: Too few arguments to function MultiFlexi\DBEngine::renderIdLink(), 0 passed in /home/vitex/Projects/Multi/php-vitexsoftware-multiflexi-core/tests/src/MultiFlexi/DBEngineTest.php on line 591 and exactly 1 expected

/home/vitex/Projects/Multi/php-vitexsoftware-multiflexi-core/src/MultiFlexi/DBEngine.php:1234
/home/vitex/Projects/Multi/php-vitexsoftware-multiflexi-core/tests/src/MultiFlexi/DBEngineTest.php:591</error>
        </testcase>
        <testcase name="testgetHiddenTagets" file="/home/vitex/Projects/Multi/php-vitexsoftware-multiflexi-core/tests/src/MultiFlexi/DBEngineTest.php" line="433" class="Test\MultiFlexi\DBEngineTest" classname="Test.MultiFlexi.DBEngineTest" assertions="1" time="0.006041">
          <failure type="PHPUnit\Framework\ExpectationFailedException">Test\MultiFlexi\DBEngineTest::testgetHiddenTagets
[...] does not match expected type "string".

/home/vitex/Projects/Multi/php-vitexsoftware-multiflexi-core/tests/src/MultiFlexi/DBEngineTest.php:435</failure>
        </testcase>
        <testcase name="testrenderDate" file="/home/vitex/Projects/Multi/php-vitexsoftware-multiflexi-core/tests/src/MultiFlexi/DBEngineTest.php" line="601" class="Test\MultiFlexi\DBEngineTest" classname="Test.MultiFlexi.DBEngineTest" assertions="0" time="0.006862">
          <error type="ArgumentCountError">Test\MultiFlexi\DBEngineTest::testrenderDate
ArgumentCountError: Too few arguments to function MultiFlexi\DBEngine::renderDate(), 0 passed in /home/vitex/Projects/Multi/php-vitexsoftware-multiflexi-core/tests/src/MultiFlexi/DBEngineTest.php on line 603 and at least 1 expected

/home/vitex/Projects/Multi/php-vitexsoftware-multiflexi-core/src/MultiFlexi/DBEngine.php:1255
/home/vitex/Projects/Multi/php-vitexsoftware-multiflexi-core/tests/src/MultiFlexi/DBEngineTest.php:603</error>
        </testcase>
        <testcase name="testrenderDocumentLink" file="/home/vitex/Projects/Multi/php-vitexsoftware-multiflexi-core/tests/src/MultiFlexi/DBEngineTest.php" line="613" class="Test\MultiFlexi\DBEngineTest" classname="Test.MultiFlexi.DBEngineTest" assertions="0" time="0.006538">
          <error type="ArgumentCountError">Test\MultiFlexi\DBEngineTest::testrenderDocumentLink
ArgumentCountError: Too few arguments to function MultiFlexi\DBEngine::renderDocumentLink(), 0 passed in /home/vitex/Projects/Multi/php-vitexsoftware-multiflexi-core/tests/src/MultiFlexi/DBEngineTest.php on line 615 and at least 1 expected

/home/vitex/Projects/Multi/php-vitexsoftware-multiflexi-core/src/MultiFlexi/DBEngine.php:1286
/home/vitex/Projects/Multi/php-vitexsoftware-multiflexi-core/tests/src/MultiFlexi/DBEngineTest.php:615</error>
        </testcase>
        <testcase name="testfixIterator" file="/home/vitex/Projects/Multi/php-vitexsoftware-multiflexi-core/tests/src/MultiFlexi/DBEngineTest.php" line="649" class="Test\MultiFlexi\DBEngineTest" classname="Test.MultiFlexi.DBEngineTest" assertions="0" time="0.006322">
          <error type="ArgumentCountError">Test\MultiFlexi\DBEngineTest::testfixIterator
ArgumentCountError: Too few arguments to function MultiFlexi\DBEngine::fixIterator(), 0 passed in /home/vitex/Projects/Multi/php-vitexsoftware-multiflexi-core/tests/src/MultiFlexi/DBEngineTest.php on line 651 and exactly 1 expected

/home/vitex/Projects/Multi/php-vitexsoftware-multiflexi-core/src/MultiFlexi/DBEngine.php:1385
/home/vitex/Projects/Multi/php-vitexsoftware-multiflexi-core/tests/src/MultiFlexi/DBEngineTest.php:651</error>
        </testcase>
        <testcase name="testgetUrlForRecord" file="/home/vitex/Projects/Multi/php-vitexsoftware-multiflexi-core/tests/src/MultiFlexi/DBEngineTest.php" line="661" class="Test\MultiFlexi\DBEngineTest" classname="Test.MultiFlexi.DBEngineTest" assertions="0" time="0.006330">
          <error type="ArgumentCountError">Test\MultiFlexi\DBEngineTest::testgetUrlForRecord
ArgumentCountError: Too few arguments to function MultiFlexi\DBEngine::getUrlForRecord(), 0 passed in /home/vitex/Projects/Multi/php-vitexsoftware-multiflexi-core/tests/src/MultiFlexi/DBEngineTest.php on line 663 and exactly 1 expected

/home/vitex/Projects/Multi/php-vitexsoftware-multiflexi-core/src/MultiFlexi/DBEngine.php:1397
/home/vitex/Projects/Multi/php-vitexsoftware-multiflexi-core/tests/src/MultiFlexi/DBEngineTest.php:663</error>
        </testcase>
        <testcase name="testpresaveCheck" file="/home/vitex/Projects/Multi/php-vitexsoftware-multiflexi-core/tests/src/MultiFlexi/DBEngineTest.php" line="685" class="Test\MultiFlexi\DBEngineTest" classname="Test.MultiFlexi.DBEngineTest" assertions="0" time="0.006093">
          <error type="ArgumentCountError">Test\MultiFlexi\DBEngineTest::testpresaveCheck
ArgumentCountError: Too few arguments to function MultiFlexi\DBEngine::presaveCheck(), 0 passed in /home/vitex/Projects/Multi/php-vitexsoftware-multiflexi-core/tests/src/MultiFlexi/DBEngineTest.php on line 687 and exactly 1 expected

/home/vitex/Projects/Multi/php-vitexsoftware-multiflexi-core/src/MultiFlexi/DBEngine.php:1422
/home/vitex/Projects/Multi/php-vitexsoftware-multiflexi-core/tests/src/MultiFlexi/DBEngineTest.php:687</error>
        </testcase>
        <testcase name="testcolumnDefs" file="/home/vitex/Projects/Multi/php-vitexsoftware-multiflexi-core/tests/src/MultiFlexi/DBEngineTest.php" line="289" class="Test\MultiFlexi\DBEngineTest" classname="Test.MultiFlexi.DBEngineTest" assertions="1" time="0.005579">
          <skipped/>
        </testcase>
        <testcase name="testfinishProcess" file="/home/vitex/Projects/Multi/php-vitexsoftware-multiflexi-core/tests/src/MultiFlexi/DBEngineTest.php" line="697" class="Test\MultiFlexi\DBEngineTest" classname="Test.MultiFlexi.DBEngineTest" assertions="0" time="0.005883">
          <error type="ArgumentCountError">Test\MultiFlexi\DBEngineTest::testfinishProcess
ArgumentCountError: Too few arguments to function MultiFlexi\DBEngine::finishProcess(), 0 passed in /home/vitex/Projects/Multi/php-vitexsoftware-multiflexi-core/tests/src/MultiFlexi/DBEngineTest.php on line 699 and exactly 1 expected

/home/vitex/Projects/Multi/php-vitexsoftware-multiflexi-core/src/MultiFlexi/DBEngine.php:1436
/home/vitex/Projects/Multi/php-vitexsoftware-multiflexi-core/tests/src/MultiFlexi/DBEngineTest.php:699</error>
        </testcase>
        <testcase name="testgetRowColor" file="/home/vitex/Projects/Multi/php-vitexsoftware-multiflexi-core/tests/src/MultiFlexi/DBEngineTest.php" line="721" class="Test\MultiFlexi\DBEngineTest" classname="Test.MultiFlexi.DBEngineTest" assertions="0" time="0.007932">
          <error type="ArgumentCountError">Test\MultiFlexi\DBEngineTest::testgetRowColor
ArgumentCountError: Too few arguments to function MultiFlexi\DBEngine::getRowColor(), 0 passed in /home/vitex/Projects/Multi/php-vitexsoftware-multiflexi-core/tests/src/MultiFlexi/DBEngineTest.php on line 723 and exactly 1 expected

/home/vitex/Projects/Multi/php-vitexsoftware-multiflexi-core/src/MultiFlexi/DBEngine.php:1474
/home/vitex/Projects/Multi/php-vitexsoftware-multiflexi-core/tests/src/MultiFlexi/DBEngineTest.php:723</error>
        </testcase>
        <testcase name="testcompleteDataRow" file="/home/vitex/Projects/Multi/php-vitexsoftware-multiflexi-core/tests/src/MultiFlexi/DBEngineTest.php" line="733" class="Test\MultiFlexi\DBEngineTest" classname="Test.MultiFlexi.DBEngineTest" assertions="0" time="0.005977">
          <error type="ArgumentCountError">Test\MultiFlexi\DBEngineTest::testcompleteDataRow
ArgumentCountError: Too few arguments to function MultiFlexi\DBEngine::completeDataRow(), 0 passed in /home/vitex/Projects/Multi/php-vitexsoftware-multiflexi-core/tests/src/MultiFlexi/DBEngineTest.php on line 735 and exactly 1 expected

/home/vitex/Projects/Multi/php-vitexsoftware-multiflexi-core/src/MultiFlexi/DBEngine.php:1482
/home/vitex/Projects/Multi/php-vitexsoftware-multiflexi-core/tests/src/MultiFlexi/DBEngineTest.php:735</error>
        </testcase>
        <testcase name="testeditorCreateJS" file="/home/vitex/Projects/Multi/php-vitexsoftware-multiflexi-core/tests/src/MultiFlexi/DBEngineTest.php" line="529" class="Test\MultiFlexi\DBEngineTest" classname="Test.MultiFlexi.DBEngineTest" assertions="1" time="0.004931">
          <skipped/>
        </testcase>
        <testcase name="testSleep" file="/home/vitex/Projects/Multi/php-vitexsoftware-multiflexi-core/tests/src/MultiFlexi/DBEngineTest.php" line="769" class="Test\MultiFlexi\DBEngineTest" classname="Test.MultiFlexi.DBEngineTest" assertions="1" time="0.008929">
          <failure type="PHPUnit\Framework\ExpectationFailedException">Test\MultiFlexi\DBEngineTest::testSleep
[...] does not match expected type "string".

/home/vitex/Projects/Multi/php-vitexsoftware-multiflexi-core/tests/src/MultiFlexi/DBEngineTest.php:771</failure>
        </testcase>
        <testcase name="testloadFromSQL" file="/home/vitex/Projects/Multi/php-vitexsoftware-multiflexi-core/tests/src/MultiFlexi/DBEngineTest.php" line="49" class="Test\MultiFlexi\DBEngineTest" classname="Test.MultiFlexi.DBEngineTest" assertions="0" time="0.007019">
          <error type="Envms\FluentPDO\Exception">Test\MultiFlexi\DBEngineTest::testloadFromSQL
Envms\FluentPDO\Exception: Table name cannot be empty

/home/vitex/Projects/Multi/php-vitexsoftware-multiflexi-core/vendor/fpdo/fluentpdo/src/Query.php:222
/home/vitex/Projects/Multi/php-vitexsoftware-multiflexi-core/vendor/fpdo/fluentpdo/src/Query.php:78
/home/vitex/Projects/Multi/php-vitexsoftware-multiflexi-core/vendor/vitexsoftware/ease-fluentpdo/src/Ease/SQL/Orm.php:255
/home/vitex/Projects/Multi/php-vitexsoftware-multiflexi-core/src/MultiFlexi/DBEngine.php:461
/home/vitex/Projects/Multi/php-vitexsoftware-multiflexi-core/src/MultiFlexi/DBEngine.php:103
/home/vitex/Projects/Multi/php-vitexsoftware-multiflexi-core/tests/src/MultiFlexi/DBEngineTest.php:51</error>
        </testcase>
        <testcase name="testgetAll" file="/home/vitex/Projects/Multi/php-vitexsoftware-multiflexi-core/tests/src/MultiFlexi/DBEngineTest.php" line="145" class="Test\MultiFlexi\DBEngineTest" classname="Test.MultiFlexi.DBEngineTest" assertions="0" time="0.007329">
          <error type="Envms\FluentPDO\Exception">Test\MultiFlexi\DBEngineTest::testgetAll
Envms\FluentPDO\Exception: Table name cannot be empty

/home/vitex/Projects/Multi/php-vitexsoftware-multiflexi-core/vendor/fpdo/fluentpdo/src/Query.php:222
/home/vitex/Projects/Multi/php-vitexsoftware-multiflexi-core/vendor/fpdo/fluentpdo/src/Query.php:78
/home/vitex/Projects/Multi/php-vitexsoftware-multiflexi-core/vendor/vitexsoftware/ease-fluentpdo/src/Ease/SQL/Orm.php:255
/home/vitex/Projects/Multi/php-vitexsoftware-multiflexi-core/src/MultiFlexi/DBEngine.php:297
/home/vitex/Projects/Multi/php-vitexsoftware-multiflexi-core/tests/src/MultiFlexi/DBEngineTest.php:147</error>
        </testcase>
        <testcase name="testgetAllForDataTable" file="/home/vitex/Projects/Multi/php-vitexsoftware-multiflexi-core/tests/src/MultiFlexi/DBEngineTest.php" line="169" class="Test\MultiFlexi\DBEngineTest" classname="Test.MultiFlexi.DBEngineTest" assertions="0" time="0.004520">
          <error type="Envms\FluentPDO\Exception">Test\MultiFlexi\DBEngineTest::testgetAllForDataTable
Envms\FluentPDO\Exception: Table name cannot be empty

/home/vitex/Projects/Multi/php-vitexsoftware-multiflexi-core/vendor/fpdo/fluentpdo/src/Query.php:222
/home/vitex/Projects/Multi/php-vitexsoftware-multiflexi-core/vendor/fpdo/fluentpdo/src/Query.php:78
/home/vitex/Projects/Multi/php-vitexsoftware-multiflexi-core/vendor/vitexsoftware/ease-fluentpdo/src/Ease/SQL/Orm.php:255
/home/vitex/Projects/Multi/php-vitexsoftware-multiflexi-core/src/MultiFlexi/DBEngine.php:318
/home/vitex/Projects/Multi/php-vitexsoftware-multiflexi-core/tests/src/MultiFlexi/DBEngineTest.php:171</error>
        </testcase>
        <testcase name="testpostTableCode" file="/home/vitex/Projects/Multi/php-vitexsoftware-multiflexi-core/tests/src/MultiFlexi/DBEngineTest.php" line="385" class="Test\MultiFlexi\DBEngineTest" classname="Test.MultiFlexi.DBEngineTest" assertions="0" time="0.005741">
          <error type="ArgumentCountError">Test\MultiFlexi\DBEngineTest::testpostTableCode
ArgumentCountError: Too few arguments to function MultiFlexi\DBEngine::postTableCode(), 0 passed in /home/vitex/Projects/Multi/php-vitexsoftware-multiflexi-core/tests/src/MultiFlexi/DBEngineTest.php on line 387 and exactly 1 expected

/home/vitex/Projects/Multi/php-vitexsoftware-multiflexi-core/src/MultiFlexi/DBEngine.php:1013
/home/vitex/Projects/Multi/php-vitexsoftware-multiflexi-core/tests/src/MultiFlexi/DBEngineTest.php:387</error>
        </testcase>
        <testcase name="testgetFilterOptions" file="/home/vitex/Projects/Multi/php-vitexsoftware-multiflexi-core/tests/src/MultiFlexi/DBEngineTest.php" line="421" class="Test\MultiFlexi\DBEngineTest" classname="Test.MultiFlexi.DBEngineTest" assertions="0" time="0.006695">
          <error type="Envms\FluentPDO\Exception">Test\MultiFlexi\DBEngineTest::testgetFilterOptions
Envms\FluentPDO\Exception: Table name cannot be empty

/home/vitex/Projects/Multi/php-vitexsoftware-multiflexi-core/vendor/fpdo/fluentpdo/src/Query.php:222
/home/vitex/Projects/Multi/php-vitexsoftware-multiflexi-core/vendor/fpdo/fluentpdo/src/Query.php:78
/home/vitex/Projects/Multi/php-vitexsoftware-multiflexi-core/vendor/vitexsoftware/ease-fluentpdo/src/Ease/SQL/Orm.php:255
/home/vitex/Projects/Multi/php-vitexsoftware-multiflexi-core/src/MultiFlexi/DBEngine.php:1055
/home/vitex/Projects/Multi/php-vitexsoftware-multiflexi-core/tests/src/MultiFlexi/DBEngineTest.php:423</error>
        </testcase>
        <testcase name="testrenderDismisButton" file="/home/vitex/Projects/Multi/php-vitexsoftware-multiflexi-core/tests/src/MultiFlexi/DBEngineTest.php" line="625" class="Test\MultiFlexi\DBEngineTest" classname="Test.MultiFlexi.DBEngineTest" assertions="0" time="0.004293">
          <error type="ArgumentCountError">Test\MultiFlexi\DBEngineTest::testrenderDismisButton
ArgumentCountError: Too few arguments to function MultiFlexi\DBEngine::renderDismisButton(), 0 passed in /home/vitex/Projects/Multi/php-vitexsoftware-multiflexi-core/tests/src/MultiFlexi/DBEngineTest.php on line 627 and at least 1 expected

/home/vitex/Projects/Multi/php-vitexsoftware-multiflexi-core/src/MultiFlexi/DBEngine.php:1324
/home/vitex/Projects/Multi/php-vitexsoftware-multiflexi-core/tests/src/MultiFlexi/DBEngineTest.php:627</error>
        </testcase>
        <testcase name="testlistingQuery" file="/home/vitex/Projects/Multi/php-vitexsoftware-multiflexi-core/tests/src/MultiFlexi/DBEngineTest.php" line="193" class="Test\MultiFlexi\DBEngineTest" classname="Test.MultiFlexi.DBEngineTest" assertions="0" time="0.005494">
          <error type="Envms\FluentPDO\Exception">Test\MultiFlexi\DBEngineTest::testlistingQuery
Envms\FluentPDO\Exception: Table name cannot be empty

/home/vitex/Projects/Multi/php-vitexsoftware-multiflexi-core/vendor/fpdo/fluentpdo/src/Query.php:222
/home/vitex/Projects/Multi/php-vitexsoftware-multiflexi-core/vendor/fpdo/fluentpdo/src/Query.php:78
/home/vitex/Projects/Multi/php-vitexsoftware-multiflexi-core/vendor/vitexsoftware/ease-fluentpdo/src/Ease/SQL/Orm.php:255
/home/vitex/Projects/Multi/php-vitexsoftware-multiflexi-core/tests/src/MultiFlexi/DBEngineTest.php:195</error>
        </testcase>
        <testcase name="testsearchString" file="/home/vitex/Projects/Multi/php-vitexsoftware-multiflexi-core/tests/src/MultiFlexi/DBEngineTest.php" line="325" class="Test\MultiFlexi\DBEngineTest" classname="Test.MultiFlexi.DBEngineTest" assertions="0" time="0.003246">
          <error type="ArgumentCountError">Test\MultiFlexi\DBEngineTest::testsearchString
ArgumentCountError: Too few arguments to function MultiFlexi\DBEngine::searchString(), 0 passed in /home/vitex/Projects/Multi/php-vitexsoftware-multiflexi-core/tests/src/MultiFlexi/DBEngineTest.php on line 327 and exactly 1 expected

/home/vitex/Projects/Multi/php-vitexsoftware-multiflexi-core/src/MultiFlexi/DBEngine.php:885
/home/vitex/Projects/Multi/php-vitexsoftware-multiflexi-core/tests/src/MultiFlexi/DBEngineTest.php:327</error>
        </testcase>
        <testcase name="testgetAttachments" file="/home/vitex/Projects/Multi/php-vitexsoftware-multiflexi-core/tests/src/MultiFlexi/DBEngineTest.php" line="673" class="Test\MultiFlexi\DBEngineTest" classname="Test.MultiFlexi.DBEngineTest" assertions="0" time="0.008826">
          <error type="PDOException">Test\MultiFlexi\DBEngineTest::testgetAttachments
PDOException: SQLSTATE[42S02]: Base table or view not found: 1146 Table 'multiflexi._file' doesn't exist

/home/vitex/Projects/Multi/php-vitexsoftware-multiflexi-core/vendor/fpdo/fluentpdo/src/Queries/Base.php:508
/home/vitex/Projects/Multi/php-vitexsoftware-multiflexi-core/vendor/fpdo/fluentpdo/src/Queries/Base.php:203
/home/vitex/Projects/Multi/php-vitexsoftware-multiflexi-core/vendor/fpdo/fluentpdo/src/Queries/Select.php:184
/home/vitex/Projects/Multi/php-vitexsoftware-multiflexi-core/src/MultiFlexi/DBEngine.php:1410
/home/vitex/Projects/Multi/php-vitexsoftware-multiflexi-core/tests/src/MultiFlexi/DBEngineTest.php:675</error>
        </testcase>
        <testcase name="testfeedSelectizeCached" file="/home/vitex/Projects/Multi/php-vitexsoftware-multiflexi-core/tests/src/MultiFlexi/DBEngineTest.php" line="409" class="Test\MultiFlexi\DBEngineTest" classname="Test.MultiFlexi.DBEngineTest" assertions="0" time="0.008701">
          <error type="Envms\FluentPDO\Exception">Test\MultiFlexi\DBEngineTest::testfeedSelectizeCached
Envms\FluentPDO\Exception: Table name cannot be empty

/home/vitex/Projects/Multi/php-vitexsoftware-multiflexi-core/vendor/fpdo/fluentpdo/src/Query.php:222
/home/vitex/Projects/Multi/php-vitexsoftware-multiflexi-core/vendor/fpdo/fluentpdo/src/Query.php:78
/home/vitex/Projects/Multi/php-vitexsoftware-multiflexi-core/vendor/vitexsoftware/ease-fluentpdo/src/Ease/SQL/Orm.php:255
/home/vitex/Projects/Multi/php-vitexsoftware-multiflexi-core/src/MultiFlexi/DBEngine.php:1024
/home/vitex/Projects/Multi/php-vitexsoftware-multiflexi-core/src/MultiFlexi/DBEngine.php:1043
/home/vitex/Projects/Multi/php-vitexsoftware-multiflexi-core/tests/src/MultiFlexi/DBEngineTest.php:411</error>
        </testcase>
        <testcase name="testcheckRow" file="/home/vitex/Projects/Multi/php-vitexsoftware-multiflexi-core/tests/src/MultiFlexi/DBEngineTest.php" line="709" class="Test\MultiFlexi\DBEngineTest" classname="Test.MultiFlexi.DBEngineTest" assertions="0" time="0.007295">
          <error type="ArgumentCountError">Test\MultiFlexi\DBEngineTest::testcheckRow
ArgumentCountError: Too few arguments to function MultiFlexi\DBEngine::checkRow(), 0 passed in /home/vitex/Projects/Multi/php-vitexsoftware-multiflexi-core/tests/src/MultiFlexi/DBEngineTest.php on line 711 and exactly 1 expected

/home/vitex/Projects/Multi/php-vitexsoftware-multiflexi-core/src/MultiFlexi/DBEngine.php:1462
/home/vitex/Projects/Multi/php-vitexsoftware-multiflexi-core/tests/src/MultiFlexi/DBEngineTest.php:711</error>
        </testcase>
        <testcase name="testprepareToSave" file="/home/vitex/Projects/Multi/php-vitexsoftware-multiflexi-core/tests/src/MultiFlexi/DBEngineTest.php" line="313" class="Test\MultiFlexi\DBEngineTest" classname="Test.MultiFlexi.DBEngineTest" assertions="0" time="0.011645">
          <error type="ArgumentCountError">Test\MultiFlexi\DBEngineTest::testprepareToSave
ArgumentCountError: Too few arguments to function MultiFlexi\DBEngine::prepareToSave(), 0 passed in /home/vitex/Projects/Multi/php-vitexsoftware-multiflexi-core/tests/src/MultiFlexi/DBEngineTest.php on line 315 and at least 2 expected

/home/vitex/Projects/Multi/php-vitexsoftware-multiflexi-core/src/MultiFlexi/DBEngine.php:845
/home/vitex/Projects/Multi/php-vitexsoftware-multiflexi-core/tests/src/MultiFlexi/DBEngineTest.php:315</error>
        </testcase>
        <testcase name="testgetLink" file="/home/vitex/Projects/Multi/php-vitexsoftware-multiflexi-core/tests/src/MultiFlexi/DBEngineTest.php" line="757" class="Test\MultiFlexi\DBEngineTest" classname="Test.MultiFlexi.DBEngineTest" assertions="1" time="0.009569">
          <failure type="PHPUnit\Framework\ExpectationFailedException">Test\MultiFlexi\DBEngineTest::testgetLink
Failed asserting that two strings are equal.
--- Expected
+++ Actual
@@ @@
-''
+'.php?id='

/home/vitex/Projects/Multi/php-vitexsoftware-multiflexi-core/tests/src/MultiFlexi/DBEngineTest.php:759</failure>
        </testcase>
        <testcase name="testcolumns" file="/home/vitex/Projects/Multi/php-vitexsoftware-multiflexi-core/tests/src/MultiFlexi/DBEngineTest.php" line="121" class="Test\MultiFlexi\DBEngineTest" classname="Test.MultiFlexi.DBEngineTest" assertions="1" time="0.012191">
          <failure type="PHPUnit\Framework\ExpectationFailedException">Test\MultiFlexi\DBEngineTest::testcolumns
[...] does not match expected type "string".

/home/vitex/Projects/Multi/php-vitexsoftware-multiflexi-core/tests/src/MultiFlexi/DBEngineTest.php:123</failure>
        </testcase>
        <testcase name="testeditorOpenJS" file="/home/vitex/Projects/Multi/php-vitexsoftware-multiflexi-core/tests/src/MultiFlexi/DBEngineTest.php" line="505" class="Test\MultiFlexi\DBEngineTest" classname="Test.MultiFlexi.DBEngineTest" assertions="1" time="0.005114">
          <skipped/>
        </testcase>
        <testcase name="testfeedSelectize" file="/home/vitex/Projects/Multi/php-vitexsoftware-multiflexi-core/tests/src/MultiFlexi/DBEngineTest.php" line="397" class="Test\MultiFlexi\DBEngineTest" classname="Test.MultiFlexi.DBEngineTest" assertions="0" time="0.008223">
          <error type="Envms\FluentPDO\Exception">Test\MultiFlexi\DBEngineTest::testfeedSelectize
Envms\FluentPDO\Exception: Table name cannot be empty

/home/vitex/Projects/Multi/php-vitexsoftware-multiflexi-core/vendor/fpdo/fluentpdo/src/Query.php:222
/home/vitex/Projects/Multi/php-vitexsoftware-multiflexi-core/vendor/fpdo/fluentpdo/src/Query.php:78
/home/vitex/Projects/Multi/php-vitexsoftware-multiflexi-core/vendor/vitexsoftware/ease-fluentpdo/src/Ease/SQL/Orm.php:255
/home/vitex/Projects/Multi/php-vitexsoftware-multiflexi-core/src/MultiFlexi/DBEngine.php:1024
/home/vitex/Projects/Multi/php-vitexsoftware-multiflexi-core/tests/src/MultiFlexi/DBEngineTest.php:399</error>
        </testcase>
        <testcase name="testselectize" file="/home/vitex/Projects/Multi/php-vitexsoftware-multiflexi-core/tests/src/MultiFlexi/DBEngineTest.php" line="445" class="Test\MultiFlexi\DBEngineTest" classname="Test.MultiFlexi.DBEngineTest" assertions="0" time="0.005763">
          <error type="ArgumentCountError">Test\MultiFlexi\DBEngineTest::testselectize
ArgumentCountError: Too few arguments to function MultiFlexi\DBEngine::selectize(), 0 passed in /home/vitex/Projects/Multi/php-vitexsoftware-multiflexi-core/tests/src/MultiFlexi/DBEngineTest.php on line 447 and exactly 1 expected

/home/vitex/Projects/Multi/php-vitexsoftware-multiflexi-core/src/MultiFlexi/DBEngine.php:1084
/home/vitex/Projects/Multi/php-vitexsoftware-multiflexi-core/tests/src/MultiFlexi/DBEngineTest.php:447</error>
        </testcase>
        <testcase name="testpostCreate" file="/home/vitex/Projects/Multi/php-vitexsoftware-multiflexi-core/tests/src/MultiFlexi/DBEngineTest.php" line="481" class="Test\MultiFlexi\DBEngineTest" classname="Test.MultiFlexi.DBEngineTest" assertions="0" time="0.007564">
          <error type="ArgumentCountError">Test\MultiFlexi\DBEngineTest::testpostCreate
ArgumentCountError: Too few arguments to function MultiFlexi\DBEngine::postCreate(), 0 passed in /home/vitex/Projects/Multi/php-vitexsoftware-multiflexi-core/tests/src/MultiFlexi/DBEngineTest.php on line 483 and exactly 3 expected

/home/vitex/Projects/Multi/php-vitexsoftware-multiflexi-core/src/MultiFlexi/DBEngine.php:1116
/home/vitex/Projects/Multi/php-vitexsoftware-multiflexi-core/tests/src/MultiFlexi/DBEngineTest.php:483</error>
        </testcase>
        <testcase name="testgetResume" file="/home/vitex/Projects/Multi/php-vitexsoftware-multiflexi-core/tests/src/MultiFlexi/DBEngineTest.php" line="469" class="Test\MultiFlexi\DBEngineTest" classname="Test.MultiFlexi.DBEngineTest" assertions="0" time="0.005007">
          <error type="TypeError">Test\MultiFlexi\DBEngineTest::testgetResume
TypeError: implode(): Argument #1 ($array) must be of type array, string given

/home/vitex/Projects/Multi/php-vitexsoftware-multiflexi-core/src/MultiFlexi/DBEngine.php:1108
/home/vitex/Projects/Multi/php-vitexsoftware-multiflexi-core/tests/src/MultiFlexi/DBEngineTest.php:471</error>
        </testcase>
        <testcase name="testfoterCallback" file="/home/vitex/Projects/Multi/php-vitexsoftware-multiflexi-core/tests/src/MultiFlexi/DBEngineTest.php" line="277" class="Test\MultiFlexi\DBEngineTest" classname="Test.MultiFlexi.DBEngineTest" assertions="1" time="0.004832">
          <skipped/>
        </testcase>
      </testsuite>
      <testsuite name="Test\MultiFlexi\EngineTest" file="/home/vitex/Projects/Multi/php-vitexsoftware-multiflexi-core/tests/src/MultiFlexi/EngineTest.php" tests="3" assertions="0" errors="3" failures="0" skipped="0" time="0.013833">
        <testcase name="testsetMyKey" file="/home/vitex/Projects/Multi/php-vitexsoftware-multiflexi-core/tests/src/MultiFlexi/EngineTest.php" line="49" class="Test\MultiFlexi\EngineTest" classname="Test.MultiFlexi.EngineTest" assertions="0" time="0.003685">
          <error type="ArgumentCountError">Test\MultiFlexi\EngineTest::testsetMyKey
ArgumentCountError: Too few arguments to function MultiFlexi\Engine::setMyKey(), 0 passed in /home/vitex/Projects/Multi/php-vitexsoftware-multiflexi-core/tests/src/MultiFlexi/EngineTest.php on line 51 and exactly 1 expected

/home/vitex/Projects/Multi/php-vitexsoftware-multiflexi-core/src/MultiFlexi/Engine.php:51
/home/vitex/Projects/Multi/php-vitexsoftware-multiflexi-core/tests/src/MultiFlexi/EngineTest.php:51</error>
        </testcase>
        <testcase name="testsaveToSQL" file="/home/vitex/Projects/Multi/php-vitexsoftware-multiflexi-core/tests/src/MultiFlexi/EngineTest.php" line="61" class="Test\MultiFlexi\EngineTest" classname="Test.MultiFlexi.EngineTest" assertions="0" time="0.004653">
          <error type="TypeError">Test\MultiFlexi\EngineTest::testsaveToSQL
TypeError: array_key_exists(): Argument #2 ($array) must be of type array, null given

/home/vitex/Projects/Multi/php-vitexsoftware-multiflexi-core/vendor/vitexsoftware/ease-fluentpdo/src/Ease/SQL/Orm.php:417
/home/vitex/Projects/Multi/php-vitexsoftware-multiflexi-core/src/MultiFlexi/Engine.php:76
/home/vitex/Projects/Multi/php-vitexsoftware-multiflexi-core/tests/src/MultiFlexi/EngineTest.php:63</error>
        </testcase>
        <testcase name="testexportEnv" file="/home/vitex/Projects/Multi/php-vitexsoftware-multiflexi-core/tests/src/MultiFlexi/EngineTest.php" line="73" class="Test\MultiFlexi\EngineTest" classname="Test.MultiFlexi.EngineTest" assertions="0" time="0.005495">
          <error type="Error">Test\MultiFlexi\EngineTest::testexportEnv
Error: Call to undefined method MultiFlexi\Engine::exportEnv()

/home/vitex/Projects/Multi/php-vitexsoftware-multiflexi-core/tests/src/MultiFlexi/EngineTest.php:75</error>
        </testcase>
      </testsuite>
      <testsuite name="Test\MultiFlexi\FileStoreTest" file="/home/vitex/Projects/Multi/php-vitexsoftware-multiflexi-core/tests/src/MultiFlexi/FileStoreTest.php" tests="3" assertions="0" errors="3" failures="0" skipped="0" time="0.023264">
        <testcase name="teststoreFile" file="/home/vitex/Projects/Multi/php-vitexsoftware-multiflexi-core/tests/src/MultiFlexi/FileStoreTest.php" line="49" class="Test\MultiFlexi\FileStoreTest" classname="Test.MultiFlexi.FileStoreTest" assertions="0" time="0.010333">
          <error type="Error">Test\MultiFlexi\FileStoreTest::teststoreFile
Error: Call to undefined method MultiFlexi\FileStore::storeFile()

/home/vitex/Projects/Multi/php-vitexsoftware-multiflexi-core/tests/src/MultiFlexi/FileStoreTest.php:51</error>
        </testcase>
        <testcase name="teststoreFileForRuntemplate" file="/home/vitex/Projects/Multi/php-vitexsoftware-multiflexi-core/tests/src/MultiFlexi/FileStoreTest.php" line="61" class="Test\MultiFlexi\FileStoreTest" classname="Test.MultiFlexi.FileStoreTest" assertions="0" time="0.006969">
          <error type="ArgumentCountError">Test\MultiFlexi\FileStoreTest::teststoreFileForRuntemplate
ArgumentCountError: Too few arguments to function MultiFlexi\FileStore::storeFileForRuntemplate(), 0 passed in /home/vitex/Projects/Multi/php-vitexsoftware-multiflexi-core/tests/src/MultiFlexi/FileStoreTest.php on line 63 and exactly 4 expected

/home/vitex/Projects/Multi/php-vitexsoftware-multiflexi-core/src/MultiFlexi/FileStore.php:75
/home/vitex/Projects/Multi/php-vitexsoftware-multiflexi-core/tests/src/MultiFlexi/FileStoreTest.php:63</error>
        </testcase>
        <testcase name="teststoreFileForJob" file="/home/vitex/Projects/Multi/php-vitexsoftware-multiflexi-core/tests/src/MultiFlexi/FileStoreTest.php" line="73" class="Test\MultiFlexi\FileStoreTest" classname="Test.MultiFlexi.FileStoreTest" assertions="0" time="0.005963">
          <error type="ArgumentCountError">Test\MultiFlexi\FileStoreTest::teststoreFileForJob
ArgumentCountError: Too few arguments to function MultiFlexi\FileStore::storeFileForJob(), 0 passed in /home/vitex/Projects/Multi/php-vitexsoftware-multiflexi-core/tests/src/MultiFlexi/FileStoreTest.php on line 75 and exactly 4 expected

/home/vitex/Projects/Multi/php-vitexsoftware-multiflexi-core/src/MultiFlexi/FileStore.php:83
/home/vitex/Projects/Multi/php-vitexsoftware-multiflexi-core/tests/src/MultiFlexi/FileStoreTest.php:75</error>
        </testcase>
      </testsuite>
      <testsuite name="Test\MultiFlexi\JobTest" file="/home/vitex/Projects/Multi/php-vitexsoftware-multiflexi-core/tests/src/MultiFlexi/JobTest.php" tests="19" assertions="3" errors="15" failures="2" skipped="0" time="0.145415">
        <testcase name="testgetOutput" file="/home/vitex/Projects/Multi/php-vitexsoftware-multiflexi-core/tests/src/MultiFlexi/JobTest.php" line="162" class="Test\MultiFlexi\JobTest" classname="Test.MultiFlexi.JobTest" assertions="0" time="0.012320">
          <error type="Error">Test\MultiFlexi\JobTest::testgetOutput
Error: Call to undefined method MultiFlexi\Job::addOutput()

/home/vitex/Projects/Multi/php-vitexsoftware-multiflexi-core/tests/src/MultiFlexi/JobTest.php:164</error>
        </testcase>
        <testcase name="testcolumnDefs" file="/home/vitex/Projects/Multi/php-vitexsoftware-multiflexi-core/tests/src/MultiFlexi/JobTest.php" line="80" class="Test\MultiFlexi\JobTest" classname="Test.MultiFlexi.JobTest" assertions="1" time="0.005689">
          <failure type="PHPUnit\Framework\ExpectationFailedException">Test\MultiFlexi\JobTest::testcolumnDefs
Failed asserting that '\n
"columnDefs": [\n
           // { "visible": false,  "targets": [ 0 ] }\n
        ]\n
,\n
' is of type array.

/home/vitex/Projects/Multi/php-vitexsoftware-multiflexi-core/tests/src/MultiFlexi/JobTest.php:83</failure>
        </testcase>
        <testcase name="testgetOutputCachePlaintext" file="/home/vitex/Projects/Multi/php-vitexsoftware-multiflexi-core/tests/src/MultiFlexi/JobTest.php" line="135" class="Test\MultiFlexi\JobTest" classname="Test.MultiFlexi.JobTest" assertions="0" time="0.006005">
          <error type="Error">Test\MultiFlexi\JobTest::testgetOutputCachePlaintext
Error: Call to undefined method MultiFlexi\Job::getOutputCachePlaintext()

/home/vitex/Projects/Multi/php-vitexsoftware-multiflexi-core/tests/src/MultiFlexi/JobTest.php:137</error>
        </testcase>
        <testcase name="testInitialization" file="/home/vitex/Projects/Multi/php-vitexsoftware-multiflexi-core/tests/src/MultiFlexi/JobTest.php" line="196" class="Test\MultiFlexi\JobTest" classname="Test.MultiFlexi.JobTest" assertions="1" time="0.002938"/>
        <testcase name="testisProvisioned" file="/home/vitex/Projects/Multi/php-vitexsoftware-multiflexi-core/tests/src/MultiFlexi/JobTest.php" line="70" class="Test\MultiFlexi\JobTest" classname="Test.MultiFlexi.JobTest" assertions="0" time="0.009980">
          <error type="ArgumentCountError">Test\MultiFlexi\JobTest::testisProvisioned
ArgumentCountError: Too few arguments to function MultiFlexi\Job::isProvisioned(), 0 passed in /home/vitex/Projects/Multi/php-vitexsoftware-multiflexi-core/tests/src/MultiFlexi/JobTest.php on line 73 and exactly 1 expected

/home/vitex/Projects/Multi/php-vitexsoftware-multiflexi-core/src/MultiFlexi/Job.php:290
/home/vitex/Projects/Multi/php-vitexsoftware-multiflexi-core/tests/src/MultiFlexi/JobTest.php:73</error>
        </testcase>
        <testcase name="testscheduleJobRun" file="/home/vitex/Projects/Multi/php-vitexsoftware-multiflexi-core/tests/src/MultiFlexi/JobTest.php" line="99" class="Test\MultiFlexi\JobTest" classname="Test.MultiFlexi.JobTest" assertions="0" time="0.008570">
          <error type="ArgumentCountError">Test\MultiFlexi\JobTest::testscheduleJobRun
ArgumentCountError: Too few arguments to function MultiFlexi\Job::scheduleJobRun(), 0 passed in /home/vitex/Projects/Multi/php-vitexsoftware-multiflexi-core/tests/src/MultiFlexi/JobTest.php on line 101 and exactly 1 expected

/home/vitex/Projects/Multi/php-vitexsoftware-multiflexi-core/src/MultiFlexi/Job.php:370
/home/vitex/Projects/Multi/php-vitexsoftware-multiflexi-core/tests/src/MultiFlexi/JobTest.php:101</error>
        </testcase>
        <testcase name="testreportToZabbix" file="/home/vitex/Projects/Multi/php-vitexsoftware-multiflexi-core/tests/src/MultiFlexi/JobTest.php" line="108" class="Test\MultiFlexi\JobTest" classname="Test.MultiFlexi.JobTest" assertions="0" time="0.007025">
          <error type="TypeError">Test\MultiFlexi\JobTest::testreportToZabbix
TypeError: MultiFlexi\Job::reportToZabbix(): Argument #1 ($messageData) must be of type array, string given, called in /home/vitex/Projects/Multi/php-vitexsoftware-multiflexi-core/tests/src/MultiFlexi/JobTest.php on line 110

/home/vitex/Projects/Multi/php-vitexsoftware-multiflexi-core/src/MultiFlexi/Job.php:383
/home/vitex/Projects/Multi/php-vitexsoftware-multiflexi-core/tests/src/MultiFlexi/JobTest.php:110</error>
        </testcase>
        <testcase name="testgetCmdline" file="/home/vitex/Projects/Multi/php-vitexsoftware-multiflexi-core/tests/src/MultiFlexi/JobTest.php" line="144" class="Test\MultiFlexi\JobTest" classname="Test.MultiFlexi.JobTest" assertions="0" time="0.006118">
          <error type="Error">Test\MultiFlexi\JobTest::testgetCmdline
Error: Call to a member function getDataValue() on null

/home/vitex/Projects/Multi/php-vitexsoftware-multiflexi-core/src/MultiFlexi/Job.php:432
/home/vitex/Projects/Multi/php-vitexsoftware-multiflexi-core/tests/src/MultiFlexi/JobTest.php:146</error>
        </testcase>
        <testcase name="testrunEnd" file="/home/vitex/Projects/Multi/php-vitexsoftware-multiflexi-core/tests/src/MultiFlexi/JobTest.php" line="60" class="Test\MultiFlexi\JobTest" classname="Test.MultiFlexi.JobTest" assertions="0" time="0.007065">
          <error type="ArgumentCountError">Test\MultiFlexi\JobTest::testrunEnd
ArgumentCountError: Too few arguments to function MultiFlexi\Job::runEnd(), 0 passed in /home/vitex/Projects/Multi/php-vitexsoftware-multiflexi-core/tests/src/MultiFlexi/JobTest.php on line 63 and exactly 3 expected

/home/vitex/Projects/Multi/php-vitexsoftware-multiflexi-core/src/MultiFlexi/Job.php:233
/home/vitex/Projects/Multi/php-vitexsoftware-multiflexi-core/tests/src/MultiFlexi/JobTest.php:63</error>
        </testcase>
        <testcase name="testprepareJob" file="/home/vitex/Projects/Multi/php-vitexsoftware-multiflexi-core/tests/src/MultiFlexi/JobTest.php" line="90" class="Test\MultiFlexi\JobTest" classname="Test.MultiFlexi.JobTest" assertions="0" time="0.006291">
          <error type="ArgumentCountError">Test\MultiFlexi\JobTest::testprepareJob
ArgumentCountError: Too few arguments to function MultiFlexi\Job::prepareJob(), 0 passed in /home/vitex/Projects/Multi/php-vitexsoftware-multiflexi-core/tests/src/MultiFlexi/JobTest.php on line 92 and at least 3 expected

/home/vitex/Projects/Multi/php-vitexsoftware-multiflexi-core/src/MultiFlexi/Job.php:323
/home/vitex/Projects/Multi/php-vitexsoftware-multiflexi-core/tests/src/MultiFlexi/JobTest.php:92</error>
        </testcase>
        <testcase name="testgetCmdParams" file="/home/vitex/Projects/Multi/php-vitexsoftware-multiflexi-core/tests/src/MultiFlexi/JobTest.php" line="153" class="Test\MultiFlexi\JobTest" classname="Test.MultiFlexi.JobTest" assertions="0" time="0.005883">
          <error type="Error">Test\MultiFlexi\JobTest::testgetCmdParams
Error: Call to a member function getDataValue() on null

/home/vitex/Projects/Multi/php-vitexsoftware-multiflexi-core/src/MultiFlexi/Job.php:442
/home/vitex/Projects/Multi/php-vitexsoftware-multiflexi-core/tests/src/MultiFlexi/JobTest.php:155</error>
        </testcase>
        <testcase name="testcleanUp" file="/home/vitex/Projects/Multi/php-vitexsoftware-multiflexi-core/tests/src/MultiFlexi/JobTest.php" line="172" class="Test\MultiFlexi\JobTest" classname="Test.MultiFlexi.JobTest" assertions="1" time="0.006797">
          <failure type="PHPUnit\Framework\ExpectationFailedException">Test\MultiFlexi\JobTest::testcleanUp
Failed asserting that null is true.

/home/vitex/Projects/Multi/php-vitexsoftware-multiflexi-core/tests/src/MultiFlexi/JobTest.php:175</failure>
        </testcase>
        <testcase name="testaddOutput" file="/home/vitex/Projects/Multi/php-vitexsoftware-multiflexi-core/tests/src/MultiFlexi/JobTest.php" line="126" class="Test\MultiFlexi\JobTest" classname="Test.MultiFlexi.JobTest" assertions="0" time="0.008129">
          <error type="Error">Test\MultiFlexi\JobTest::testaddOutput
Error: Call to undefined method MultiFlexi\Job::addOutput()

/home/vitex/Projects/Multi/php-vitexsoftware-multiflexi-core/tests/src/MultiFlexi/JobTest.php:128</error>
        </testcase>
        <testcase name="testrunBegin" file="/home/vitex/Projects/Multi/php-vitexsoftware-multiflexi-core/tests/src/MultiFlexi/JobTest.php" line="50" class="Test\MultiFlexi\JobTest" classname="Test.MultiFlexi.JobTest" assertions="0" time="0.016497">
          <error type="Error">Test\MultiFlexi\JobTest::testrunBegin
Error: Call to a member function getMyKey() on null

/home/vitex/Projects/Multi/php-vitexsoftware-multiflexi-core/src/MultiFlexi/Job.php:172
/home/vitex/Projects/Multi/php-vitexsoftware-multiflexi-core/tests/src/MultiFlexi/JobTest.php:53</error>
        </testcase>
        <testcase name="testcompileEnv" file="/home/vitex/Projects/Multi/php-vitexsoftware-multiflexi-core/tests/src/MultiFlexi/JobTest.php" line="190" class="Test\MultiFlexi\JobTest" classname="Test.MultiFlexi.JobTest" assertions="0" time="0.014706">
          <error type="Error">Test\MultiFlexi\JobTest::testcompileEnv
Error: Call to undefined method MultiFlexi\Environmentor::flatEnv()

/home/vitex/Projects/Multi/php-vitexsoftware-multiflexi-core/src/MultiFlexi/Job.php:610
/home/vitex/Projects/Multi/php-vitexsoftware-multiflexi-core/tests/src/MultiFlexi/JobTest.php:192</error>
        </testcase>
        <testcase name="testperformJob" file="/home/vitex/Projects/Multi/php-vitexsoftware-multiflexi-core/tests/src/MultiFlexi/JobTest.php" line="117" class="Test\MultiFlexi\JobTest" classname="Test.MultiFlexi.JobTest" assertions="0" time="0.006907">
          <error type="Error">Test\MultiFlexi\JobTest::testperformJob
Error: Call to a member function getMyKey() on null

/home/vitex/Projects/Multi/php-vitexsoftware-multiflexi-core/src/MultiFlexi/Job.php:172
/home/vitex/Projects/Multi/php-vitexsoftware-multiflexi-core/src/MultiFlexi/Job.php:420
/home/vitex/Projects/Multi/php-vitexsoftware-multiflexi-core/tests/src/MultiFlexi/JobTest.php:119</error>
        </testcase>
        <testcase name="testlauncherScript" file="/home/vitex/Projects/Multi/php-vitexsoftware-multiflexi-core/tests/src/MultiFlexi/JobTest.php" line="181" class="Test\MultiFlexi\JobTest" classname="Test.MultiFlexi.JobTest" assertions="0" time="0.003653">
          <error type="Error">Test\MultiFlexi\JobTest::testlauncherScript
Error: Call to a member function getDataValue() on null

/home/vitex/Projects/Multi/php-vitexsoftware-multiflexi-core/src/MultiFlexi/Job.php:485
/home/vitex/Projects/Multi/php-vitexsoftware-multiflexi-core/tests/src/MultiFlexi/JobTest.php:183</error>
        </testcase>
        <testcase name="testSomeFunctionality" file="/home/vitex/Projects/Multi/php-vitexsoftware-multiflexi-core/tests/src/MultiFlexi/JobTest.php" line="202" class="Test\MultiFlexi\JobTest" classname="Test.MultiFlexi.JobTest" assertions="0" time="0.003714"/>
        <testcase name="testnewJob" file="/home/vitex/Projects/Multi/php-vitexsoftware-multiflexi-core/tests/src/MultiFlexi/JobTest.php" line="40" class="Test\MultiFlexi\JobTest" classname="Test.MultiFlexi.JobTest" assertions="0" time="0.007128">
          <error type="Error">Test\MultiFlexi\JobTest::testnewJob
Error: Class "User" not found

/home/vitex/Projects/Multi/php-vitexsoftware-multiflexi-core/vendor/vitexsoftware/ease-core/src/Ease/Shared.php:317
/home/vitex/Projects/Multi/php-vitexsoftware-multiflexi-core/src/MultiFlexi/Job.php:139
/home/vitex/Projects/Multi/php-vitexsoftware-multiflexi-core/tests/src/MultiFlexi/JobTest.php:42</error>
        </testcase>
      </testsuite>
      <testsuite name="Test\MultiFlexi\LogToSQLTest" file="/home/vitex/Projects/Multi/php-vitexsoftware-multiflexi-core/tests/src/MultiFlexi/LogToSQLTest.php" tests="7" assertions="0" errors="7" failures="0" skipped="0" time="0.000000">
        <testcase name="testsingleton" file="/home/vitex/Projects/Multi/php-vitexsoftware-multiflexi-core/tests/src/MultiFlexi/LogToSQLTest.php" line="49" class="Test\MultiFlexi\LogToSQLTest" classname="Test.MultiFlexi.LogToSQLTest" assertions="0" time="0.000000">
          <error type="Error">Test\MultiFlexi\LogToSQLTest::testsingleton
Error: Interface "MultiFlexi\Ui\columns" not found

/home/vitex/Projects/Multi/php-vitexsoftware-multiflexi-core/src/MultiFlexi/User.php:26
/home/vitex/Projects/Multi/php-vitexsoftware-multiflexi-core/src/MultiFlexi/LogToSQL.php:37
/home/vitex/Projects/Multi/php-vitexsoftware-multiflexi-core/tests/src/MultiFlexi/LogToSQLTest.php:33</error>
        </testcase>
        <testcase name="testsetCompany" file="/home/vitex/Projects/Multi/php-vitexsoftware-multiflexi-core/tests/src/MultiFlexi/LogToSQLTest.php" line="61" class="Test\MultiFlexi\LogToSQLTest" classname="Test.MultiFlexi.LogToSQLTest" assertions="0" time="0.000000">
          <error type="Error">Test\MultiFlexi\LogToSQLTest::testsetCompany
Error: Interface "MultiFlexi\Ui\columns" not found

/home/vitex/Projects/Multi/php-vitexsoftware-multiflexi-core/src/MultiFlexi/User.php:26
/home/vitex/Projects/Multi/php-vitexsoftware-multiflexi-core/src/MultiFlexi/LogToSQL.php:37
/home/vitex/Projects/Multi/php-vitexsoftware-multiflexi-core/tests/src/MultiFlexi/LogToSQLTest.php:33</error>
        </testcase>
        <testcase name="testsetApplication" file="/home/vitex/Projects/Multi/php-vitexsoftware-multiflexi-core/tests/src/MultiFlexi/LogToSQLTest.php" line="73" class="Test\MultiFlexi\LogToSQLTest" classname="Test.MultiFlexi.LogToSQLTest" assertions="0" time="0.000000">
          <error type="Error">Test\MultiFlexi\LogToSQLTest::testsetApplication
Error: Interface "MultiFlexi\Ui\columns" not found

/home/vitex/Projects/Multi/php-vitexsoftware-multiflexi-core/src/MultiFlexi/User.php:26
/home/vitex/Projects/Multi/php-vitexsoftware-multiflexi-core/src/MultiFlexi/LogToSQL.php:37
/home/vitex/Projects/Multi/php-vitexsoftware-multiflexi-core/tests/src/MultiFlexi/LogToSQLTest.php:33</error>
        </testcase>
        <testcase name="testsetUser" file="/home/vitex/Projects/Multi/php-vitexsoftware-multiflexi-core/tests/src/MultiFlexi/LogToSQLTest.php" line="85" class="Test\MultiFlexi\LogToSQLTest" classname="Test.MultiFlexi.LogToSQLTest" assertions="0" time="0.000000">
          <error type="Error">Test\MultiFlexi\LogToSQLTest::testsetUser
Error: Interface "MultiFlexi\Ui\columns" not found

/home/vitex/Projects/Multi/php-vitexsoftware-multiflexi-core/src/MultiFlexi/User.php:26
/home/vitex/Projects/Multi/php-vitexsoftware-multiflexi-core/src/MultiFlexi/LogToSQL.php:37
/home/vitex/Projects/Multi/php-vitexsoftware-multiflexi-core/tests/src/MultiFlexi/LogToSQLTest.php:33</error>
        </testcase>
        <testcase name="testaddToLog" file="/home/vitex/Projects/Multi/php-vitexsoftware-multiflexi-core/tests/src/MultiFlexi/LogToSQLTest.php" line="97" class="Test\MultiFlexi\LogToSQLTest" classname="Test.MultiFlexi.LogToSQLTest" assertions="0" time="0.000000">
          <error type="Error">Test\MultiFlexi\LogToSQLTest::testaddToLog
Error: Interface "MultiFlexi\Ui\columns" not found

/home/vitex/Projects/Multi/php-vitexsoftware-multiflexi-core/src/MultiFlexi/User.php:26
/home/vitex/Projects/Multi/php-vitexsoftware-multiflexi-core/src/MultiFlexi/LogToSQL.php:37
/home/vitex/Projects/Multi/php-vitexsoftware-multiflexi-core/tests/src/MultiFlexi/LogToSQLTest.php:33</error>
        </testcase>
        <testcase name="testvenuize" file="/home/vitex/Projects/Multi/php-vitexsoftware-multiflexi-core/tests/src/MultiFlexi/LogToSQLTest.php" line="109" class="Test\MultiFlexi\LogToSQLTest" classname="Test.MultiFlexi.LogToSQLTest" assertions="0" time="0.000000">
          <error type="Error">Test\MultiFlexi\LogToSQLTest::testvenuize
Error: Interface "MultiFlexi\Ui\columns" not found

/home/vitex/Projects/Multi/php-vitexsoftware-multiflexi-core/src/MultiFlexi/User.php:26
/home/vitex/Projects/Multi/php-vitexsoftware-multiflexi-core/src/MultiFlexi/LogToSQL.php:37
/home/vitex/Projects/Multi/php-vitexsoftware-multiflexi-core/tests/src/MultiFlexi/LogToSQLTest.php:33</error>
        </testcase>
        <testcase name="testremoveEmoji" file="/home/vitex/Projects/Multi/php-vitexsoftware-multiflexi-core/tests/src/MultiFlexi/LogToSQLTest.php" line="121" class="Test\MultiFlexi\LogToSQLTest" classname="Test.MultiFlexi.LogToSQLTest" assertions="0" time="0.000000">
          <error type="Error">Test\MultiFlexi\LogToSQLTest::testremoveEmoji
Error: Interface "MultiFlexi\Ui\columns" not found

/home/vitex/Projects/Multi/php-vitexsoftware-multiflexi-core/src/MultiFlexi/User.php:26
/home/vitex/Projects/Multi/php-vitexsoftware-multiflexi-core/src/MultiFlexi/LogToSQL.php:37
/home/vitex/Projects/Multi/php-vitexsoftware-multiflexi-core/tests/src/MultiFlexi/LogToSQLTest.php:33</error>
        </testcase>
      </testsuite>
      <testsuite name="Test\MultiFlexi\LogToZabbixTest" file="/home/vitex/Projects/Multi/php-vitexsoftware-multiflexi-core/tests/src/MultiFlexi/LogToZabbixTest.php" tests="2" assertions="1" errors="1" failures="1" skipped="0" time="0.011736">
        <testcase name="testsingleton" file="/home/vitex/Projects/Multi/php-vitexsoftware-multiflexi-core/tests/src/MultiFlexi/LogToZabbixTest.php" line="61" class="Test\MultiFlexi\LogToZabbixTest" classname="Test.MultiFlexi.LogToZabbixTest" assertions="1" time="0.006312">
          <failure type="PHPUnit\Framework\ExpectationFailedException">Test\MultiFlexi\LogToZabbixTest::testsingleton
MultiFlexi\LogToZabbix Object (...) does not match expected type "string".

/home/vitex/Projects/Multi/php-vitexsoftware-multiflexi-core/tests/src/MultiFlexi/LogToZabbixTest.php:63</failure>
        </testcase>
        <testcase name="testaddToLog" file="/home/vitex/Projects/Multi/php-vitexsoftware-multiflexi-core/tests/src/MultiFlexi/LogToZabbixTest.php" line="49" class="Test\MultiFlexi\LogToZabbixTest" classname="Test.MultiFlexi.LogToZabbixTest" assertions="0" time="0.005425">
          <error type="ArgumentCountError">Test\MultiFlexi\LogToZabbixTest::testaddToLog
ArgumentCountError: Too few arguments to function MultiFlexi\LogToZabbix::addToLog(), 0 passed in /home/vitex/Projects/Multi/php-vitexsoftware-multiflexi-core/tests/src/MultiFlexi/LogToZabbixTest.php on line 51 and at least 2 expected

/home/vitex/Projects/Multi/php-vitexsoftware-multiflexi-core/src/MultiFlexi/LogToZabbix.php:59
/home/vitex/Projects/Multi/php-vitexsoftware-multiflexi-core/tests/src/MultiFlexi/LogToZabbixTest.php:51</error>
        </testcase>
      </testsuite>
      <testsuite name="Test\MultiFlexi\ModConfigTest" file="/home/vitex/Projects/Multi/php-vitexsoftware-multiflexi-core/tests/src/MultiFlexi/ModConfigTest.php" tests="9" assertions="1" errors="8" failures="1" skipped="0" time="0.056793">
        <testcase name="testgetModuleConf" file="/home/vitex/Projects/Multi/php-vitexsoftware-multiflexi-core/tests/src/MultiFlexi/ModConfigTest.php" line="61" class="Test\MultiFlexi\ModConfigTest" classname="Test.MultiFlexi.ModConfigTest" assertions="0" time="0.006801">
          <error type="ArgumentCountError">Test\MultiFlexi\ModConfigTest::testgetModuleConf
ArgumentCountError: Too few arguments to function MultiFlexi\ModConfig::getModuleConf(), 0 passed in /home/vitex/Projects/Multi/php-vitexsoftware-multiflexi-core/tests/src/MultiFlexi/ModConfigTest.php on line 63 and exactly 1 expected

/home/vitex/Projects/Multi/php-vitexsoftware-multiflexi-core/src/MultiFlexi/ModConfig.php:36
/home/vitex/Projects/Multi/php-vitexsoftware-multiflexi-core/tests/src/MultiFlexi/ModConfigTest.php:63</error>
        </testcase>
        <testcase name="testsetModuleConf" file="/home/vitex/Projects/Multi/php-vitexsoftware-multiflexi-core/tests/src/MultiFlexi/ModConfigTest.php" line="73" class="Test\MultiFlexi\ModConfigTest" classname="Test.MultiFlexi.ModConfigTest" assertions="0" time="0.006268">
          <error type="ArgumentCountError">Test\MultiFlexi\ModConfigTest::testsetModuleConf
ArgumentCountError: Too few arguments to function MultiFlexi\ModConfig::setModuleConf(), 0 passed in /home/vitex/Projects/Multi/php-vitexsoftware-multiflexi-core/tests/src/MultiFlexi/ModConfigTest.php on line 75 and exactly 2 expected

/home/vitex/Projects/Multi/php-vitexsoftware-multiflexi-core/src/MultiFlexi/ModConfig.php:50
/home/vitex/Projects/Multi/php-vitexsoftware-multiflexi-core/tests/src/MultiFlexi/ModConfigTest.php:75</error>
        </testcase>
        <testcase name="testsaveConfigForModules" file="/home/vitex/Projects/Multi/php-vitexsoftware-multiflexi-core/tests/src/MultiFlexi/ModConfigTest.php" line="109" class="Test\MultiFlexi\ModConfigTest" classname="Test.MultiFlexi.ModConfigTest" assertions="0" time="0.005892">
          <error type="ArgumentCountError">Test\MultiFlexi\ModConfigTest::testsaveConfigForModules
ArgumentCountError: Too few arguments to function MultiFlexi\ModConfig::saveConfigForModules(), 0 passed in /home/vitex/Projects/Multi/php-vitexsoftware-multiflexi-core/tests/src/MultiFlexi/ModConfigTest.php on line 111 and exactly 1 expected

/home/vitex/Projects/Multi/php-vitexsoftware-multiflexi-core/src/MultiFlexi/ModConfig.php:89
/home/vitex/Projects/Multi/php-vitexsoftware-multiflexi-core/tests/src/MultiFlexi/ModConfigTest.php:111</error>
        </testcase>
        <testcase name="testgetConfigForModules" file="/home/vitex/Projects/Multi/php-vitexsoftware-multiflexi-core/tests/src/MultiFlexi/ModConfigTest.php" line="121" class="Test\MultiFlexi\ModConfigTest" classname="Test.MultiFlexi.ModConfigTest" assertions="0" time="0.008684">
          <error type="ArgumentCountError">Test\MultiFlexi\ModConfigTest::testgetConfigForModules
ArgumentCountError: Too few arguments to function MultiFlexi\ModConfig::getConfigForModules(), 0 passed in /home/vitex/Projects/Multi/php-vitexsoftware-multiflexi-core/tests/src/MultiFlexi/ModConfigTest.php on line 123 and exactly 1 expected

/home/vitex/Projects/Multi/php-vitexsoftware-multiflexi-core/src/MultiFlexi/ModConfig.php:103
/home/vitex/Projects/Multi/php-vitexsoftware-multiflexi-core/tests/src/MultiFlexi/ModConfigTest.php:123</error>
        </testcase>
        <testcase name="testclassBasename" file="/home/vitex/Projects/Multi/php-vitexsoftware-multiflexi-core/tests/src/MultiFlexi/ModConfigTest.php" line="133" class="Test\MultiFlexi\ModConfigTest" classname="Test.MultiFlexi.ModConfigTest" assertions="0" time="0.007225">
          <error type="ArgumentCountError">Test\MultiFlexi\ModConfigTest::testclassBasename
ArgumentCountError: Too few arguments to function MultiFlexi\ModConfig::classBasename(), 0 passed in /home/vitex/Projects/Multi/php-vitexsoftware-multiflexi-core/tests/src/MultiFlexi/ModConfigTest.php on line 135 and exactly 1 expected

/home/vitex/Projects/Multi/php-vitexsoftware-multiflexi-core/src/MultiFlexi/ModConfig.php:122
/home/vitex/Projects/Multi/php-vitexsoftware-multiflexi-core/tests/src/MultiFlexi/ModConfigTest.php:135</error>
        </testcase>
        <testcase name="testsaveFormData" file="/home/vitex/Projects/Multi/php-vitexsoftware-multiflexi-core/tests/src/MultiFlexi/ModConfigTest.php" line="145" class="Test\MultiFlexi\ModConfigTest" classname="Test.MultiFlexi.ModConfigTest" assertions="0" time="0.006336">
          <error type="ArgumentCountError">Test\MultiFlexi\ModConfigTest::testsaveFormData
ArgumentCountError: Too few arguments to function MultiFlexi\ModConfig::saveFormData(), 0 passed in /home/vitex/Projects/Multi/php-vitexsoftware-multiflexi-core/tests/src/MultiFlexi/ModConfigTest.php on line 147 and exactly 1 expected

/home/vitex/Projects/Multi/php-vitexsoftware-multiflexi-core/src/MultiFlexi/ModConfig.php:127
/home/vitex/Projects/Multi/php-vitexsoftware-multiflexi-core/tests/src/MultiFlexi/ModConfigTest.php:147</error>
        </testcase>
        <testcase name="testformData" file="/home/vitex/Projects/Multi/php-vitexsoftware-multiflexi-core/tests/src/MultiFlexi/ModConfigTest.php" line="97" class="Test\MultiFlexi\ModConfigTest" classname="Test.MultiFlexi.ModConfigTest" assertions="1" time="0.007402">
          <failure type="PHPUnit\Framework\ExpectationFailedException">Test\MultiFlexi\ModConfigTest::testformData
[] does not match expected type "string".

/home/vitex/Projects/Multi/php-vitexsoftware-multiflexi-core/tests/src/MultiFlexi/ModConfigTest.php:99</failure>
        </testcase>
        <testcase name="testgetConf" file="/home/vitex/Projects/Multi/php-vitexsoftware-multiflexi-core/tests/src/MultiFlexi/ModConfigTest.php" line="49" class="Test\MultiFlexi\ModConfigTest" classname="Test.MultiFlexi.ModConfigTest" assertions="0" time="0.003793">
          <error type="ArgumentCountError">Test\MultiFlexi\ModConfigTest::testgetConf
ArgumentCountError: Too few arguments to function MultiFlexi\ModConfig::getConf(), 0 passed in /home/vitex/Projects/Multi/php-vitexsoftware-multiflexi-core/tests/src/MultiFlexi/ModConfigTest.php on line 51 and exactly 2 expected

/home/vitex/Projects/Multi/php-vitexsoftware-multiflexi-core/src/MultiFlexi/ModConfig.php:31
/home/vitex/Projects/Multi/php-vitexsoftware-multiflexi-core/tests/src/MultiFlexi/ModConfigTest.php:51</error>
        </testcase>
        <testcase name="testsetConf" file="/home/vitex/Projects/Multi/php-vitexsoftware-multiflexi-core/tests/src/MultiFlexi/ModConfigTest.php" line="85" class="Test\MultiFlexi\ModConfigTest" classname="Test.MultiFlexi.ModConfigTest" assertions="0" time="0.004393">
          <error type="ArgumentCountError">Test\MultiFlexi\ModConfigTest::testsetConf
ArgumentCountError: Too few arguments to function MultiFlexi\ModConfig::setConf(), 0 passed in /home/vitex/Projects/Multi/php-vitexsoftware-multiflexi-core/tests/src/MultiFlexi/ModConfigTest.php on line 87 and exactly 3 expected

/home/vitex/Projects/Multi/php-vitexsoftware-multiflexi-core/src/MultiFlexi/ModConfig.php:70
/home/vitex/Projects/Multi/php-vitexsoftware-multiflexi-core/tests/src/MultiFlexi/ModConfigTest.php:87</error>
        </testcase>
      </testsuite>
      <testsuite name="Test\MultiFlexi\RunTemplateTest" file="/home/vitex/Projects/Multi/php-vitexsoftware-multiflexi-core/tests/src/MultiFlexi/RunTemplateTest.php" tests="10" assertions="5" errors="5" failures="4" skipped="0" time="0.172897">
        <testcase name="testgetAppsForCompany" file="/home/vitex/Projects/Multi/php-vitexsoftware-multiflexi-core/tests/src/MultiFlexi/RunTemplateTest.php" line="112" class="Test\MultiFlexi\RunTemplateTest" classname="Test.MultiFlexi.RunTemplateTest" assertions="0" time="0.017557">
          <error type="Error">Test\MultiFlexi\RunTemplateTest::testgetAppsForCompany
Error: Call to undefined method MultiFlexi\RunTemplate::getAppsForCompany()

/home/vitex/Projects/Multi/php-vitexsoftware-multiflexi-core/tests/src/MultiFlexi/RunTemplateTest.php:114</error>
        </testcase>
        <testcase name="testgetCompanyEnvironment" file="/home/vitex/Projects/Multi/php-vitexsoftware-multiflexi-core/tests/src/MultiFlexi/RunTemplateTest.php" line="75" class="Test\MultiFlexi\RunTemplateTest" classname="Test.MultiFlexi.RunTemplateTest" assertions="0" time="0.014285">
          <error type="Error">Test\MultiFlexi\RunTemplateTest::testgetCompanyEnvironment
Error: Class "\MultiFlexi\AbraFlexi\Company" not found

/home/vitex/Projects/Multi/php-vitexsoftware-multiflexi-core/src/MultiFlexi/RunTemplate.php:168
/home/vitex/Projects/Multi/php-vitexsoftware-multiflexi-core/tests/src/MultiFlexi/RunTemplateTest.php:77</error>
        </testcase>
        <testcase name="testsetProvision" file="/home/vitex/Projects/Multi/php-vitexsoftware-multiflexi-core/tests/src/MultiFlexi/RunTemplateTest.php" line="121" class="Test\MultiFlexi\RunTemplateTest" classname="Test.MultiFlexi.RunTemplateTest" assertions="0" time="0.014064">
          <error type="Error">Test\MultiFlexi\RunTemplateTest::testsetProvision
Error: Call to undefined method MultiFlexi\RunTemplate::isProvisioned()

/home/vitex/Projects/Multi/php-vitexsoftware-multiflexi-core/tests/src/MultiFlexi/RunTemplateTest.php:124</error>
        </testcase>
        <testcase name="testgetAppInfo" file="/home/vitex/Projects/Multi/php-vitexsoftware-multiflexi-core/tests/src/MultiFlexi/RunTemplateTest.php" line="93" class="Test\MultiFlexi\RunTemplateTest" classname="Test.MultiFlexi.RunTemplateTest" assertions="1" time="0.009477"/>
        <testcase name="testsetState" file="/home/vitex/Projects/Multi/php-vitexsoftware-multiflexi-core/tests/src/MultiFlexi/RunTemplateTest.php" line="48" class="Test\MultiFlexi\RunTemplateTest" classname="Test.MultiFlexi.RunTemplateTest" assertions="0" time="0.014349">
          <error type="Error">Test\MultiFlexi\RunTemplateTest::testsetState
Error: Call to undefined method MultiFlexi\RunTemplate::getState()

/home/vitex/Projects/Multi/php-vitexsoftware-multiflexi-core/tests/src/MultiFlexi/RunTemplateTest.php:51</error>
        </testcase>
        <testcase name="testsetEnvironment" file="/home/vitex/Projects/Multi/php-vitexsoftware-multiflexi-core/tests/src/MultiFlexi/RunTemplateTest.php" line="102" class="Test\MultiFlexi\RunTemplateTest" classname="Test.MultiFlexi.RunTemplateTest" assertions="0" time="0.025791">
          <error type="Error">Test\MultiFlexi\RunTemplateTest::testsetEnvironment
Error: Interface "MultiFlexi\Ui\columns" not found

/home/vitex/Projects/Multi/php-vitexsoftware-multiflexi-core/src/MultiFlexi/User.php:26
/home/vitex/Projects/Multi/php-vitexsoftware-multiflexi-core/src/MultiFlexi/LogToSQL.php:37
/home/vitex/Projects/Multi/php-vitexsoftware-multiflexi-core/src/MultiFlexi/LogToSQL.php:52
/home/vitex/Projects/Multi/php-vitexsoftware-multiflexi-core/vendor/vitexsoftware/ease-core/src/Ease/Logger/Regent.php:105
/home/vitex/Projects/Multi/php-vitexsoftware-multiflexi-core/vendor/vitexsoftware/ease-core/src/Ease/Logger/Regent.php:178
/home/vitex/Projects/Multi/php-vitexsoftware-multiflexi-core/vendor/vitexsoftware/ease-core/src/Ease/Logger/Logging.php:83
/home/vitex/Projects/Multi/php-vitexsoftware-multiflexi-core/vendor/vitexsoftware/ease-core/src/Ease/Logger/Logging.php:50
/home/vitex/Projects/Multi/php-vitexsoftware-multiflexi-core/src/MultiFlexi/RunTemplate.php:428
/home/vitex/Projects/Multi/php-vitexsoftware-multiflexi-core/tests/src/MultiFlexi/RunTemplateTest.php:105</error>
        </testcase>
        <testcase name="testrunTemplateID" file="/home/vitex/Projects/Multi/php-vitexsoftware-multiflexi-core/tests/src/MultiFlexi/RunTemplateTest.php" line="40" class="Test\MultiFlexi\RunTemplateTest" classname="Test.MultiFlexi.RunTemplateTest" assertions="1" time="0.014190">
          <failure type="PHPUnit\Framework\ExpectationFailedException">Test\MultiFlexi\RunTemplateTest::testrunTemplateID
Failed asserting that true is of type int.

/home/vitex/Projects/Multi/php-vitexsoftware-multiflexi-core/tests/src/MultiFlexi/RunTemplateTest.php:42</failure>
        </testcase>
        <testcase name="testperformInit" file="/home/vitex/Projects/Multi/php-vitexsoftware-multiflexi-core/tests/src/MultiFlexi/RunTemplateTest.php" line="57" class="Test\MultiFlexi\RunTemplateTest" classname="Test.MultiFlexi.RunTemplateTest" assertions="1" time="0.011658">
          <failure type="PHPUnit\Framework\ExpectationFailedException">Test\MultiFlexi\RunTemplateTest::testperformInit
Failed asserting that null is true.

/home/vitex/Projects/Multi/php-vitexsoftware-multiflexi-core/tests/src/MultiFlexi/RunTemplateTest.php:60</failure>
        </testcase>
        <testcase name="testdeleteFromSQL" file="/home/vitex/Projects/Multi/php-vitexsoftware-multiflexi-core/tests/src/MultiFlexi/RunTemplateTest.php" line="66" class="Test\MultiFlexi\RunTemplateTest" classname="Test.MultiFlexi.RunTemplateTest" assertions="1" time="0.020843">
          <failure type="PHPUnit\Framework\ExpectationFailedException">Test\MultiFlexi\RunTemplateTest::testdeleteFromSQL
Failed asserting that 1 is true.

/home/vitex/Projects/Multi/php-vitexsoftware-multiflexi-core/tests/src/MultiFlexi/RunTemplateTest.php:69</failure>
        </testcase>
        <testcase name="testgetAppEnvironment" file="/home/vitex/Projects/Multi/php-vitexsoftware-multiflexi-core/tests/src/MultiFlexi/RunTemplateTest.php" line="84" class="Test\MultiFlexi\RunTemplateTest" classname="Test.MultiFlexi.RunTemplateTest" assertions="1" time="0.030682">
          <failure type="PHPUnit\Framework\ExpectationFailedException">Test\MultiFlexi\RunTemplateTest::testgetAppEnvironment
Failed asserting that MultiFlexi\ConfigFields Object #6676 (
    'fields' =&gt; Array &amp;0 [],
    'name' =&gt; 'loha #0',
) is of type array.

/home/vitex/Projects/Multi/php-vitexsoftware-multiflexi-core/tests/src/MultiFlexi/RunTemplateTest.php:87</failure>
        </testcase>
      </testsuite>
      <testsuite name="Test\MultiFlexi\LoggerTest" file="/home/vitex/Projects/Multi/php-vitexsoftware-multiflexi-core/tests/src/MultiFlexi/LoggerTest.php" tests="10" assertions="6" errors="3" failures="2" skipped="1" time="0.058916">
        <testcase name="testSomeFunctionality" file="/home/vitex/Projects/Multi/php-vitexsoftware-multiflexi-core/tests/src/MultiFlexi/LoggerTest.php" line="147" class="Test\MultiFlexi\LoggerTest" classname="Test.MultiFlexi.LoggerTest" assertions="0" time="0.004519"/>
        <testcase name="testtableCode" file="/home/vitex/Projects/Multi/php-vitexsoftware-multiflexi-core/tests/src/MultiFlexi/LoggerTest.php" line="83" class="Test\MultiFlexi\LoggerTest" classname="Test.MultiFlexi.LoggerTest" assertions="1" time="0.002684"/>
        <testcase name="testtoRFC3339" file="/home/vitex/Projects/Multi/php-vitexsoftware-multiflexi-core/tests/src/MultiFlexi/LoggerTest.php" line="134" class="Test\MultiFlexi\LoggerTest" classname="Test.MultiFlexi.LoggerTest" assertions="1" time="0.002161"/>
        <testcase name="testInitialization" file="/home/vitex/Projects/Multi/php-vitexsoftware-multiflexi-core/tests/src/MultiFlexi/LoggerTest.php" line="141" class="Test\MultiFlexi\LoggerTest" classname="Test.MultiFlexi.LoggerTest" assertions="1" time="0.003106"/>
        <testcase name="testgetActualMessages" file="/home/vitex/Projects/Multi/php-vitexsoftware-multiflexi-core/tests/src/MultiFlexi/LoggerTest.php" line="47" class="Test\MultiFlexi\LoggerTest" classname="Test.MultiFlexi.LoggerTest" assertions="0" time="0.008599">
          <error type="TypeError">Test\MultiFlexi\LoggerTest::testgetActualMessages
TypeError: Ease\SQL\Engine::getColumnsFromSQL(): Argument #1 ($columnsList) must be of type array, string given, called in /home/vitex/Projects/Multi/php-vitexsoftware-multiflexi-core/src/MultiFlexi/Logger.php on line 50

/home/vitex/Projects/Multi/php-vitexsoftware-multiflexi-core/vendor/vitexsoftware/ease-fluentpdo/src/Ease/SQL/Orm.php:269
/home/vitex/Projects/Multi/php-vitexsoftware-multiflexi-core/src/MultiFlexi/Logger.php:50
/home/vitex/Projects/Multi/php-vitexsoftware-multiflexi-core/tests/src/MultiFlexi/LoggerTest.php:49</error>
        </testcase>
        <testcase name="testcompleteDataRow" file="/home/vitex/Projects/Multi/php-vitexsoftware-multiflexi-core/tests/src/MultiFlexi/LoggerTest.php" line="119" class="Test\MultiFlexi\LoggerTest" classname="Test.MultiFlexi.LoggerTest" assertions="0" time="0.005702">
          <error type="Error">Test\MultiFlexi\LoggerTest::testcompleteDataRow
Error: Class "SensioLabs\AnsiConverter\AnsiToHtmlConverter" not found

/home/vitex/Projects/Multi/php-vitexsoftware-multiflexi-core/src/MultiFlexi/Logger.php:207
/home/vitex/Projects/Multi/php-vitexsoftware-multiflexi-core/tests/src/MultiFlexi/LoggerTest.php:123</error>
        </testcase>
        <testcase name="testgetRecordName" file="/home/vitex/Projects/Multi/php-vitexsoftware-multiflexi-core/tests/src/MultiFlexi/LoggerTest.php" line="107" class="Test\MultiFlexi\LoggerTest" classname="Test.MultiFlexi.LoggerTest" assertions="1" time="0.004845">
          <skipped/>
        </testcase>
        <testcase name="testcolumns" file="/home/vitex/Projects/Multi/php-vitexsoftware-multiflexi-core/tests/src/MultiFlexi/LoggerTest.php" line="71" class="Test\MultiFlexi\LoggerTest" classname="Test.MultiFlexi.LoggerTest" assertions="1" time="0.007083">
          <failure type="PHPUnit\Framework\ExpectationFailedException">Test\MultiFlexi\LoggerTest::testcolumns
[...] does not match expected type "string".

/home/vitex/Projects/Multi/php-vitexsoftware-multiflexi-core/tests/src/MultiFlexi/LoggerTest.php:73</failure>
        </testcase>
        <testcase name="testdismis" file="/home/vitex/Projects/Multi/php-vitexsoftware-multiflexi-core/tests/src/MultiFlexi/LoggerTest.php" line="59" class="Test\MultiFlexi\LoggerTest" classname="Test.MultiFlexi.LoggerTest" assertions="0" time="0.013005">
          <error type="PDOException">Test\MultiFlexi\LoggerTest::testdismis
PDOException: SQLSTATE[42S22]: Column not found: 1054 Unknown column 'resolved' in 'SET'

/home/vitex/Projects/Multi/php-vitexsoftware-multiflexi-core/vendor/fpdo/fluentpdo/src/Queries/Base.php:508
/home/vitex/Projects/Multi/php-vitexsoftware-multiflexi-core/vendor/fpdo/fluentpdo/src/Queries/Base.php:203
/home/vitex/Projects/Multi/php-vitexsoftware-multiflexi-core/vendor/fpdo/fluentpdo/src/Queries/Update.php:89
/home/vitex/Projects/Multi/php-vitexsoftware-multiflexi-core/src/MultiFlexi/Logger.php:72
/home/vitex/Projects/Multi/php-vitexsoftware-multiflexi-core/tests/src/MultiFlexi/LoggerTest.php:61</error>
        </testcase>
        <testcase name="testcolumnDefs" file="/home/vitex/Projects/Multi/php-vitexsoftware-multiflexi-core/tests/src/MultiFlexi/LoggerTest.php" line="95" class="Test\MultiFlexi\LoggerTest" classname="Test.MultiFlexi.LoggerTest" assertions="1" time="0.007214">
          <failure type="PHPUnit\Framework\ExpectationFailedException">Test\MultiFlexi\LoggerTest::testcolumnDefs
Failed asserting that two strings are equal.
--- Expected
+++ Actual
@@ @@
-''
+'\n
+"columnDefs": [\n
+           // { "visible": false,  "targets": [ 0 ] }\n
+        ]\n
+,\n
+'

/home/vitex/Projects/Multi/php-vitexsoftware-multiflexi-core/tests/src/MultiFlexi/LoggerTest.php:97</failure>
        </testcase>
      </testsuite>
      <testsuite name="Test\MultiFlexi\SchedulerTest" file="/home/vitex/Projects/Multi/php-vitexsoftware-multiflexi-core/tests/src/MultiFlexi/SchedulerTest.php" tests="2" assertions="1" errors="1" failures="1" skipped="0" time="0.021981">
        <testcase name="testaddJob" file="/home/vitex/Projects/Multi/php-vitexsoftware-multiflexi-core/tests/src/MultiFlexi/SchedulerTest.php" line="49" class="Test\MultiFlexi\SchedulerTest" classname="Test.MultiFlexi.SchedulerTest" assertions="0" time="0.006424">
          <error type="ArgumentCountError">Test\MultiFlexi\SchedulerTest::testaddJob
ArgumentCountError: Too few arguments to function MultiFlexi\Scheduler::addJob(), 0 passed in /home/vitex/Projects/Multi/php-vitexsoftware-multiflexi-core/tests/src/MultiFlexi/SchedulerTest.php on line 51 and exactly 2 expected

/home/vitex/Projects/Multi/php-vitexsoftware-multiflexi-core/src/MultiFlexi/Scheduler.php:35
/home/vitex/Projects/Multi/php-vitexsoftware-multiflexi-core/tests/src/MultiFlexi/SchedulerTest.php:51</error>
        </testcase>
        <testcase name="testgetCurrentJobs" file="/home/vitex/Projects/Multi/php-vitexsoftware-multiflexi-core/tests/src/MultiFlexi/SchedulerTest.php" line="61" class="Test\MultiFlexi\SchedulerTest" classname="Test.MultiFlexi.SchedulerTest" assertions="1" time="0.015557">
          <failure type="PHPUnit\Framework\ExpectationFailedException">Test\MultiFlexi\SchedulerTest::testgetCurrentJobs
Failed asserting that Envms\FluentPDO\Queries\Select Object #7453 (
    'totalTime' =&gt; null,
    'executionTime' =&gt; null,
    'object' =&gt; false,
    'fluent' =&gt; Envms\FluentPDO\Query Object #7458 (
        'pdo' =&gt; PDO Object #7295 (),
        'structure' =&gt; Envms\FluentPDO\Structure Object #7443 (
            'primaryKey' =&gt; 'id',
            'foreignKey' =&gt; '%s_id',
        ),
        'debug' =&gt; false,
        'convertRead' =&gt; true,
        'convertWrite' =&gt; false,
        'exceptionOnError' =&gt; true,
        'table' =&gt; 'schedule',
        'prefix' =&gt; '',
        'separator' =&gt; '',
    ),
    'result' =&gt; null,
    'clauses' =&gt; Array &amp;0 [
        'SELECT' =&gt; ', ',
        'FROM' =&gt; null,
        'JOIN' =&gt; Array &amp;1 [
            0 =&gt; Envms\FluentPDO\Queries\Select Object #7453,
            1 =&gt; 'getClauseJoin',
        ],
        'WHERE' =&gt; Array &amp;2 [
            0 =&gt; Envms\FluentPDO\Queries\Select Object #7453,
            1 =&gt; 'getClauseWhere',
        ],
        'GROUP BY' =&gt; ',',
        'HAVING' =&gt; ' AND ',
        'ORDER BY' =&gt; ', ',
        'LIMIT' =&gt; null,
        'OFFSET' =&gt; null,
        '\n
--' =&gt; '\n
--',
    ],
    'statements' =&gt; Array &amp;3 [
        'SELECT' =&gt; Array &amp;4 [
            0 =&gt; 'schedule.*',
        ],
        'FROM' =&gt; 'schedule',
        'JOIN' =&gt; Array &amp;5 [],
        'WHERE' =&gt; Array &amp;6 [
            0 =&gt; Array &amp;7 [
                0 =&gt; 'AND',
                1 =&gt; 'UNIX_TIMESTAMP(after) &lt; UNIX_TIMESTAMP(NOW())',
            ],
        ],
        'GROUP BY' =&gt; Array &amp;8 [],
        'HAVING' =&gt; Array &amp;9 [],
        'ORDER BY' =&gt; Array &amp;10 [
            0 =&gt; 'after',
        ],
        'LIMIT' =&gt; null,
        'OFFSET' =&gt; null,
        '\n
--' =&gt; Array &amp;11 [],
    ],
    'parameters' =&gt; Array &amp;12 [
        'SELECT' =&gt; Array &amp;13 [],
        'FROM' =&gt; null,
        'JOIN' =&gt; Array &amp;14 [],
        'WHERE' =&gt; Array &amp;15 [],
        'GROUP BY' =&gt; Array &amp;16 [],
        'HAVING' =&gt; Array &amp;17 [],
        'ORDER BY' =&gt; Array &amp;18 [],
        'LIMIT' =&gt; null,
        'OFFSET' =&gt; null,
        '\n
--' =&gt; Array &amp;19 [],
    ],
    'regex' =&gt; Envms\FluentPDO\Regex Object #3135 (),
    'message' =&gt; '',
    'currentFetchMode' =&gt; 0,
    'validMethods' =&gt; Array &amp;20 [
        0 =&gt; 'comment',
        1 =&gt; 'from',
        2 =&gt; 'fullJoin',
        3 =&gt; 'group',
        4 =&gt; 'groupBy',
        5 =&gt; 'having',
        6 =&gt; 'innerJoin',
        7 =&gt; 'join',
        8 =&gt; 'leftJoin',
        9 =&gt; 'limit',
        10 =&gt; 'offset',
        11 =&gt; 'order',
        12 =&gt; 'orderBy',
        13 =&gt; 'outerJoin',
        14 =&gt; 'rightJoin',
    ],
    'joins' =&gt; Array &amp;21 [
        0 =&gt; 'schedule',
    ],
    'isSmartJoinEnabled' =&gt; true,
    'fromTable' =&gt; 'schedule',
    'fromAlias' =&gt; 'schedule',
) matches expected ''.

/home/vitex/Projects/Multi/php-vitexsoftware-multiflexi-core/tests/src/MultiFlexi/SchedulerTest.php:63</failure>
        </testcase>
      </testsuite>
      <testsuite name="Test\MultiFlexi\UserTest" file="/home/vitex/Projects/Multi/php-vitexsoftware-multiflexi-core/tests/src/MultiFlexi/UserTest.php" tests="31" assertions="0" errors="31" failures="0" skipped="0" time="0.000000">
        <testcase name="testgetIcon" file="/home/vitex/Projects/Multi/php-vitexsoftware-multiflexi-core/tests/src/MultiFlexi/UserTest.php" line="49" class="Test\MultiFlexi\UserTest" classname="Test.MultiFlexi.UserTest" assertions="0" time="0.000000">
          <error type="Error">Test\MultiFlexi\UserTest::testgetIcon
Error: Interface "MultiFlexi\Ui\columns" not found

/home/vitex/Projects/Multi/php-vitexsoftware-multiflexi-core/src/MultiFlexi/User.php:26
/home/vitex/Projects/Multi/php-vitexsoftware-multiflexi-core/tests/src/MultiFlexi/UserTest.php:33</error>
        </testcase>
        <testcase name="testgetId" file="/home/vitex/Projects/Multi/php-vitexsoftware-multiflexi-core/tests/src/MultiFlexi/UserTest.php" line="61" class="Test\MultiFlexi\UserTest" classname="Test.MultiFlexi.UserTest" assertions="0" time="0.000000">
          <error type="Error">Test\MultiFlexi\UserTest::testgetId
Error: Interface "MultiFlexi\Ui\columns" not found

/home/vitex/Projects/Multi/php-vitexsoftware-multiflexi-core/src/MultiFlexi/User.php:26
/home/vitex/Projects/Multi/php-vitexsoftware-multiflexi-core/tests/src/MultiFlexi/UserTest.php:33</error>
        </testcase>
        <testcase name="testgetUserName" file="/home/vitex/Projects/Multi/php-vitexsoftware-multiflexi-core/tests/src/MultiFlexi/UserTest.php" line="73" class="Test\MultiFlexi\UserTest" classname="Test.MultiFlexi.UserTest" assertions="0" time="0.000000">
          <error type="Error">Test\MultiFlexi\UserTest::testgetUserName
Error: Interface "MultiFlexi\Ui\columns" not found

/home/vitex/Projects/Multi/php-vitexsoftware-multiflexi-core/src/MultiFlexi/User.php:26
/home/vitex/Projects/Multi/php-vitexsoftware-multiflexi-core/tests/src/MultiFlexi/UserTest.php:33</error>
        </testcase>
        <testcase name="testgetRecordName" file="/home/vitex/Projects/Multi/php-vitexsoftware-multiflexi-core/tests/src/MultiFlexi/UserTest.php" line="85" class="Test\MultiFlexi\UserTest" classname="Test.MultiFlexi.UserTest" assertions="0" time="0.000000">
          <error type="Error">Test\MultiFlexi\UserTest::testgetRecordName
Error: Interface "MultiFlexi\Ui\columns" not found

/home/vitex/Projects/Multi/php-vitexsoftware-multiflexi-core/src/MultiFlexi/User.php:26
/home/vitex/Projects/Multi/php-vitexsoftware-multiflexi-core/tests/src/MultiFlexi/UserTest.php:33</error>
        </testcase>
        <testcase name="testgetEmail" file="/home/vitex/Projects/Multi/php-vitexsoftware-multiflexi-core/tests/src/MultiFlexi/UserTest.php" line="97" class="Test\MultiFlexi\UserTest" classname="Test.MultiFlexi.UserTest" assertions="0" time="0.000000">
          <error type="Error">Test\MultiFlexi\UserTest::testgetEmail
Error: Interface "MultiFlexi\Ui\columns" not found

/home/vitex/Projects/Multi/php-vitexsoftware-multiflexi-core/src/MultiFlexi/User.php:26
/home/vitex/Projects/Multi/php-vitexsoftware-multiflexi-core/tests/src/MultiFlexi/UserTest.php:33</error>
        </testcase>
        <testcase name="testtryToLogin" file="/home/vitex/Projects/Multi/php-vitexsoftware-multiflexi-core/tests/src/MultiFlexi/UserTest.php" line="109" class="Test\MultiFlexi\UserTest" classname="Test.MultiFlexi.UserTest" assertions="0" time="0.000000">
          <error type="Error">Test\MultiFlexi\UserTest::testtryToLogin
Error: Interface "MultiFlexi\Ui\columns" not found

/home/vitex/Projects/Multi/php-vitexsoftware-multiflexi-core/src/MultiFlexi/User.php:26
/home/vitex/Projects/Multi/php-vitexsoftware-multiflexi-core/tests/src/MultiFlexi/UserTest.php:33</error>
        </testcase>
        <testcase name="testpasswordValidation" file="/home/vitex/Projects/Multi/php-vitexsoftware-multiflexi-core/tests/src/MultiFlexi/UserTest.php" line="121" class="Test\MultiFlexi\UserTest" classname="Test.MultiFlexi.UserTest" assertions="0" time="0.000000">
          <error type="Error">Test\MultiFlexi\UserTest::testpasswordValidation
Error: Interface "MultiFlexi\Ui\columns" not found

/home/vitex/Projects/Multi/php-vitexsoftware-multiflexi-core/src/MultiFlexi/User.php:26
/home/vitex/Projects/Multi/php-vitexsoftware-multiflexi-core/tests/src/MultiFlexi/UserTest.php:33</error>
        </testcase>
        <testcase name="testloginSuccess" file="/home/vitex/Projects/Multi/php-vitexsoftware-multiflexi-core/tests/src/MultiFlexi/UserTest.php" line="133" class="Test\MultiFlexi\UserTest" classname="Test.MultiFlexi.UserTest" assertions="0" time="0.000000">
          <error type="Error">Test\MultiFlexi\UserTest::testloginSuccess
Error: Interface "MultiFlexi\Ui\columns" not found

/home/vitex/Projects/Multi/php-vitexsoftware-multiflexi-core/src/MultiFlexi/User.php:26
/home/vitex/Projects/Multi/php-vitexsoftware-multiflexi-core/tests/src/MultiFlexi/UserTest.php:33</error>
        </testcase>
        <testcase name="testlogout" file="/home/vitex/Projects/Multi/php-vitexsoftware-multiflexi-core/tests/src/MultiFlexi/UserTest.php" line="145" class="Test\MultiFlexi\UserTest" classname="Test.MultiFlexi.UserTest" assertions="0" time="0.000000">
          <error type="Error">Test\MultiFlexi\UserTest::testlogout
Error: Interface "MultiFlexi\Ui\columns" not found

/home/vitex/Projects/Multi/php-vitexsoftware-multiflexi-core/src/MultiFlexi/User.php:26
/home/vitex/Projects/Multi/php-vitexsoftware-multiflexi-core/tests/src/MultiFlexi/UserTest.php:33</error>
        </testcase>
        <testcase name="testencryptPassword" file="/home/vitex/Projects/Multi/php-vitexsoftware-multiflexi-core/tests/src/MultiFlexi/UserTest.php" line="157" class="Test\MultiFlexi\UserTest" classname="Test.MultiFlexi.UserTest" assertions="0" time="0.000000">
          <error type="Error">Test\MultiFlexi\UserTest::testencryptPassword
Error: Interface "MultiFlexi\Ui\columns" not found

/home/vitex/Projects/Multi/php-vitexsoftware-multiflexi-core/src/MultiFlexi/User.php:26
/home/vitex/Projects/Multi/php-vitexsoftware-multiflexi-core/tests/src/MultiFlexi/UserTest.php:33</error>
        </testcase>
        <testcase name="testpasswordChange" file="/home/vitex/Projects/Multi/php-vitexsoftware-multiflexi-core/tests/src/MultiFlexi/UserTest.php" line="169" class="Test\MultiFlexi\UserTest" classname="Test.MultiFlexi.UserTest" assertions="0" time="0.000000">
          <error type="Error">Test\MultiFlexi\UserTest::testpasswordChange
Error: Interface "MultiFlexi\Ui\columns" not found

/home/vitex/Projects/Multi/php-vitexsoftware-multiflexi-core/src/MultiFlexi/User.php:26
/home/vitex/Projects/Multi/php-vitexsoftware-multiflexi-core/tests/src/MultiFlexi/UserTest.php:33</error>
        </testcase>
        <testcase name="testcolumnDefs" file="/home/vitex/Projects/Multi/php-vitexsoftware-multiflexi-core/tests/src/MultiFlexi/UserTest.php" line="181" class="Test\MultiFlexi\UserTest" classname="Test.MultiFlexi.UserTest" assertions="0" time="0.000000">
          <error type="Error">Test\MultiFlexi\UserTest::testcolumnDefs
Error: Interface "MultiFlexi\Ui\columns" not found

/home/vitex/Projects/Multi/php-vitexsoftware-multiflexi-core/src/MultiFlexi/User.php:26
/home/vitex/Projects/Multi/php-vitexsoftware-multiflexi-core/tests/src/MultiFlexi/UserTest.php:33</error>
        </testcase>
        <testcase name="testsingleton" file="/home/vitex/Projects/Multi/php-vitexsoftware-multiflexi-core/tests/src/MultiFlexi/UserTest.php" line="193" class="Test\MultiFlexi\UserTest" classname="Test.MultiFlexi.UserTest" assertions="0" time="0.000000">
          <error type="Error">Test\MultiFlexi\UserTest::testsingleton
Error: Interface "MultiFlexi\Ui\columns" not found

/home/vitex/Projects/Multi/php-vitexsoftware-multiflexi-core/src/MultiFlexi/User.php:26
/home/vitex/Projects/Multi/php-vitexsoftware-multiflexi-core/tests/src/MultiFlexi/UserTest.php:33</error>
        </testcase>
        <testcase name="testsetUpDb" file="/home/vitex/Projects/Multi/php-vitexsoftware-multiflexi-core/tests/src/MultiFlexi/UserTest.php" line="205" class="Test\MultiFlexi\UserTest" classname="Test.MultiFlexi.UserTest" assertions="0" time="0.000000">
          <error type="Error">Test\MultiFlexi\UserTest::testsetUpDb
Error: Interface "MultiFlexi\Ui\columns" not found

/home/vitex/Projects/Multi/php-vitexsoftware-multiflexi-core/src/MultiFlexi/User.php:26
/home/vitex/Projects/Multi/php-vitexsoftware-multiflexi-core/tests/src/MultiFlexi/UserTest.php:33</error>
        </testcase>
        <testcase name="testsetUp" file="/home/vitex/Projects/Multi/php-vitexsoftware-multiflexi-core/tests/src/MultiFlexi/UserTest.php" line="217" class="Test\MultiFlexi\UserTest" classname="Test.MultiFlexi.UserTest" assertions="0" time="0.000000">
          <error type="Error">Test\MultiFlexi\UserTest::testsetUp
Error: Interface "MultiFlexi\Ui\columns" not found

/home/vitex/Projects/Multi/php-vitexsoftware-multiflexi-core/src/MultiFlexi/User.php:26
/home/vitex/Projects/Multi/php-vitexsoftware-multiflexi-core/tests/src/MultiFlexi/UserTest.php:33</error>
        </testcase>
        <testcase name="testpdoConnect" file="/home/vitex/Projects/Multi/php-vitexsoftware-multiflexi-core/tests/src/MultiFlexi/UserTest.php" line="229" class="Test\MultiFlexi\UserTest" classname="Test.MultiFlexi.UserTest" assertions="0" time="0.000000">
          <error type="Error">Test\MultiFlexi\UserTest::testpdoConnect
Error: Interface "MultiFlexi\Ui\columns" not found

/home/vitex/Projects/Multi/php-vitexsoftware-multiflexi-core/src/MultiFlexi/User.php:26
/home/vitex/Projects/Multi/php-vitexsoftware-multiflexi-core/tests/src/MultiFlexi/UserTest.php:33</error>
        </testcase>
        <testcase name="testgetPdo" file="/home/vitex/Projects/Multi/php-vitexsoftware-multiflexi-core/tests/src/MultiFlexi/UserTest.php" line="241" class="Test\MultiFlexi\UserTest" classname="Test.MultiFlexi.UserTest" assertions="0" time="0.000000">
          <error type="Error">Test\MultiFlexi\UserTest::testgetPdo
Error: Interface "MultiFlexi\Ui\columns" not found

/home/vitex/Projects/Multi/php-vitexsoftware-multiflexi-core/src/MultiFlexi/User.php:26
/home/vitex/Projects/Multi/php-vitexsoftware-multiflexi-core/tests/src/MultiFlexi/UserTest.php:33</error>
        </testcase>
        <testcase name="testgetFluentPDO" file="/home/vitex/Projects/Multi/php-vitexsoftware-multiflexi-core/tests/src/MultiFlexi/UserTest.php" line="253" class="Test\MultiFlexi\UserTest" classname="Test.MultiFlexi.UserTest" assertions="0" time="0.000000">
          <error type="Error">Test\MultiFlexi\UserTest::testgetFluentPDO
Error: Interface "MultiFlexi\Ui\columns" not found

/home/vitex/Projects/Multi/php-vitexsoftware-multiflexi-core/src/MultiFlexi/User.php:26
/home/vitex/Projects/Multi/php-vitexsoftware-multiflexi-core/tests/src/MultiFlexi/UserTest.php:33</error>
        </testcase>
        <testcase name="testlistingQuery" file="/home/vitex/Projects/Multi/php-vitexsoftware-multiflexi-core/tests/src/MultiFlexi/UserTest.php" line="265" class="Test\MultiFlexi\UserTest" classname="Test.MultiFlexi.UserTest" assertions="0" time="0.000000">
          <error type="Error">Test\MultiFlexi\UserTest::testlistingQuery
Error: Interface "MultiFlexi\Ui\columns" not found

/home/vitex/Projects/Multi/php-vitexsoftware-multiflexi-core/src/MultiFlexi/User.php:26
/home/vitex/Projects/Multi/php-vitexsoftware-multiflexi-core/tests/src/MultiFlexi/UserTest.php:33</error>
        </testcase>
        <testcase name="testgetColumnsFromSQL" file="/home/vitex/Projects/Multi/php-vitexsoftware-multiflexi-core/tests/src/MultiFlexi/UserTest.php" line="277" class="Test\MultiFlexi\UserTest" classname="Test.MultiFlexi.UserTest" assertions="0" time="0.000000">
          <error type="Error">Test\MultiFlexi\UserTest::testgetColumnsFromSQL
Error: Interface "MultiFlexi\Ui\columns" not found

/home/vitex/Projects/Multi/php-vitexsoftware-multiflexi-core/src/MultiFlexi/User.php:26
/home/vitex/Projects/Multi/php-vitexsoftware-multiflexi-core/tests/src/MultiFlexi/UserTest.php:33</error>
        </testcase>
        <testcase name="testgetDataFromSQL" file="/home/vitex/Projects/Multi/php-vitexsoftware-multiflexi-core/tests/src/MultiFlexi/UserTest.php" line="289" class="Test\MultiFlexi\UserTest" classname="Test.MultiFlexi.UserTest" assertions="0" time="0.000000">
          <error type="Error">Test\MultiFlexi\UserTest::testgetDataFromSQL
Error: Interface "MultiFlexi\Ui\columns" not found

/home/vitex/Projects/Multi/php-vitexsoftware-multiflexi-core/src/MultiFlexi/User.php:26
/home/vitex/Projects/Multi/php-vitexsoftware-multiflexi-core/tests/src/MultiFlexi/UserTest.php:33</error>
        </testcase>
        <testcase name="testloadFromSQL" file="/home/vitex/Projects/Multi/php-vitexsoftware-multiflexi-core/tests/src/MultiFlexi/UserTest.php" line="301" class="Test\MultiFlexi\UserTest" classname="Test.MultiFlexi.UserTest" assertions="0" time="0.000000">
          <error type="Error">Test\MultiFlexi\UserTest::testloadFromSQL
Error: Interface "MultiFlexi\Ui\columns" not found

/home/vitex/Projects/Multi/php-vitexsoftware-multiflexi-core/src/MultiFlexi/User.php:26
/home/vitex/Projects/Multi/php-vitexsoftware-multiflexi-core/tests/src/MultiFlexi/UserTest.php:33</error>
        </testcase>
        <testcase name="testdbreload" file="/home/vitex/Projects/Multi/php-vitexsoftware-multiflexi-core/tests/src/MultiFlexi/UserTest.php" line="313" class="Test\MultiFlexi\UserTest" classname="Test.MultiFlexi.UserTest" assertions="0" time="0.000000">
          <error type="Error">Test\MultiFlexi\UserTest::testdbreload
Error: Interface "MultiFlexi\Ui\columns" not found

/home/vitex/Projects/Multi/php-vitexsoftware-multiflexi-core/src/MultiFlexi/User.php:26
/home/vitex/Projects/Multi/php-vitexsoftware-multiflexi-core/tests/src/MultiFlexi/UserTest.php:33</error>
        </testcase>
        <testcase name="testdbsync" file="/home/vitex/Projects/Multi/php-vitexsoftware-multiflexi-core/tests/src/MultiFlexi/UserTest.php" line="325" class="Test\MultiFlexi\UserTest" classname="Test.MultiFlexi.UserTest" assertions="0" time="0.000000">
          <error type="Error">Test\MultiFlexi\UserTest::testdbsync
Error: Interface "MultiFlexi\Ui\columns" not found

/home/vitex/Projects/Multi/php-vitexsoftware-multiflexi-core/src/MultiFlexi/User.php:26
/home/vitex/Projects/Multi/php-vitexsoftware-multiflexi-core/tests/src/MultiFlexi/UserTest.php:33</error>
        </testcase>
        <testcase name="testupdateToSQL" file="/home/vitex/Projects/Multi/php-vitexsoftware-multiflexi-core/tests/src/MultiFlexi/UserTest.php" line="337" class="Test\MultiFlexi\UserTest" classname="Test.MultiFlexi.UserTest" assertions="0" time="0.000000">
          <error type="Error">Test\MultiFlexi\UserTest::testupdateToSQL
Error: Interface "MultiFlexi\Ui\columns" not found

/home/vitex/Projects/Multi/php-vitexsoftware-multiflexi-core/src/MultiFlexi/User.php:26
/home/vitex/Projects/Multi/php-vitexsoftware-multiflexi-core/tests/src/MultiFlexi/UserTest.php:33</error>
        </testcase>
        <testcase name="testsaveToSQL" file="/home/vitex/Projects/Multi/php-vitexsoftware-multiflexi-core/tests/src/MultiFlexi/UserTest.php" line="349" class="Test\MultiFlexi\UserTest" classname="Test.MultiFlexi.UserTest" assertions="0" time="0.000000">
          <error type="Error">Test\MultiFlexi\UserTest::testsaveToSQL
Error: Interface "MultiFlexi\Ui\columns" not found

/home/vitex/Projects/Multi/php-vitexsoftware-multiflexi-core/src/MultiFlexi/User.php:26
/home/vitex/Projects/Multi/php-vitexsoftware-multiflexi-core/tests/src/MultiFlexi/UserTest.php:33</error>
        </testcase>
        <testcase name="testinsertToSQL" file="/home/vitex/Projects/Multi/php-vitexsoftware-multiflexi-core/tests/src/MultiFlexi/UserTest.php" line="361" class="Test\MultiFlexi\UserTest" classname="Test.MultiFlexi.UserTest" assertions="0" time="0.000000">
          <error type="Error">Test\MultiFlexi\UserTest::testinsertToSQL
Error: Interface "MultiFlexi\Ui\columns" not found

/home/vitex/Projects/Multi/php-vitexsoftware-multiflexi-core/src/MultiFlexi/User.php:26
/home/vitex/Projects/Multi/php-vitexsoftware-multiflexi-core/tests/src/MultiFlexi/UserTest.php:33</error>
        </testcase>
        <testcase name="testdeleteFromSQL" file="/home/vitex/Projects/Multi/php-vitexsoftware-multiflexi-core/tests/src/MultiFlexi/UserTest.php" line="373" class="Test\MultiFlexi\UserTest" classname="Test.MultiFlexi.UserTest" assertions="0" time="0.000000">
          <error type="Error">Test\MultiFlexi\UserTest::testdeleteFromSQL
Error: Interface "MultiFlexi\Ui\columns" not found

/home/vitex/Projects/Multi/php-vitexsoftware-multiflexi-core/src/MultiFlexi/User.php:26
/home/vitex/Projects/Multi/php-vitexsoftware-multiflexi-core/tests/src/MultiFlexi/UserTest.php:33</error>
        </testcase>
        <testcase name="testtakeToData" file="/home/vitex/Projects/Multi/php-vitexsoftware-multiflexi-core/tests/src/MultiFlexi/UserTest.php" line="385" class="Test\MultiFlexi\UserTest" classname="Test.MultiFlexi.UserTest" assertions="0" time="0.000000">
          <error type="Error">Test\MultiFlexi\UserTest::testtakeToData
Error: Interface "MultiFlexi\Ui\columns" not found

/home/vitex/Projects/Multi/php-vitexsoftware-multiflexi-core/src/MultiFlexi/User.php:26
/home/vitex/Projects/Multi/php-vitexsoftware-multiflexi-core/tests/src/MultiFlexi/UserTest.php:33</error>
        </testcase>
        <testcase name="testgetMyTable" file="/home/vitex/Projects/Multi/php-vitexsoftware-multiflexi-core/tests/src/MultiFlexi/UserTest.php" line="395" class="Test\MultiFlexi\UserTest" classname="Test.MultiFlexi.UserTest" assertions="0" time="0.000000">
          <error type="Error">Test\MultiFlexi\UserTest::testgetMyTable
Error: Interface "MultiFlexi\Ui\columns" not found

/home/vitex/Projects/Multi/php-vitexsoftware-multiflexi-core/src/MultiFlexi/User.php:26
/home/vitex/Projects/Multi/php-vitexsoftware-multiflexi-core/tests/src/MultiFlexi/UserTest.php:33</error>
        </testcase>
        <testcase name="testsetMyTable" file="/home/vitex/Projects/Multi/php-vitexsoftware-multiflexi-core/tests/src/MultiFlexi/UserTest.php" line="405" class="Test\MultiFlexi\UserTest" classname="Test.MultiFlexi.UserTest" assertions="0" time="0.000000">
          <error type="Error">Test\MultiFlexi\UserTest::testsetMyTable
Error: Interface "MultiFlexi\Ui\columns" not found

/home/vitex/Projects/Multi/php-vitexsoftware-multiflexi-core/src/MultiFlexi/User.php:26
/home/vitex/Projects/Multi/php-vitexsoftware-multiflexi-core/tests/src/MultiFlexi/UserTest.php:33</error>
        </testcase>
      </testsuite>
      <testsuite name="Test\MultiFlexi\TokenTest" file="/home/vitex/Projects/Multi/php-vitexsoftware-multiflexi-core/tests/src/MultiFlexi/TokenTest.php" tests="2" assertions="2" errors="0" failures="0" skipped="2" time="0.014562">
        <testcase name="testgenerate" file="/home/vitex/Projects/Multi/php-vitexsoftware-multiflexi-core/tests/src/MultiFlexi/TokenTest.php" line="61" class="Test\MultiFlexi\TokenTest" classname="Test.MultiFlexi.TokenTest" assertions="1" time="0.007730">
          <skipped/>
        </testcase>
        <testcase name="testgetUser" file="/home/vitex/Projects/Multi/php-vitexsoftware-multiflexi-core/tests/src/MultiFlexi/TokenTest.php" line="49" class="Test\MultiFlexi\TokenTest" classname="Test.MultiFlexi.TokenTest" assertions="1" time="0.006832">
          <skipped/>
        </testcase>
      </testsuite>
      <testsuite name="Test\MultiFlexi\ZabbixSenderTest" file="/home/vitex/Projects/Multi/php-vitexsoftware-multiflexi-core/tests/src/MultiFlexi/ZabbixSenderTest.php" tests="3" assertions="0" errors="3" failures="0" skipped="0" time="0.000000">
        <testcase name="testpreparePayload" file="/home/vitex/Projects/Multi/php-vitexsoftware-multiflexi-core/tests/src/MultiFlexi/ZabbixSenderTest.php" line="49" class="Test\MultiFlexi\ZabbixSenderTest" classname="Test.MultiFlexi.ZabbixSenderTest" assertions="0" time="0.000000">
          <error type="Error">Test\MultiFlexi\ZabbixSenderTest::testpreparePayload
Error: Class "MultiFlexi\Zabbix\ZabbixSender" not found

/home/vitex/Projects/Multi/php-vitexsoftware-multiflexi-core/src/MultiFlexi/ZabbixSender.php:28
/home/vitex/Projects/Multi/php-vitexsoftware-multiflexi-core/tests/src/MultiFlexi/ZabbixSenderTest.php:33</error>
        </testcase>
        <testcase name="testzbxCreateHeader" file="/home/vitex/Projects/Multi/php-vitexsoftware-multiflexi-core/tests/src/MultiFlexi/ZabbixSenderTest.php" line="61" class="Test\MultiFlexi\ZabbixSenderTest" classname="Test.MultiFlexi.ZabbixSenderTest" assertions="0" time="0.000000">
          <error type="Error">Test\MultiFlexi\ZabbixSenderTest::testzbxCreateHeader
Error: Class "MultiFlexi\Zabbix\ZabbixSender" not found

/home/vitex/Projects/Multi/php-vitexsoftware-multiflexi-core/src/MultiFlexi/ZabbixSender.php:28
/home/vitex/Projects/Multi/php-vitexsoftware-multiflexi-core/tests/src/MultiFlexi/ZabbixSenderTest.php:33</error>
        </testcase>
        <testcase name="testsend" file="/home/vitex/Projects/Multi/php-vitexsoftware-multiflexi-core/tests/src/MultiFlexi/ZabbixSenderTest.php" line="73" class="Test\MultiFlexi\ZabbixSenderTest" classname="Test.MultiFlexi.ZabbixSenderTest" assertions="0" time="0.000000">
          <error type="Error">Test\MultiFlexi\ZabbixSenderTest::testsend
Error: Class "MultiFlexi\Zabbix\ZabbixSender" not found

/home/vitex/Projects/Multi/php-vitexsoftware-multiflexi-core/src/MultiFlexi/ZabbixSender.php:28
/home/vitex/Projects/Multi/php-vitexsoftware-multiflexi-core/tests/src/MultiFlexi/ZabbixSenderTest.php:33</error>
        </testcase>
      </testsuite>
      <testsuite name="MultiFlexi\Tests\platformServerTest" file="/home/vitex/Projects/Multi/php-vitexsoftware-multiflexi-core/tests/src/MultiFlexi/platformServerTest.php" tests="2" assertions="0" errors="2" failures="0" skipped="0" time="0.018651">
        <testcase name="testSomeFunctionality" file="/home/vitex/Projects/Multi/php-vitexsoftware-multiflexi-core/tests/src/MultiFlexi/platformServerTest.php" line="29" class="MultiFlexi\Tests\platformServerTest" classname="MultiFlexi.Tests.platformServerTest" assertions="0" time="0.006425">
          <error type="Error">MultiFlexi\Tests\platformServerTest::testSomeFunctionality
Error: Cannot instantiate interface MultiFlexi\platformServer

/home/vitex/Projects/Multi/php-vitexsoftware-multiflexi-core/tests/src/MultiFlexi/platformServerTest.php:31</error>
        </testcase>
        <testcase name="testInitialization" file="/home/vitex/Projects/Multi/php-vitexsoftware-multiflexi-core/tests/src/MultiFlexi/platformServerTest.php" line="23" class="MultiFlexi\Tests\platformServerTest" classname="MultiFlexi.Tests.platformServerTest" assertions="0" time="0.012226">
          <error type="Error">MultiFlexi\Tests\platformServerTest::testInitialization
Error: Cannot instantiate interface MultiFlexi\platformServer

/home/vitex/Projects/Multi/php-vitexsoftware-multiflexi-core/tests/src/MultiFlexi/platformServerTest.php:25</error>
        </testcase>
      </testsuite>
      <testsuite name="Test\MultiFlexi\CustomerTest" file="/home/vitex/Projects/Multi/php-vitexsoftware-multiflexi-core/tests/src/MultiFlexi/CustomerTest.php" tests="3" assertions="3" errors="0" failures="2" skipped="1" time="0.024017">
        <testcase name="testSleep" file="/home/vitex/Projects/Multi/php-vitexsoftware-multiflexi-core/tests/src/MultiFlexi/CustomerTest.php" line="73" class="Test\MultiFlexi\CustomerTest" classname="Test.MultiFlexi.CustomerTest" assertions="1" time="0.007993">
          <failure type="PHPUnit\Framework\ExpectationFailedException">Test\MultiFlexi\CustomerTest::testSleep
[...] does not match expected type "string".

/home/vitex/Projects/Multi/php-vitexsoftware-multiflexi-core/tests/src/MultiFlexi/CustomerTest.php:75</failure>
        </testcase>
        <testcase name="testcolumns" file="/home/vitex/Projects/Multi/php-vitexsoftware-multiflexi-core/tests/src/MultiFlexi/CustomerTest.php" line="61" class="Test\MultiFlexi\CustomerTest" classname="Test.MultiFlexi.CustomerTest" assertions="1" time="0.009585">
          <failure type="PHPUnit\Framework\ExpectationFailedException">Test\MultiFlexi\CustomerTest::testcolumns
[...] does not match expected type "string".

/home/vitex/Projects/Multi/php-vitexsoftware-multiflexi-core/tests/src/MultiFlexi/CustomerTest.php:63</failure>
        </testcase>
        <testcase name="testgetUserName" file="/home/vitex/Projects/Multi/php-vitexsoftware-multiflexi-core/tests/src/MultiFlexi/CustomerTest.php" line="49" class="Test\MultiFlexi\CustomerTest" classname="Test.MultiFlexi.CustomerTest" assertions="1" time="0.006439">
          <skipped/>
        </testcase>
      </testsuite>
    </testsuite>
  </testsuite>
</testsuites>
